\BOOKMARK [1][-]{section.0.1}{\376\377\004\033\004\070\004\102\004\065\004\100\004\060\004\102\004\103\004\100\004\060}{}% 1
\BOOKMARK [0][-]{chapter.1}{\376\377\004\042\004\065\004\076\004\100\004\070\004\117\000\040\004\074\004\065\004\100\004\113}{}% 2
\BOOKMARK [1][-]{section.1.1}{\376\377\004\034\004\065\004\100\004\113}{chapter.1}% 3
\BOOKMARK [1][-]{section.1.2}{\376\377\004\036\004\061\004\076\004\061\004\111\004\065\004\075\004\070\004\117}{chapter.1}% 4
\BOOKMARK [2][-]{subsection.1.2.1}{\376\377\004\036\004\061\004\073\004\060\004\101\004\102\004\114\000\040\004\067\004\060\004\064\004\060\004\075\004\070\004\117\000\040\004\074\004\065\004\100\004\113\000\040\000\050\004\101\004\070\004\101\004\102\004\065\004\074\004\113\000\040\004\074\004\075\004\076\004\066\004\065\004\101\004\102\004\062\000\051}{section.1.2}% 5
\BOOKMARK [1][-]{section.1.3}{\376\377\004\037\004\076\004\063\004\076\004\062\004\076\004\100\004\070\004\074\000\040\004\077\004\100\004\076\000\040\004\070\004\075\004\102\004\065\004\063\004\100\004\060\004\073}{chapter.1}% 6
\BOOKMARK [2][-]{subsection.1.3.1}{\376\377\004\037\004\100\004\076\000\040\004\101\004\107\004\121\004\102\004\075\004\103\004\116\000\040\004\060\004\064\004\064\004\070\004\102\004\070\004\062\004\075\004\076\004\101\004\102\004\114}{section.1.3}% 7
\BOOKMARK [2][-]{subsection.1.3.2}{\376\377\004\037\004\100\004\076\004\064\004\076\004\073\004\066\004\065\004\075\004\070\004\065\000\040\004\074\004\065\004\100\004\113}{section.1.3}% 8
\BOOKMARK [2][-]{subsection.1.3.3}{\376\377\004\037\004\100\004\065\004\064\004\074\004\065\004\100\004\060}{section.1.3}% 9
\BOOKMARK [1][-]{section.1.4}{\376\377\004\041\004\102\004\100\004\103\004\072\004\102\004\103\004\100\004\060\000\040\004\070\004\067\004\074\004\065\004\100\004\070\004\074\004\113\004\105\000\040\004\074\004\075\004\076\004\066\004\065\004\101\004\102\004\062}{chapter.1}% 10
\BOOKMARK [2][-]{subsection.1.4.1}{\376\377\004\034\004\075\004\076\004\066\004\065\004\101\004\102\004\062\004\060\000\040\004\074\004\065\004\100\004\113\000\040\004\075\004\103\004\073\004\114}{section.1.4}% 11
\BOOKMARK [1][-]{section.1.5}{\376\377\004\024\004\062\004\076\004\070\004\107\004\075\004\113\004\065\000\040\000\050\004\064\004\070\004\060\004\064\004\070\004\107\004\065\004\101\004\072\004\070\004\065\000\051\000\040\004\072\004\103\004\061\004\113}{chapter.1}% 12
\BOOKMARK [2][-]{subsection.1.5.1}{\376\377\004\037\004\076\004\062\004\065\004\064\004\065\004\075\004\070\004\065\000\040\004\074\004\065\004\100\004\113\000\040\004\033\004\065\004\061\004\065\004\063\004\060\000\040\004\077\004\100\004\070\000\040\004\073\004\070\004\075\004\065\004\071\004\075\004\113\004\105\000\040\004\076\004\102\004\076\004\061\004\100\004\060\004\066\004\065\004\075\004\070\004\117\004\105}{section.1.5}% 13
\BOOKMARK [0][-]{chapter.2}{\376\377\004\030\004\075\004\102\004\065\004\063\004\100\004\060\004\073\000\040\004\033\004\065\004\061\004\065\004\063\004\060}{}% 14
\BOOKMARK [1][-]{section.2.1}{\376\377\004\030\004\067\004\074\004\065\004\100\004\070\004\074\004\113\004\065\000\040\004\076\004\102\004\076\004\061\004\100\004\060\004\066\004\065\004\075\004\070\004\117}{chapter.2}% 15
\BOOKMARK [1][-]{section.2.2}{\376\377\004\023\004\100\004\060\004\075\004\070\000\040\004\070\000\040\004\077\004\100\004\065\004\064\004\065\004\073\004\114\004\075\004\113\004\065\000\040\004\077\004\065\004\100\004\065\004\105\004\076\004\064\004\113}{chapter.2}% 16
\BOOKMARK [1][-]{section.2.3}{\376\377\004\030\004\075\004\102\004\065\004\063\004\100\004\060\004\073}{chapter.2}% 17
\BOOKMARK [1][-]{section.2.4}{\376\377\004\037\004\100\004\070\004\074\004\065\004\075\004\065\004\075\004\070\004\117\000\040\004\070\004\075\004\102\004\065\004\063\004\100\004\060\004\073\004\060}{chapter.2}% 18
\BOOKMARK [1][-]{section.2.5}{\376\377\004\030\004\075\004\102\004\065\004\063\004\100\004\060\004\073\004\113\000\040\004\076\004\102\000\040\004\067\004\075\004\060\004\072\004\076\004\077\004\065\004\100\004\065\004\074\004\065\004\075\004\075\004\113\004\105\000\040\004\104\004\103\004\075\004\072\004\106\004\070\004\071}{chapter.2}% 19
\BOOKMARK [2][-]{subsection.2.5.1}{\376\377\004\037\004\100\004\076\000\040\004\073\004\070\004\075\004\065\004\071\004\075\004\076\004\101\004\102\004\114\000\040\004\070\004\075\004\102\004\065\004\063\004\100\004\060\004\073\004\060}{section.2.5}% 20
\BOOKMARK [1][-]{section.2.6}{\376\377\004\037\004\100\004\070\004\061\004\073\004\070\004\066\004\065\004\075\004\070\004\065\000\040\004\104\004\103\004\075\004\072\004\106\004\070\004\071\000\040\004\070\004\067\000\040\004\072\004\073\004\060\004\101\004\101\004\060\000\040\000L\000p}{chapter.2}% 21
\BOOKMARK [2][-]{subsection.2.6.1}{\376\377\004\041\004\062\004\117\004\067\004\114\000\040\004\070\004\075\004\102\004\065\004\063\004\100\004\060\004\073\004\076\004\062\000\040\004\033\004\065\004\061\004\065\004\063\004\060\000\040\004\070\000\040\004\040\004\070\004\074\004\060\004\075\004\060}{section.2.6}% 22
\BOOKMARK [1][-]{section.2.7}{\376\377\004\042\004\065\004\076\004\100\004\065\004\074\004\113\000\040\004\042\004\076\004\075\004\065\004\073\004\073\004\070\000\040\004\070\000\040\004\044\004\103\004\061\004\070\004\075\004\070}{chapter.2}% 23
\BOOKMARK [2][-]{subsection.2.7.1}{\376\377\004\032\004\060\004\072\000\040\004\077\004\100\004\070\004\074\004\065\004\075\004\117\004\102\004\114}{section.2.7}% 24
\BOOKMARK [1][-]{section.2.8}{\376\377\004\041\004\062\004\121\004\100\004\102\004\072\004\070\000.\000\040\004\037\004\100\004\070\004\061\004\073\004\070\004\066\004\065\004\075\004\070\004\065\000\040\004\104\004\103\004\075\004\072\004\106\004\070\004\071\000\040\004\101\000\040\004\077\004\076\004\074\004\076\004\111\004\114\004\116\000\040\004\101\004\062\004\121\004\100\004\102\004\076\004\072}{chapter.2}% 25
