\BOOKMARK [0][-]{chapter.1}{\376\377\004\020\004\073\004\063\004\065\004\061\004\100\004\060\004\070\004\107\004\065\004\101\004\072\004\060\004\117\000\040\004\102\004\076\004\077\004\076\004\073\004\076\004\063\004\070\004\117}{}% 1
\BOOKMARK [1][-]{section.1.1}{\376\377\004\037\004\100\004\070\004\074\004\065\004\075\004\065\004\075\004\070\004\117\000\040\004\104\004\103\004\075\004\064\004\060\004\074\004\065\004\075\004\102\004\060\004\073\004\114\004\075\004\076\004\071\000\040\004\063\004\100\004\103\004\077\004\077\004\113}{chapter.1}% 2
\BOOKMARK [1][-]{section.1.2}{\376\377\004\042\004\065\004\076\004\100\004\065\004\074\004\060\000\040\004\026\004\076\004\100\004\064\004\060\004\075\004\060}{chapter.1}% 3
\BOOKMARK [1][-]{section.1.3}{\376\377\004\040\004\065\004\102\004\100\004\060\004\072\004\106\004\070\004\117\000.\000\040\004\023\004\076\004\074\004\076\004\102\004\076\004\077\004\070\004\107\004\065\004\101\004\072\004\060\004\117\000\040\004\115\004\072\004\062\004\070\004\062\004\060\004\073\004\065\004\075\004\102\004\075\004\076\004\101\004\102\004\114}{chapter.1}% 4
\BOOKMARK [1][-]{section.1.4}{\376\377\004\023\004\076\004\074\004\076\004\102\004\076\004\077\004\070\004\107\004\065\004\101\004\072\004\060\004\117\000\040\004\115\004\072\004\062\004\070\004\062\004\060\004\073\004\065\004\075\004\102\004\075\004\076\004\101\004\102\004\114}{chapter.1}% 5
\BOOKMARK [1][-]{section.1.5}{\376\377\004\037\004\060\004\100\004\113\000\040\004\021\004\076\004\100\004\101\004\103\004\072\004\060}{chapter.1}% 6
\BOOKMARK [1][-]{section.1.6}{\376\377\004\032\004\073\004\065\004\102\004\076\004\107\004\075\004\060\004\117\000\040\004\077\004\060\004\100\004\060\000\040\040\024\000\040\004\077\004\060\004\100\004\060\000\040\004\021\004\076\004\100\004\101\004\103\004\072\004\060}{chapter.1}% 7
\BOOKMARK [1][-]{section.1.7}{\376\377\004\023\004\076\004\074\004\076\004\102\004\076\004\077\004\070\004\107\004\065\004\101\004\072\004\060\004\117\000\040\004\115\004\072\004\062\004\070\004\062\004\060\004\073\004\065\004\075\004\102\004\075\004\076\004\101\004\102\004\114\000\040\004\070\000\040\004\104\004\103\004\075\004\064\004\060\004\074\004\065\004\075\004\102\004\060\004\073\004\114\004\075\004\060\004\117\000\040\004\063\004\100\004\103\004\077\004\077\004\060}{chapter.1}% 8
\BOOKMARK [1][-]{section.1.8}{\376\377\004\035\004\060\004\072\004\100\004\113\004\102\004\070\004\117}{chapter.1}% 9
\BOOKMARK [2][-]{subsection.1.8.1}{\376\377\004\034\004\076\004\100\004\104\004\070\004\067\004\074\004\113\000\040\004\075\004\060\004\072\004\100\004\113\004\102\004\070\004\071}{section.1.8}% 10
\BOOKMARK [2][-]{subsection.1.8.2}{\376\377\004\030\004\065\004\100\004\060\004\100\004\105\004\070\004\117\000\040\004\075\004\060\004\072\004\100\004\113\004\102\004\070\004\071\000\040\004\101\000\040\004\076\004\061\004\111\004\065\004\071\000\040\004\061\004\060\004\067\004\076\004\071}{section.1.8}% 11
\BOOKMARK [1][-]{section.1.9}{\376\377\004\044\004\103\004\075\004\064\004\060\004\074\004\065\004\075\004\102\004\060\004\073\004\114\004\075\004\113\004\065\000\040\004\063\004\100\004\103\004\077\004\077\004\113\000\040\004\072\004\073\004\065\004\102\004\076\004\107\004\075\004\113\004\105\000\040\004\077\004\100\004\076\004\101\004\102\004\100\004\060\004\075\004\101\004\102\004\062\000\040\000\050\000C\000W\000-\004\072\004\076\004\074\004\077\004\073\004\065\004\072\004\101\004\076\004\062\000\051\000.\000\040\004\042\004\065\004\076\004\100\004\065\004\074\004\060\000\040\004\027\004\065\004\071\004\104\004\065\004\100\004\102\004\060\000\040\040\024\000\040\004\062\004\060\004\075\000\040\004\032\004\060\004\074\004\077\004\065\004\075\004\060}{chapter.1}% 12
\BOOKMARK [2][-]{subsection.1.9.1}{\376\377\004\037\004\073\004\060\004\075}{section.1.9}% 13
\BOOKMARK [2][-]{subsection.1.9.2}{\376\377\004\044\004\103\004\075\004\064\004\060\004\074\004\065\004\075\004\102\004\060\004\073\004\114\004\075\004\060\004\117\000\040\004\063\004\100\004\103\004\077\004\077\004\060\000\040\004\072\004\076\004\075\004\065\004\107\004\075\004\076\004\063\004\076\000\040\004\063\004\100\004\060\004\104\004\060}{section.1.9}% 14
\BOOKMARK [2][-]{subsection.1.9.3}{\376\377\004\042\004\065\004\076\004\100\004\065\004\074\004\060\000\040\004\027\004\065\004\071\004\104\004\065\004\100\004\102\004\060\000\040\040\024\000\040\004\062\004\060\004\075\000\040\004\032\004\060\004\074\004\077\004\065\004\075\004\060}{section.1.9}% 15
\BOOKMARK [2][-]{subsection.1.9.4}{\376\377\004\044\004\103\004\075\004\064\004\060\004\074\004\065\004\075\004\102\004\060\004\073\004\114\004\075\004\113\004\065\000\040\004\063\004\100\004\103\004\077\004\077\004\113\000\040\004\076\004\101\004\075\004\076\004\062\004\075\004\113\004\105\000\040\004\077\004\076\004\062\004\065\004\100\004\105\004\075\004\076\004\101\004\102\004\065\004\071}{section.1.9}% 16
\BOOKMARK [1][-]{section.1.10}{\376\377\004\037\004\076\004\101\004\102\004\100\004\076\004\065\004\075\004\070\004\065\000\040\004\103\004\075\004\070\004\062\004\065\004\100\004\101\004\060\004\073\004\114\004\075\004\076\004\063\004\076\000\040\004\075\004\060\004\072\004\100\004\113\004\102\004\070\004\117}{chapter.1}% 17
\BOOKMARK [0][-]{chapter.2}{\376\377\004\024\004\070\004\104\004\104\004\065\004\100\004\065\004\075\004\106\004\070\004\060\004\073\004\114\004\075\004\060\004\117\000\040\004\063\004\065\004\076\004\074\004\065\004\102\004\100\004\070\004\117}{}% 18
\BOOKMARK [1][-]{section.2.1}{\376\377\004\024\004\070\004\104\004\104\004\065\004\100\004\065\004\075\004\106\004\070\004\060\004\073\004\114\004\075\004\060\004\117\000\040\004\063\004\065\004\076\004\074\004\065\004\102\004\100\004\070\004\117\000\040\004\072\004\100\004\070\004\062\004\113\004\105}{chapter.2}% 19
\BOOKMARK [2][-]{subsection.2.1.1}{\376\377\004\037\004\060\004\100\004\060\004\074\004\065\004\102\004\100\004\070\004\067\004\060\004\106\004\070\004\117\000\040\004\072\004\100\004\070\004\062\004\076\004\071\000\040\004\064\004\073\004\070\004\075\004\076\004\071\000\040\004\064\004\103\004\063\004\070}{section.2.1}% 20
\BOOKMARK [1][-]{section.2.2}{\376\377\004\032\004\100\004\070\004\062\004\070\004\067\004\075\004\060\000\040\004\077\004\073\004\076\004\101\004\072\004\076\004\071\000\040\004\072\004\100\004\070\004\062\004\076\004\071\000,\000\040\004\061\004\060\004\067\004\070\004\101\000\040\004\044\004\100\004\065\004\075\004\065}{chapter.2}% 21
\BOOKMARK [2][-]{subsection.2.2.1}{\376\377\004\044\004\076\004\100\004\074\004\103\004\073\004\113\000\040\004\044\004\100\004\065\004\075\004\065}{section.2.2}% 22
\BOOKMARK [2][-]{subsection.2.2.2}{\376\377\004\037\004\076\004\062\004\076\004\100\004\076\004\102\000\040\004\072\004\100\004\070\004\062\004\076\004\071}{section.2.2}% 23
\BOOKMARK [2][-]{subsection.2.2.3}{\376\377\004\027\004\060\004\074\004\072\004\075\004\103\004\102\004\113\004\065\000\040\004\072\004\100\004\070\004\062\004\113\004\065}{section.2.2}% 24
\BOOKMARK [2][-]{subsection.2.2.4}{\376\377\004\022\004\113\004\077\004\103\004\072\004\073\004\113\004\065\000\040\004\072\004\100\004\070\004\062\004\113\004\065\000\040\004\075\004\060\000\040\004\077\004\073\004\076\004\101\004\072\004\076\004\101\004\102\004\070}{section.2.2}% 25
\BOOKMARK [1][-]{section.2.3}{\376\377\004\032\004\100\004\070\004\062\004\113\004\065\000\040\004\062\000\040\004\101\004\102\004\060\004\100\004\110\004\070\004\105\000\040\004\100\004\060\004\067\004\074\004\065\004\100\004\075\004\076\004\101\004\102\004\117\004\105}{chapter.2}% 26
\BOOKMARK [1][-]{section.2.4}{\376\377\004\032\004\100\004\070\004\062\004\113\004\065\000\040\004\062\000\040\000R\0003\000,\000\040\004\072\004\100\004\103\004\107\004\065\004\075\004\070\004\065\000\040\004\072\004\100\004\070\004\062\004\113\004\105}{chapter.2}% 27
\BOOKMARK [2][-]{subsection.2.4.1}{\376\377\004\041\004\072\004\076\004\100\004\076\004\101\004\102\004\114\000\040\004\103\004\105\004\076\004\064\004\060\000\040\004\076\004\102\000\040\004\101\004\076\004\077\004\100\004\070\004\072\004\060\004\101\004\060\004\116\004\111\004\065\004\071\004\101\004\117\000\040\004\077\004\073\004\076\004\101\004\072\004\076\004\101\004\102\004\070}{section.2.4}% 28
\BOOKMARK [1][-]{section.2.5}{\376\377\004\021\004\060\004\067\004\070\004\101\000\040\004\044\004\100\004\065\004\075\004\065\000\040\004\070\000\040\004\072\004\100\004\070\004\062\004\070\004\067\004\075\004\113\000\040\004\062\000\040\000R\000n}{chapter.2}% 29
\BOOKMARK [1][-]{section.2.6}{\376\377\0002\000-\004\074\004\065\004\100\004\075\004\113\004\065\000\040\004\077\004\076\004\062\004\065\004\100\004\105\004\075\004\076\004\101\004\102\004\070\000\040\004\062\000\040\000R\0003}{chapter.2}% 30
\BOOKMARK [2][-]{subsection.2.6.1}{\376\377\004\033\004\076\004\072\004\060\004\073\004\114\004\075\004\060\004\117\000\040\004\077\004\060\004\100\004\060\004\074\004\065\004\102\004\100\004\070\004\067\004\060\004\106\004\070\004\117}{section.2.6}% 31
\BOOKMARK [2][-]{subsection.2.6.2}{\376\377\004\023\004\073\004\060\004\064\004\072\004\070\004\065\000\040\004\104\004\103\004\075\004\072\004\106\004\070\004\070\000\040\004\075\004\060\000\040\004\077\004\076\004\062\004\065\004\100\004\105\004\075\004\076\004\101\004\102\004\070}{section.2.6}% 32
\BOOKMARK [2][-]{subsection.2.6.3}{\376\377\004\037\004\100\004\076\004\070\004\067\004\062\004\076\004\064\004\075\004\060\004\117\000\040\004\077\004\076\000\040\004\075\004\060\004\077\004\100\004\060\004\062\004\073\004\065\004\075\004\070\004\116}{section.2.6}% 33
\BOOKMARK [1][-]{section.2.7}{\376\377\004\037\004\065\004\100\004\062\004\060\004\117\000\040\004\072\004\062\004\060\004\064\004\100\004\060\004\102\004\070\004\107\004\075\004\060\004\117\000\040\004\104\004\076\004\100\004\074\004\060\000\040\004\077\004\076\004\062\004\065\004\100\004\105\004\075\004\076\004\101\004\102\004\070}{chapter.2}% 34
\BOOKMARK [2][-]{subsection.2.7.1}{\376\377\000I\000\040\004\104\004\076\004\100\004\074\004\060\000\040\004\077\004\100\004\070\000\040\004\067\004\060\004\074\004\065\004\075\004\065\000\040\004\072\004\076\004\076\004\100\004\064\004\070\004\075\004\060\004\102}{section.2.7}% 35
\BOOKMARK [2][-]{subsection.2.7.2}{\376\377\004\030\004\067\004\076\004\074\004\065\004\102\004\100\004\070\004\070}{section.2.7}% 36
\BOOKMARK [1][-]{section.2.8}{\376\377\004\022\004\102\004\076\004\100\004\060\004\117\000\040\004\072\004\062\004\060\004\064\004\100\004\060\004\102\004\070\004\107\004\075\004\060\004\117\000\040\004\104\004\076\004\100\004\074\004\060}{chapter.2}% 37
\BOOKMARK [2][-]{subsection.2.8.1}{\376\377\004\041\004\077\004\065\004\106\004\070\004\060\004\073\004\114\004\075\004\113\004\065\000\040\004\072\004\076\004\076\004\100\004\064\004\070\004\075\004\060\004\102\004\113\000.\000\040\004\041\004\076\004\077\004\100\004\070\004\072\004\060\004\101\004\060\004\116\004\111\004\070\004\071\004\101\004\117\000\040\004\077\004\060\004\100\004\060\004\061\004\076\004\073\004\076\004\070\004\064}{section.2.8}% 38
\BOOKMARK [2][-]{subsection.2.8.2}{\376\377\004\023\004\060\004\103\004\101\004\101\004\076\004\062\004\076\000\040\004\076\004\102\004\076\004\061\004\100\004\060\004\066\004\065\004\075\004\070\004\065}{section.2.8}% 39
\BOOKMARK [2][-]{subsection.2.8.3}{\376\377\004\036\004\077\004\065\004\100\004\060\004\102\004\076\004\100\000\040\004\022\004\060\004\071\004\075\004\063\004\060\004\100\004\102\004\065\004\075\004\060}{section.2.8}% 40
\BOOKMARK [2][-]{subsection.2.8.4}{\376\377\004\022\004\113\004\100\004\060\004\066\004\065\004\075\004\070\004\065\000\040\004\075\004\076\004\100\004\074\004\060\004\073\004\114\004\075\004\076\004\071\000\040\004\072\004\100\004\070\004\062\004\070\004\067\004\075\004\113\000\040\004\107\004\065\004\100\004\065\004\067\000\040\004\072\004\062\004\060\004\064\004\100\004\060\004\102\004\070\004\107\004\075\004\113\004\065\000\040\004\104\004\076\004\100\004\074\004\113}{section.2.8}% 41
\BOOKMARK [1][-]{section.2.9}{\376\377\004\044\004\076\004\100\004\074\004\103\004\073\004\113\000\040\004\102\004\070\004\077\004\060\000\040\004\044\004\100\004\065\004\075\004\065}{chapter.2}% 42
\BOOKMARK [1][-]{section.2.10}{\376\377\004\022\004\113\004\107\004\070\004\101\004\073\004\065\004\075\004\070\004\065\000\040\004\063\004\073\004\060\004\062\004\075\004\113\004\105\000\040\004\072\004\100\004\070\004\062\004\070\004\067\004\075\000\040\004\070\000\040\004\075\004\060\004\077\004\100\004\060\004\062\004\073\004\065\004\075\004\070\004\071\000\040\004\062\000\040\004\072\004\076\004\076\004\100\004\064\004\070\004\075\004\060\004\102\004\060\004\105}{chapter.2}% 43
\BOOKMARK [1][-]{section.2.11}{\376\377\004\032\004\076\004\062\004\060\004\100\004\070\004\060\004\075\004\102\004\075\004\060\004\117\000\040\004\077\004\100\004\076\004\070\004\067\004\062\004\076\004\064\004\075\004\060\004\117}{chapter.2}% 44
\BOOKMARK [2][-]{subsection.2.11.1}{\376\377\004\022\004\113\004\107\004\070\004\101\004\073\004\065\004\075\004\070\004\117\000\040\004\062\000\040\004\072\004\076\004\076\004\100\004\064\004\070\004\075\004\060\004\102\004\060\004\105\000.\000\040\004\041\004\070\004\074\004\062\004\076\004\073\004\113\000\040\004\032\004\100\004\070\004\101\004\102\004\076\004\104\004\104\004\065\004\073\004\117}{section.2.11}% 45
\BOOKMARK [2][-]{subsection.2.11.2}{\376\377\004\027\004\060\004\107\004\065\004\074\000\040\004\075\004\103\004\066\004\075\004\113\000\040\004\101\004\070\004\074\004\062\004\076\004\073\004\113\000\040\004\032\004\100\004\070\004\101\004\102\004\076\004\104\004\104\004\065\004\073\004\117}{section.2.11}% 46
\BOOKMARK [1][-]{section.2.12}{\376\377\004\022\004\113\004\077\004\103\004\072\004\073\004\113\004\065\000\040\004\077\004\076\004\062\004\065\004\100\004\105\004\075\004\076\004\101\004\102\004\070}{chapter.2}% 47
