This is pdfTeX, Version 3.141592653-2.6-1.40.22 (TeX Live 2022/dev/Debian) (preloaded format=pdflatex 2023.5.31)  26 FEB 2024 16:32
entering extended mode
 restricted \write18 enabled.
 file:line:error style messages enabled.
 %&-line parsing enabled.
**algebra-2.tex
(./algebra-2.tex
LaTeX2e <2021-11-15> patch level 1
L3 programming layer <2022-01-21>
(/usr/share/texlive/texmf-dist/tex/latex/base/report.cls
Document Class: report 2021/10/04 v1.4n Standard LaTeX document class
(/usr/share/texlive/texmf-dist/tex/latex/base/size10.clo
File: size10.clo 2021/10/04 v1.4n Standard LaTeX file (size option)
)
\c@part=\count185
\c@chapter=\count186
\c@section=\count187
\c@subsection=\count188
\c@subsubsection=\count189
\c@paragraph=\count190
\c@subparagraph=\count191
\c@figure=\count192
\c@table=\count193
\abovecaptionskip=\skip47
\belowcaptionskip=\skip48
\bibindent=\dimen138
)
(../mathstemplate.sty

LaTeX Warning: You have requested package `../mathstemplate',
               but the package provides `mathstemplate'.

Package: mathstemplate 2022/09/21 --- nowadays. Leonid Danilevich's personal ma
ths template
(/usr/share/texmf/tex/latex/pscyr/pscyr.sty
Package: pscyr 2002/07/04 v0.4d Cyrillic Type1 fonts as default
)
(/usr/share/texlive/texmf-dist/tex/latex/base/inputenc.sty
Package: inputenc 2021/02/14 v1.3d Input encoding file
\inpenc@prehook=\toks16
\inpenc@posthook=\toks17
)
(/usr/share/texlive/texmf-dist/tex/generic/babel/babel.sty
Package: babel 2022/01/26 3.70 The Babel package
\babel@savecnt=\count194
\U@D=\dimen139
\l@unhyphenated=\language16

(/usr/share/texlive/texmf-dist/tex/generic/babel/txtbabel.def)
\bbl@readstream=\read2
\bbl@dirlevel=\count195

(/usr/share/texlive/texmf-dist/tex/generic/babel-english/english.ldf
Language: english 2017/06/06 v3.3r English support from the babel system
Package babel Info: Hyphen rules for 'british' set to \l@english
(babel)             (\language0). Reported on input line 82.
Package babel Info: Hyphen rules for 'UKenglish' set to \l@english
(babel)             (\language0). Reported on input line 83.
Package babel Info: Hyphen rules for 'canadian' set to \l@english
(babel)             (\language0). Reported on input line 102.
Package babel Info: Hyphen rules for 'australian' set to \l@english
(babel)             (\language0). Reported on input line 105.
Package babel Info: Hyphen rules for 'newzealand' set to \l@english
(babel)             (\language0). Reported on input line 108.
)
(/usr/share/texlive/texmf-dist/tex/generic/babel-russian/russianb.ldf
File: russianb.ldf 2021/01/10 1.3m Russian support for the Babel system
Language: russian 2020/09/09 1.3k Russian support for the Babel system


Package babel Warning: No Cyrillic font encoding has been loaded so far.
(babel)                A font encoding should be declared before babel.
(babel)                Default `T2A' encoding will be loaded  on input line 78.


(/usr/share/texlive/texmf-dist/tex/latex/cyrillic/t2aenc.def
File: t2aenc.def 2005/09/27 v1.0i Cyrillic encoding definition file
Now handling font encoding T2A ...
... processing UTF-8 mapping file for font encoding T2A

(/usr/share/texlive/texmf-dist/tex/latex/base/t2aenc.dfu
File: t2aenc.dfu 2021/06/21 v1.2n UTF-8 support
   defining Unicode char U+00A4 (decimal 164)
   defining Unicode char U+00A7 (decimal 167)
   defining Unicode char U+00AB (decimal 171)
   defining Unicode char U+00BB (decimal 187)
   defining Unicode char U+0131 (decimal 305)
   defining Unicode char U+0237 (decimal 567)
   defining Unicode char U+0400 (decimal 1024)
   defining Unicode char U+0401 (decimal 1025)
   defining Unicode char U+0402 (decimal 1026)
   defining Unicode char U+0403 (decimal 1027)
   defining Unicode char U+0404 (decimal 1028)
   defining Unicode char U+0405 (decimal 1029)
   defining Unicode char U+0406 (decimal 1030)
   defining Unicode char U+0407 (decimal 1031)
   defining Unicode char U+0408 (decimal 1032)
   defining Unicode char U+0409 (decimal 1033)
   defining Unicode char U+040A (decimal 1034)
   defining Unicode char U+040B (decimal 1035)
   defining Unicode char U+040C (decimal 1036)
   defining Unicode char U+040D (decimal 1037)
   defining Unicode char U+040E (decimal 1038)
   defining Unicode char U+040F (decimal 1039)
   defining Unicode char U+0410 (decimal 1040)
   defining Unicode char U+0411 (decimal 1041)
   defining Unicode char U+0412 (decimal 1042)
   defining Unicode char U+0413 (decimal 1043)
   defining Unicode char U+0414 (decimal 1044)
   defining Unicode char U+0415 (decimal 1045)
   defining Unicode char U+0416 (decimal 1046)
   defining Unicode char U+0417 (decimal 1047)
   defining Unicode char U+0418 (decimal 1048)
   defining Unicode char U+0419 (decimal 1049)
   defining Unicode char U+041A (decimal 1050)
   defining Unicode char U+041B (decimal 1051)
   defining Unicode char U+041C (decimal 1052)
   defining Unicode char U+041D (decimal 1053)
   defining Unicode char U+041E (decimal 1054)
   defining Unicode char U+041F (decimal 1055)
   defining Unicode char U+0420 (decimal 1056)
   defining Unicode char U+0421 (decimal 1057)
   defining Unicode char U+0422 (decimal 1058)
   defining Unicode char U+0423 (decimal 1059)
   defining Unicode char U+0424 (decimal 1060)
   defining Unicode char U+0425 (decimal 1061)
   defining Unicode char U+0426 (decimal 1062)
   defining Unicode char U+0427 (decimal 1063)
   defining Unicode char U+0428 (decimal 1064)
   defining Unicode char U+0429 (decimal 1065)
   defining Unicode char U+042A (decimal 1066)
   defining Unicode char U+042B (decimal 1067)
   defining Unicode char U+042C (decimal 1068)
   defining Unicode char U+042D (decimal 1069)
   defining Unicode char U+042E (decimal 1070)
   defining Unicode char U+042F (decimal 1071)
   defining Unicode char U+0430 (decimal 1072)
   defining Unicode char U+0431 (decimal 1073)
   defining Unicode char U+0432 (decimal 1074)
   defining Unicode char U+0433 (decimal 1075)
   defining Unicode char U+0434 (decimal 1076)
   defining Unicode char U+0435 (decimal 1077)
   defining Unicode char U+0436 (decimal 1078)
   defining Unicode char U+0437 (decimal 1079)
   defining Unicode char U+0438 (decimal 1080)
   defining Unicode char U+0439 (decimal 1081)
   defining Unicode char U+043A (decimal 1082)
   defining Unicode char U+043B (decimal 1083)
   defining Unicode char U+043C (decimal 1084)
   defining Unicode char U+043D (decimal 1085)
   defining Unicode char U+043E (decimal 1086)
   defining Unicode char U+043F (decimal 1087)
   defining Unicode char U+0440 (decimal 1088)
   defining Unicode char U+0441 (decimal 1089)
   defining Unicode char U+0442 (decimal 1090)
   defining Unicode char U+0443 (decimal 1091)
   defining Unicode char U+0444 (decimal 1092)
   defining Unicode char U+0445 (decimal 1093)
   defining Unicode char U+0446 (decimal 1094)
   defining Unicode char U+0447 (decimal 1095)
   defining Unicode char U+0448 (decimal 1096)
   defining Unicode char U+0449 (decimal 1097)
   defining Unicode char U+044A (decimal 1098)
   defining Unicode char U+044B (decimal 1099)
   defining Unicode char U+044C (decimal 1100)
   defining Unicode char U+044D (decimal 1101)
   defining Unicode char U+044E (decimal 1102)
   defining Unicode char U+044F (decimal 1103)
   defining Unicode char U+0450 (decimal 1104)
   defining Unicode char U+0451 (decimal 1105)
   defining Unicode char U+0452 (decimal 1106)
   defining Unicode char U+0453 (decimal 1107)
   defining Unicode char U+0454 (decimal 1108)
   defining Unicode char U+0455 (decimal 1109)
   defining Unicode char U+0456 (decimal 1110)
   defining Unicode char U+0457 (decimal 1111)
   defining Unicode char U+0458 (decimal 1112)
   defining Unicode char U+0459 (decimal 1113)
   defining Unicode char U+045A (decimal 1114)
   defining Unicode char U+045B (decimal 1115)
   defining Unicode char U+045C (decimal 1116)
   defining Unicode char U+045D (decimal 1117)
   defining Unicode char U+045E (decimal 1118)
   defining Unicode char U+045F (decimal 1119)
   defining Unicode char U+0490 (decimal 1168)
   defining Unicode char U+0491 (decimal 1169)
   defining Unicode char U+0492 (decimal 1170)
   defining Unicode char U+0493 (decimal 1171)
   defining Unicode char U+0496 (decimal 1174)
   defining Unicode char U+0497 (decimal 1175)
   defining Unicode char U+0498 (decimal 1176)
   defining Unicode char U+0499 (decimal 1177)
   defining Unicode char U+049A (decimal 1178)
   defining Unicode char U+049B (decimal 1179)
   defining Unicode char U+049C (decimal 1180)
   defining Unicode char U+049D (decimal 1181)
   defining Unicode char U+04A0 (decimal 1184)
   defining Unicode char U+04A1 (decimal 1185)
   defining Unicode char U+04A2 (decimal 1186)
   defining Unicode char U+04A3 (decimal 1187)
   defining Unicode char U+04A4 (decimal 1188)
   defining Unicode char U+04A5 (decimal 1189)
   defining Unicode char U+04AA (decimal 1194)
   defining Unicode char U+04AB (decimal 1195)
   defining Unicode char U+04AE (decimal 1198)
   defining Unicode char U+04AF (decimal 1199)
   defining Unicode char U+04B0 (decimal 1200)
   defining Unicode char U+04B1 (decimal 1201)
   defining Unicode char U+04B2 (decimal 1202)
   defining Unicode char U+04B3 (decimal 1203)
   defining Unicode char U+04B6 (decimal 1206)
   defining Unicode char U+04B7 (decimal 1207)
   defining Unicode char U+04B8 (decimal 1208)
   defining Unicode char U+04B9 (decimal 1209)
   defining Unicode char U+04BA (decimal 1210)
   defining Unicode char U+04BB (decimal 1211)
   defining Unicode char U+04C0 (decimal 1216)
   defining Unicode char U+04C1 (decimal 1217)
   defining Unicode char U+04C2 (decimal 1218)
   defining Unicode char U+04D0 (decimal 1232)
   defining Unicode char U+04D1 (decimal 1233)
   defining Unicode char U+04D2 (decimal 1234)
   defining Unicode char U+04D3 (decimal 1235)
   defining Unicode char U+04D4 (decimal 1236)
   defining Unicode char U+04D5 (decimal 1237)
   defining Unicode char U+04D6 (decimal 1238)
   defining Unicode char U+04D7 (decimal 1239)
   defining Unicode char U+04D8 (decimal 1240)
   defining Unicode char U+04D9 (decimal 1241)
   defining Unicode char U+04DA (decimal 1242)
   defining Unicode char U+04DB (decimal 1243)
   defining Unicode char U+04DC (decimal 1244)
   defining Unicode char U+04DD (decimal 1245)
   defining Unicode char U+04DE (decimal 1246)
   defining Unicode char U+04DF (decimal 1247)
   defining Unicode char U+04E2 (decimal 1250)
   defining Unicode char U+04E3 (decimal 1251)
   defining Unicode char U+04E4 (decimal 1252)
   defining Unicode char U+04E5 (decimal 1253)
   defining Unicode char U+04E6 (decimal 1254)
   defining Unicode char U+04E7 (decimal 1255)
   defining Unicode char U+04E8 (decimal 1256)
   defining Unicode char U+04E9 (decimal 1257)
   defining Unicode char U+04EC (decimal 1260)
   defining Unicode char U+04ED (decimal 1261)
   defining Unicode char U+04EE (decimal 1262)
   defining Unicode char U+04EF (decimal 1263)
   defining Unicode char U+04F0 (decimal 1264)
   defining Unicode char U+04F1 (decimal 1265)
   defining Unicode char U+04F2 (decimal 1266)
   defining Unicode char U+04F3 (decimal 1267)
   defining Unicode char U+04F4 (decimal 1268)
   defining Unicode char U+04F5 (decimal 1269)
   defining Unicode char U+04F8 (decimal 1272)
   defining Unicode char U+04F9 (decimal 1273)
   defining Unicode char U+200C (decimal 8204)
   defining Unicode char U+2013 (decimal 8211)
   defining Unicode char U+2014 (decimal 8212)
   defining Unicode char U+2018 (decimal 8216)
   defining Unicode char U+2019 (decimal 8217)
   defining Unicode char U+201C (decimal 8220)
   defining Unicode char U+201D (decimal 8221)
   defining Unicode char U+201E (decimal 8222)
   defining Unicode char U+2030 (decimal 8240)
   defining Unicode char U+2031 (decimal 8241)
   defining Unicode char U+2116 (decimal 8470)
   defining Unicode char U+2329 (decimal 9001)
   defining Unicode char U+232A (decimal 9002)
   defining Unicode char U+2423 (decimal 9251)
   defining Unicode char U+27E8 (decimal 10216)
   defining Unicode char U+27E9 (decimal 10217)
   defining Unicode char U+FB00 (decimal 64256)
   defining Unicode char U+FB01 (decimal 64257)
   defining Unicode char U+FB02 (decimal 64258)
   defining Unicode char U+FB03 (decimal 64259)
   defining Unicode char U+FB04 (decimal 64260)
   defining Unicode char U+FB05 (decimal 64261)
   defining Unicode char U+FB06 (decimal 64262)
))
Package babel Info: Making " an active character on input line 124.
Package babel Info: Default for \cyrdash is provided on input line 163.
))
(/usr/share/texlive/texmf-dist/tex/latex/geometry/geometry.sty
Package: geometry 2020/01/02 v5.9 Page Geometry

(/usr/share/texlive/texmf-dist/tex/latex/graphics/keyval.sty
Package: keyval 2014/10/28 v1.15 key=value parser (DPC)
\KV@toks@=\toks18
)
(/usr/share/texlive/texmf-dist/tex/generic/iftex/ifvtex.sty
Package: ifvtex 2019/10/25 v1.7 ifvtex legacy package. Use iftex instead.

(/usr/share/texlive/texmf-dist/tex/generic/iftex/iftex.sty
Package: iftex 2020/03/06 v1.0d TeX engine tests
))
\Gm@cnth=\count196
\Gm@cntv=\count197
\c@Gm@tempcnt=\count198
\Gm@bindingoffset=\dimen140
\Gm@wd@mp=\dimen141
\Gm@odd@mp=\dimen142
\Gm@even@mp=\dimen143
\Gm@layoutwidth=\dimen144
\Gm@layoutheight=\dimen145
\Gm@layouthoffset=\dimen146
\Gm@layoutvoffset=\dimen147
\Gm@dimlist=\toks19
)
(/usr/share/texlive/texmf-dist/tex/latex/parskip/parskip.sty
Package: parskip 2021-03-14 v2.0h non-zero parskip adjustments

(/usr/share/texlive/texmf-dist/tex/latex/kvoptions/kvoptions.sty
Package: kvoptions 2020-10-07 v3.14 Key value format for package options (HO)

(/usr/share/texlive/texmf-dist/tex/generic/ltxcmds/ltxcmds.sty
Package: ltxcmds 2020-05-10 v1.25 LaTeX kernel commands for general use (HO)
)
(/usr/share/texlive/texmf-dist/tex/generic/kvsetkeys/kvsetkeys.sty
Package: kvsetkeys 2019/12/15 v1.18 Key value parser (HO)
))
(/usr/share/texlive/texmf-dist/tex/latex/etoolbox/etoolbox.sty
Package: etoolbox 2020/10/05 v2.5k e-TeX tools for LaTeX (JAW)
\etb@tempcnta=\count199
))
(/usr/share/texlive/texmf-dist/tex/latex/tools/indentfirst.sty
Package: indentfirst 1995/11/23 v1.03 Indent first paragraph (DPC)
)
(/usr/share/texlive/texmf-dist/tex/latex/amsmath/amsmath.sty
Package: amsmath 2021/10/15 v2.17l AMS math features
\@mathmargin=\skip49

For additional information on amsmath, use the `?' option.
(/usr/share/texlive/texmf-dist/tex/latex/amsmath/amstext.sty
Package: amstext 2021/08/26 v2.01 AMS text

(/usr/share/texlive/texmf-dist/tex/latex/amsmath/amsgen.sty
File: amsgen.sty 1999/11/30 v2.0 generic functions
\@emptytoks=\toks20
\ex@=\dimen148
))
(/usr/share/texlive/texmf-dist/tex/latex/amsmath/amsbsy.sty
Package: amsbsy 1999/11/29 v1.2d Bold Symbols
\pmbraise@=\dimen149
)
(/usr/share/texlive/texmf-dist/tex/latex/amsmath/amsopn.sty
Package: amsopn 2021/08/26 v2.02 operator names
)
\inf@bad=\count266
LaTeX Info: Redefining \frac on input line 234.
\uproot@=\count267
\leftroot@=\count268
LaTeX Info: Redefining \overline on input line 399.
\classnum@=\count269
\DOTSCASE@=\count270
LaTeX Info: Redefining \ldots on input line 496.
LaTeX Info: Redefining \dots on input line 499.
LaTeX Info: Redefining \cdots on input line 620.
\Mathstrutbox@=\box50
\strutbox@=\box51
\big@size=\dimen150
LaTeX Font Info:    Redeclaring font encoding OML on input line 743.
LaTeX Font Info:    Redeclaring font encoding OMS on input line 744.
\macc@depth=\count271
\c@MaxMatrixCols=\count272
\dotsspace@=\muskip16
\c@parentequation=\count273
\dspbrk@lvl=\count274
\tag@help=\toks21
\row@=\count275
\column@=\count276
\maxfields@=\count277
\andhelp@=\toks22
\eqnshift@=\dimen151
\alignsep@=\dimen152
\tagshift@=\dimen153
\tagwidth@=\dimen154
\totwidth@=\dimen155
\lineht@=\dimen156
\@envbody=\toks23
\multlinegap=\skip50
\multlinetaggap=\skip51
\mathdisplay@stack=\toks24
LaTeX Info: Redefining \[ on input line 2938.
LaTeX Info: Redefining \] on input line 2939.
)
(/usr/share/texlive/texmf-dist/tex/latex/amsfonts/amssymb.sty
Package: amssymb 2013/01/14 v3.01 AMS font symbols

(/usr/share/texlive/texmf-dist/tex/latex/amsfonts/amsfonts.sty
Package: amsfonts 2013/01/14 v3.01 Basic AMSFonts support
\symAMSa=\mathgroup4
\symAMSb=\mathgroup5
LaTeX Font Info:    Redeclaring math symbol \hbar on input line 98.
LaTeX Font Info:    Overwriting math alphabet `\mathfrak' in version `bold'
(Font)                  U/euf/m/n --> U/euf/b/n on input line 106.
))
(/usr/share/texlive/texmf-dist/tex/latex/amscls/amsthm.sty
Package: amsthm 2020/05/29 v2.20.6
\thm@style=\toks25
\thm@bodyfont=\toks26
\thm@headfont=\toks27
\thm@notefont=\toks28
\thm@headpunct=\toks29
\thm@preskip=\skip52
\thm@postskip=\skip53
\thm@headsep=\skip54
\dth@everypar=\toks30
)
(/usr/share/texlive/texmf-dist/tex/latex/was/upgreek.sty
Package: upgreek 2003/02/12 v2.0 (WaS)
Package upgreek Info: Using Euler Roman for upright Greek on input line 31.
\symugrf@m=\mathgroup6
LaTeX Font Info:    Overwriting symbol font `ugrf@m' in version `bold'
(Font)                  U/eur/m/n --> U/eur/b/n on input line 38.
)
(/usr/share/texlive/texmf-dist/tex/latex/graphics/graphicx.sty
Package: graphicx 2021/09/16 v1.2d Enhanced LaTeX Graphics (DPC,SPQR)

(/usr/share/texlive/texmf-dist/tex/latex/graphics/graphics.sty
Package: graphics 2021/03/04 v1.4d Standard LaTeX Graphics (DPC,SPQR)

(/usr/share/texlive/texmf-dist/tex/latex/graphics/trig.sty
Package: trig 2021/08/11 v1.11 sin cos tan (DPC)
)
(/usr/share/texlive/texmf-dist/tex/latex/graphics-cfg/graphics.cfg
File: graphics.cfg 2016/06/04 v1.11 sample graphics configuration
)
Package graphics Info: Driver file: pdftex.def on input line 107.

(/usr/share/texlive/texmf-dist/tex/latex/graphics-def/pdftex.def
File: pdftex.def 2020/10/05 v1.2a Graphics/color driver for pdftex
))
\Gin@req@height=\dimen157
\Gin@req@width=\dimen158
)
(/usr/share/texlive/texmf-dist/tex/latex/tools/varioref.sty
Package: varioref 2021/07/07 v1.6f package for extended references (FMi)
\c@vrcnt=\count278
)
(/usr/share/texlive/texmf-dist/tex/latex/hyperref/hyperref.sty
Package: hyperref 2021-06-07 v7.00m Hypertext links for LaTeX

(/usr/share/texlive/texmf-dist/tex/generic/pdftexcmds/pdftexcmds.sty
Package: pdftexcmds 2020-06-27 v0.33 Utility functions of pdfTeX for LuaTeX (HO
)

(/usr/share/texlive/texmf-dist/tex/generic/infwarerr/infwarerr.sty
Package: infwarerr 2019/12/03 v1.5 Providing info/warning/error messages (HO)
)
Package pdftexcmds Info: \pdf@primitive is available.
Package pdftexcmds Info: \pdf@ifprimitive is available.
Package pdftexcmds Info: \pdfdraftmode found.
)
(/usr/share/texlive/texmf-dist/tex/generic/kvdefinekeys/kvdefinekeys.sty
Package: kvdefinekeys 2019-12-19 v1.6 Define keys (HO)
)
(/usr/share/texlive/texmf-dist/tex/generic/pdfescape/pdfescape.sty
Package: pdfescape 2019/12/09 v1.15 Implements pdfTeX's escape features (HO)
)
(/usr/share/texlive/texmf-dist/tex/latex/hycolor/hycolor.sty
Package: hycolor 2020-01-27 v1.10 Color options for hyperref/bookmark (HO)
)
(/usr/share/texlive/texmf-dist/tex/latex/letltxmacro/letltxmacro.sty
Package: letltxmacro 2019/12/03 v1.6 Let assignment for LaTeX macros (HO)
)
(/usr/share/texlive/texmf-dist/tex/latex/auxhook/auxhook.sty
Package: auxhook 2019-12-17 v1.6 Hooks for auxiliary files (HO)
)
\@linkdim=\dimen159
\Hy@linkcounter=\count279
\Hy@pagecounter=\count280

(/usr/share/texlive/texmf-dist/tex/latex/hyperref/pd1enc.def
File: pd1enc.def 2021-06-07 v7.00m Hyperref: PDFDocEncoding definition (HO)
Now handling font encoding PD1 ...
... no UTF-8 mapping file for font encoding PD1
)
(/usr/share/texlive/texmf-dist/tex/latex/hyperref/hyperref-langpatches.def
File: hyperref-langpatches.def 2021-06-07 v7.00m Hyperref: patches for babel la
nguages
)
(/usr/share/texlive/texmf-dist/tex/generic/intcalc/intcalc.sty
Package: intcalc 2019/12/15 v1.3 Expandable calculations with integers (HO)
)
(/usr/share/texlive/texmf-dist/tex/generic/etexcmds/etexcmds.sty
Package: etexcmds 2019/12/15 v1.7 Avoid name clashes with e-TeX commands (HO)
)
\Hy@SavedSpaceFactor=\count281

(/usr/share/texlive/texmf-dist/tex/latex/hyperref/puenc.def
File: puenc.def 2021-06-07 v7.00m Hyperref: PDF Unicode definition (HO)
Now handling font encoding PU ...
... no UTF-8 mapping file for font encoding PU
)
Package hyperref Info: Option `unicode' set `true' on input line 3167.
Package hyperref Info: Hyper figures OFF on input line 4192.
Package hyperref Info: Link nesting OFF on input line 4197.
Package hyperref Info: Hyper index ON on input line 4200.
Package hyperref Info: Plain pages OFF on input line 4207.
Package hyperref Info: Backreferencing OFF on input line 4212.
Package hyperref Info: Implicit mode ON; LaTeX internals redefined.
Package hyperref Info: Bookmarks ON on input line 4445.
\c@Hy@tempcnt=\count282

(/usr/share/texlive/texmf-dist/tex/latex/url/url.sty
\Urlmuskip=\muskip17
Package: url 2013/09/16  ver 3.4  Verb mode for urls, etc.
)
LaTeX Info: Redefining \url on input line 4804.
\XeTeXLinkMargin=\dimen160

(/usr/share/texlive/texmf-dist/tex/generic/bitset/bitset.sty
Package: bitset 2019/12/09 v1.3 Handle bit-vector datatype (HO)

(/usr/share/texlive/texmf-dist/tex/generic/bigintcalc/bigintcalc.sty
Package: bigintcalc 2019/12/15 v1.5 Expandable calculations on big integers (HO
)
))
\Fld@menulength=\count283
\Field@Width=\dimen161
\Fld@charsize=\dimen162
Package hyperref Info: Hyper figures OFF on input line 6076.
Package hyperref Info: Link nesting OFF on input line 6081.
Package hyperref Info: Hyper index ON on input line 6084.
Package hyperref Info: backreferencing OFF on input line 6091.
Package hyperref Info: Link coloring OFF on input line 6096.
Package hyperref Info: Link coloring with OCG OFF on input line 6101.
Package hyperref Info: PDF/A mode OFF on input line 6106.
LaTeX Info: Redefining \ref on input line 6146.
LaTeX Info: Redefining \pageref on input line 6150.

(/usr/share/texlive/texmf-dist/tex/latex/base/atbegshi-ltx.sty
Package: atbegshi-ltx 2021/01/10 v1.0c Emulation of the original atbegshi
package with kernel methods
)
\Hy@abspage=\count284
\c@Item=\count285
\c@Hfootnote=\count286
)
Package hyperref Info: Driver (autodetected): hpdftex.

(/usr/share/texlive/texmf-dist/tex/latex/hyperref/hpdftex.def
File: hpdftex.def 2021-06-07 v7.00m Hyperref driver for pdfTeX

(/usr/share/texlive/texmf-dist/tex/latex/base/atveryend-ltx.sty
Package: atveryend-ltx 2020/08/19 v1.0a Emulation of the original atveryend pac
kage
with kernel methods
)
\Fld@listcount=\count287
\c@bookmark@seq@number=\count288

(/usr/share/texlive/texmf-dist/tex/latex/rerunfilecheck/rerunfilecheck.sty
Package: rerunfilecheck 2019/12/05 v1.9 Rerun checks for auxiliary files (HO)

(/usr/share/texlive/texmf-dist/tex/generic/uniquecounter/uniquecounter.sty
Package: uniquecounter 2019/12/15 v1.4 Provide unlimited unique counter (HO)
)
Package uniquecounter Info: New unique counter `rerunfilecheck' on input line 2
86.
)
\Hy@SectionHShift=\skip55
)
(/usr/share/texlive/texmf-dist/tex/latex/mathtools/mathtools.sty
Package: mathtools 2021/02/02 v1.28 mathematical typesetting tools

(/usr/share/texlive/texmf-dist/tex/latex/tools/calc.sty
Package: calc 2017/05/25 v4.3 Infix arithmetic (KKT,FJ)
\calc@Acount=\count289
\calc@Bcount=\count290
\calc@Adimen=\dimen163
\calc@Bdimen=\dimen164
\calc@Askip=\skip56
\calc@Bskip=\skip57
LaTeX Info: Redefining \setlength on input line 80.
LaTeX Info: Redefining \addtolength on input line 81.
\calc@Ccount=\count291
\calc@Cskip=\skip58
)
(/usr/share/texlive/texmf-dist/tex/latex/mathtools/mhsetup.sty
Package: mhsetup 2021/03/18 v1.4 programming setup (MH)
)
\g_MT_multlinerow_int=\count292
\l_MT_multwidth_dim=\dimen165
\origjot=\skip59
\l_MT_shortvdotswithinadjustabove_dim=\dimen166
\l_MT_shortvdotswithinadjustbelow_dim=\dimen167
\l_MT_above_intertext_sep=\dimen168
\l_MT_below_intertext_sep=\dimen169
\l_MT_above_shortintertext_sep=\dimen170
\l_MT_below_shortintertext_sep=\dimen171
\xmathstrut@box=\box52
\xmathstrut@dim=\dimen172
)
(/usr/share/texlive/texmf-dist/tex/latex/jknapltx/mathrsfs.sty
Package: mathrsfs 1996/01/01 Math RSFS package v1.0 (jk)
\symrsfs=\mathgroup7
)
(/usr/share/texlive/texmf-dist/tex/latex/changepage/changepage.sty
Package: changepage 2009/10/20 v1.0c check page and change page layout
\c@cp@cntr=\count293
\cp@tempcnt=\count294
)
(/usr/share/texlive/texmf-dist/tex/latex/units/nicefrac.sty
Package: nicefrac 1998/08/04 v0.9b Nice fractions
\L@UnitsRaiseDisplaystyle=\skip60
\L@UnitsRaiseTextstyle=\skip61
\L@UnitsRaiseScriptstyle=\skip62

(/usr/share/texlive/texmf-dist/tex/latex/base/ifthen.sty
Package: ifthen 2020/11/24 v1.1c Standard LaTeX ifthen package (DPC)
))
(/usr/share/texlive/texmf-dist/tex/generic/ulem/ulem.sty
\UL@box=\box53
\UL@hyphenbox=\box54
\UL@skip=\skip63
\UL@hook=\toks31
\UL@height=\dimen173
\UL@pe=\count295
\UL@pixel=\dimen174
\ULC@box=\box55
Package: ulem 2019/11/18
\ULdepth=\dimen175
)
(/usr/share/texlive/texmf-dist/tex/latex/tensor/tensor.sty
Package: tensor 2004/12/20 v2.1 tensor indices package (PGR)
\tnsr@Sps=\toks32
\tnsr@Sbs=\toks33
\tnsr@Spe=\toks34
\tnsr@Sbe=\toks35
\ncld@Mno=\toks36
)
(/usr/share/texlive/texmf-dist/tex/latex/stmaryrd/stmaryrd.sty
Package: stmaryrd 1994/03/03 St Mary's Road symbol package
\symstmry=\mathgroup8
LaTeX Font Info:    Overwriting symbol font `stmry' in version `bold'
(Font)                  U/stmry/m/n --> U/stmry/b/n on input line 89.
)
(/usr/share/texlive/texmf-dist/tex/latex/mathtools/empheq.sty
Package: empheq 2017/03/31 v2.15 Emphasizing equations
\l_EQ_equationtype_int=\count296
\l_EQ_alignmentmode_int=\count297
\l_EQ_totalwidth_dim=\dimen176
\l_EQ_displaywidth_dim=\dimen177
\l_EQ_temp_linewidth_dim=\dimen178
\l_EQ_linewidth_dim=\dimen179
\EmphEqdelimitershortfall=\dimen180
\EmphEqdelimiterfactor=\count298
\g_EQ_toptag_height_dim=\dimen181
\g_EQ_bottomtag_depth_dim=\dimen182
\g_EQ_toprow_height_dim=\dimen183
\g_EQ_bottomrow_depth_dim=\dimen184
\g_EQ_widesttag_dim=\dimen185
\EQ_mathdisplay_box=\box56
\EQ_tag_box=\box57
\g_EQ_temprow_int=\count299
)
(/usr/share/texlive/texmf-dist/tex/generic/xstring/xstring.sty
(/usr/share/texlive/texmf-dist/tex/generic/xstring/xstring.tex
\integerpart=\count300
\decimalpart=\count301
)
Package: xstring 2021/07/21 v1.84 String manipulations (CT)
)
(/usr/share/texlive/texmf-dist/tex/latex/cleveref/cleveref.sty
Package: cleveref 2018/03/27 v0.21.4 Intelligent cross-referencing
Package cleveref Info: `hyperref' support loaded on input line 2370.
LaTeX Info: Redefining \cref on input line 2370.
LaTeX Info: Redefining \Cref on input line 2370.
LaTeX Info: Redefining \crefrange on input line 2370.
LaTeX Info: Redefining \Crefrange on input line 2370.
LaTeX Info: Redefining \cpageref on input line 2370.
LaTeX Info: Redefining \Cpageref on input line 2370.
LaTeX Info: Redefining \cpagerefrange on input line 2370.
LaTeX Info: Redefining \Cpagerefrange on input line 2370.
LaTeX Info: Redefining \labelcref on input line 2370.
LaTeX Info: Redefining \labelcpageref on input line 2370.
Package cleveref Info: `varioref' support loaded on input line 2605.
Package cleveref Info: `cleveref' supersedes `varioref's \labelformatcommand on
 input line 2605.
LaTeX Info: Redefining \vref on input line 2605.
LaTeX Info: Redefining \Vref on input line 2605.
LaTeX Info: Redefining \vrefrange on input line 2605.
LaTeX Info: Redefining \fullref on input line 2605.
Package cleveref Info: `amsthm' support loaded on input line 3026.
)
(/usr/share/texlive/texmf-dist/tex/latex/adjustbox/trimclip.sty
Package: trimclip 2020/08/19 v1.2 Trim and clip general TeX material

(/usr/share/texlive/texmf-dist/tex/latex/collectbox/collectbox.sty
Package: collectbox 2012/05/17 v0.4b Collect macro arguments as boxes
\collectedbox=\box58
)
(/usr/share/texlive/texmf-dist/tex/latex/adjustbox/adjcalc.sty
Package: adjcalc 2012/05/16 v1.1 Provides advanced setlength with multiple back
-ends (calc, etex, pgfmath)

(/usr/share/texlive/texmf-dist/tex/latex/xkeyval/xkeyval.sty
Package: xkeyval 2020/11/20 v2.8 package option processing (HA)

(/usr/share/texlive/texmf-dist/tex/generic/xkeyval/xkeyval.tex
(/usr/share/texlive/texmf-dist/tex/generic/xkeyval/xkvutils.tex
\XKV@toks=\toks37
\XKV@tempa@toks=\toks38
)
\XKV@depth=\count302
File: xkeyval.tex 2014/12/03 v2.7a key=value parser (HA)
)))
\tc@llx=\dimen186
\tc@lly=\dimen187
\tc@urx=\dimen188
\tc@ury=\dimen189
Package trimclip Info: Using driver 'tc-pdftex.def'.

(/usr/share/texlive/texmf-dist/tex/latex/adjustbox/tc-pdftex.def
File: tc-pdftex.def 2019/01/04 v2.2 Clipping driver for pdftex
))
(/usr/share/texlive/texmf-dist/tex/latex/oberdiek/centernot.sty
Package: centernot 2016/05/16 v1.4 Centers the not symbol horizontally (HO)
)
(/usr/share/texlive/texmf-dist/tex/latex/mathalpha/mathalpha.sty
Package: mathalpha 2021/11/18 - 1.143mathalpha (License LPPL) Michael Sharpe

`mathalpha' v1.143, 2021/11/18, a renaming of mathalfa (msharpe)
LaTeX Font Info:    Overwriting math alphabet `\mathscr' in version `bold'
(Font)                  U/BOONDOX-scr/m/n --> U/BOONDOX-scr/b/n on input line 9
27.
)
(/usr/share/texlive/texmf-dist/tex/latex/pgf/frontendlayer/tikz.sty
(/usr/share/texlive/texmf-dist/tex/latex/pgf/basiclayer/pgf.sty
(/usr/share/texlive/texmf-dist/tex/latex/pgf/utilities/pgfrcs.sty
(/usr/share/texlive/texmf-dist/tex/generic/pgf/utilities/pgfutil-common.tex
\pgfutil@everybye=\toks39
\pgfutil@tempdima=\dimen190
\pgfutil@tempdimb=\dimen191

(/usr/share/texlive/texmf-dist/tex/generic/pgf/utilities/pgfutil-common-lists.t
ex)) (/usr/share/texlive/texmf-dist/tex/generic/pgf/utilities/pgfutil-latex.def
\pgfutil@abb=\box59
) (/usr/share/texlive/texmf-dist/tex/generic/pgf/utilities/pgfrcs.code.tex
(/usr/share/texlive/texmf-dist/tex/generic/pgf/pgf.revision.tex)
Package: pgfrcs 2021/05/15 v3.1.9a (3.1.9a)
))
Package: pgf 2021/05/15 v3.1.9a (3.1.9a)

(/usr/share/texlive/texmf-dist/tex/latex/pgf/basiclayer/pgfcore.sty
(/usr/share/texlive/texmf-dist/tex/latex/pgf/systemlayer/pgfsys.sty
(/usr/share/texlive/texmf-dist/tex/generic/pgf/systemlayer/pgfsys.code.tex
Package: pgfsys 2021/05/15 v3.1.9a (3.1.9a)

(/usr/share/texlive/texmf-dist/tex/generic/pgf/utilities/pgfkeys.code.tex
\pgfkeys@pathtoks=\toks40
\pgfkeys@temptoks=\toks41

(/usr/share/texlive/texmf-dist/tex/generic/pgf/utilities/pgfkeysfiltered.code.t
ex
\pgfkeys@tmptoks=\toks42
))
\pgf@x=\dimen192
\pgf@y=\dimen193
\pgf@xa=\dimen194
\pgf@ya=\dimen195
\pgf@xb=\dimen196
\pgf@yb=\dimen197
\pgf@xc=\dimen198
\pgf@yc=\dimen199
\pgf@xd=\dimen256
\pgf@yd=\dimen257
\w@pgf@writea=\write3
\r@pgf@reada=\read3
\c@pgf@counta=\count303
\c@pgf@countb=\count304
\c@pgf@countc=\count305
\c@pgf@countd=\count306
\t@pgf@toka=\toks43
\t@pgf@tokb=\toks44
\t@pgf@tokc=\toks45
\pgf@sys@id@count=\count307
 (/usr/share/texlive/texmf-dist/tex/generic/pgf/systemlayer/pgf.cfg
File: pgf.cfg 2021/05/15 v3.1.9a (3.1.9a)
)
Driver file for pgf: pgfsys-pdftex.def

(/usr/share/texlive/texmf-dist/tex/generic/pgf/systemlayer/pgfsys-pdftex.def
File: pgfsys-pdftex.def 2021/05/15 v3.1.9a (3.1.9a)

(/usr/share/texlive/texmf-dist/tex/generic/pgf/systemlayer/pgfsys-common-pdf.de
f
File: pgfsys-common-pdf.def 2021/05/15 v3.1.9a (3.1.9a)
)))
(/usr/share/texlive/texmf-dist/tex/generic/pgf/systemlayer/pgfsyssoftpath.code.
tex
File: pgfsyssoftpath.code.tex 2021/05/15 v3.1.9a (3.1.9a)
\pgfsyssoftpath@smallbuffer@items=\count308
\pgfsyssoftpath@bigbuffer@items=\count309
)
(/usr/share/texlive/texmf-dist/tex/generic/pgf/systemlayer/pgfsysprotocol.code.
tex
File: pgfsysprotocol.code.tex 2021/05/15 v3.1.9a (3.1.9a)
)) (/usr/share/texlive/texmf-dist/tex/latex/xcolor/xcolor.sty
Package: xcolor 2021/10/31 v2.13 LaTeX color extensions (UK)

(/usr/share/texlive/texmf-dist/tex/latex/graphics-cfg/color.cfg
File: color.cfg 2016/01/02 v1.6 sample color configuration
)
Package xcolor Info: Driver file: pdftex.def on input line 227.
Package xcolor Info: Model `cmy' substituted by `cmy0' on input line 1352.
Package xcolor Info: Model `hsb' substituted by `rgb' on input line 1356.
Package xcolor Info: Model `RGB' extended on input line 1368.
Package xcolor Info: Model `HTML' substituted by `rgb' on input line 1370.
Package xcolor Info: Model `Hsb' substituted by `hsb' on input line 1371.
Package xcolor Info: Model `tHsb' substituted by `hsb' on input line 1372.
Package xcolor Info: Model `HSB' substituted by `hsb' on input line 1373.
Package xcolor Info: Model `Gray' substituted by `gray' on input line 1374.
Package xcolor Info: Model `wave' substituted by `hsb' on input line 1375.
)
(/usr/share/texlive/texmf-dist/tex/generic/pgf/basiclayer/pgfcore.code.tex
Package: pgfcore 2021/05/15 v3.1.9a (3.1.9a)

(/usr/share/texlive/texmf-dist/tex/generic/pgf/math/pgfmath.code.tex
(/usr/share/texlive/texmf-dist/tex/generic/pgf/math/pgfmathcalc.code.tex
(/usr/share/texlive/texmf-dist/tex/generic/pgf/math/pgfmathutil.code.tex)
(/usr/share/texlive/texmf-dist/tex/generic/pgf/math/pgfmathparser.code.tex
\pgfmath@dimen=\dimen258
\pgfmath@count=\count310
\pgfmath@box=\box60
\pgfmath@toks=\toks46
\pgfmath@stack@operand=\toks47
\pgfmath@stack@operation=\toks48
)
(/usr/share/texlive/texmf-dist/tex/generic/pgf/math/pgfmathfunctions.code.tex
(/usr/share/texlive/texmf-dist/tex/generic/pgf/math/pgfmathfunctions.basic.code
.tex)
(/usr/share/texlive/texmf-dist/tex/generic/pgf/math/pgfmathfunctions.trigonomet
ric.code.tex)
(/usr/share/texlive/texmf-dist/tex/generic/pgf/math/pgfmathfunctions.random.cod
e.tex)
(/usr/share/texlive/texmf-dist/tex/generic/pgf/math/pgfmathfunctions.comparison
.code.tex)
(/usr/share/texlive/texmf-dist/tex/generic/pgf/math/pgfmathfunctions.base.code.
tex)
(/usr/share/texlive/texmf-dist/tex/generic/pgf/math/pgfmathfunctions.round.code
.tex)
(/usr/share/texlive/texmf-dist/tex/generic/pgf/math/pgfmathfunctions.misc.code.
tex)
(/usr/share/texlive/texmf-dist/tex/generic/pgf/math/pgfmathfunctions.integerari
thmetics.code.tex)))
(/usr/share/texlive/texmf-dist/tex/generic/pgf/math/pgfmathfloat.code.tex
\c@pgfmathroundto@lastzeros=\count311
))
(/usr/share/texlive/texmf-dist/tex/generic/pgf/math/pgfint.code.tex)
(/usr/share/texlive/texmf-dist/tex/generic/pgf/basiclayer/pgfcorepoints.code.te
x
File: pgfcorepoints.code.tex 2021/05/15 v3.1.9a (3.1.9a)
\pgf@picminx=\dimen259
\pgf@picmaxx=\dimen260
\pgf@picminy=\dimen261
\pgf@picmaxy=\dimen262
\pgf@pathminx=\dimen263
\pgf@pathmaxx=\dimen264
\pgf@pathminy=\dimen265
\pgf@pathmaxy=\dimen266
\pgf@xx=\dimen267
\pgf@xy=\dimen268
\pgf@yx=\dimen269
\pgf@yy=\dimen270
\pgf@zx=\dimen271
\pgf@zy=\dimen272
)
(/usr/share/texlive/texmf-dist/tex/generic/pgf/basiclayer/pgfcorepathconstruct.
code.tex
File: pgfcorepathconstruct.code.tex 2021/05/15 v3.1.9a (3.1.9a)
\pgf@path@lastx=\dimen273
\pgf@path@lasty=\dimen274
)
(/usr/share/texlive/texmf-dist/tex/generic/pgf/basiclayer/pgfcorepathusage.code
.tex
File: pgfcorepathusage.code.tex 2021/05/15 v3.1.9a (3.1.9a)
\pgf@shorten@end@additional=\dimen275
\pgf@shorten@start@additional=\dimen276
)
(/usr/share/texlive/texmf-dist/tex/generic/pgf/basiclayer/pgfcorescopes.code.te
x
File: pgfcorescopes.code.tex 2021/05/15 v3.1.9a (3.1.9a)
\pgfpic=\box61
\pgf@hbox=\box62
\pgf@layerbox@main=\box63
\pgf@picture@serial@count=\count312
)
(/usr/share/texlive/texmf-dist/tex/generic/pgf/basiclayer/pgfcoregraphicstate.c
ode.tex
File: pgfcoregraphicstate.code.tex 2021/05/15 v3.1.9a (3.1.9a)
\pgflinewidth=\dimen277
)
(/usr/share/texlive/texmf-dist/tex/generic/pgf/basiclayer/pgfcoretransformation
s.code.tex
File: pgfcoretransformations.code.tex 2021/05/15 v3.1.9a (3.1.9a)
\pgf@pt@x=\dimen278
\pgf@pt@y=\dimen279
\pgf@pt@temp=\dimen280
)
(/usr/share/texlive/texmf-dist/tex/generic/pgf/basiclayer/pgfcorequick.code.tex
File: pgfcorequick.code.tex 2021/05/15 v3.1.9a (3.1.9a)
)
(/usr/share/texlive/texmf-dist/tex/generic/pgf/basiclayer/pgfcoreobjects.code.t
ex
File: pgfcoreobjects.code.tex 2021/05/15 v3.1.9a (3.1.9a)
)
(/usr/share/texlive/texmf-dist/tex/generic/pgf/basiclayer/pgfcorepathprocessing
.code.tex
File: pgfcorepathprocessing.code.tex 2021/05/15 v3.1.9a (3.1.9a)
)
(/usr/share/texlive/texmf-dist/tex/generic/pgf/basiclayer/pgfcorearrows.code.te
x
File: pgfcorearrows.code.tex 2021/05/15 v3.1.9a (3.1.9a)
\pgfarrowsep=\dimen281
)
(/usr/share/texlive/texmf-dist/tex/generic/pgf/basiclayer/pgfcoreshade.code.tex
File: pgfcoreshade.code.tex 2021/05/15 v3.1.9a (3.1.9a)
\pgf@max=\dimen282
\pgf@sys@shading@range@num=\count313
\pgf@shadingcount=\count314
)
(/usr/share/texlive/texmf-dist/tex/generic/pgf/basiclayer/pgfcoreimage.code.tex
File: pgfcoreimage.code.tex 2021/05/15 v3.1.9a (3.1.9a)

(/usr/share/texlive/texmf-dist/tex/generic/pgf/basiclayer/pgfcoreexternal.code.
tex
File: pgfcoreexternal.code.tex 2021/05/15 v3.1.9a (3.1.9a)
\pgfexternal@startupbox=\box64
))
(/usr/share/texlive/texmf-dist/tex/generic/pgf/basiclayer/pgfcorelayers.code.te
x
File: pgfcorelayers.code.tex 2021/05/15 v3.1.9a (3.1.9a)
)
(/usr/share/texlive/texmf-dist/tex/generic/pgf/basiclayer/pgfcoretransparency.c
ode.tex
File: pgfcoretransparency.code.tex 2021/05/15 v3.1.9a (3.1.9a)
)
(/usr/share/texlive/texmf-dist/tex/generic/pgf/basiclayer/pgfcorepatterns.code.
tex
File: pgfcorepatterns.code.tex 2021/05/15 v3.1.9a (3.1.9a)
)
(/usr/share/texlive/texmf-dist/tex/generic/pgf/basiclayer/pgfcorerdf.code.tex
File: pgfcorerdf.code.tex 2021/05/15 v3.1.9a (3.1.9a)
)))
(/usr/share/texlive/texmf-dist/tex/generic/pgf/modules/pgfmoduleshapes.code.tex
File: pgfmoduleshapes.code.tex 2021/05/15 v3.1.9a (3.1.9a)
\pgfnodeparttextbox=\box65
) (/usr/share/texlive/texmf-dist/tex/generic/pgf/modules/pgfmoduleplot.code.tex
File: pgfmoduleplot.code.tex 2021/05/15 v3.1.9a (3.1.9a)
)
(/usr/share/texlive/texmf-dist/tex/latex/pgf/compatibility/pgfcomp-version-0-65
.sty
Package: pgfcomp-version-0-65 2021/05/15 v3.1.9a (3.1.9a)
\pgf@nodesepstart=\dimen283
\pgf@nodesepend=\dimen284
)
(/usr/share/texlive/texmf-dist/tex/latex/pgf/compatibility/pgfcomp-version-1-18
.sty
Package: pgfcomp-version-1-18 2021/05/15 v3.1.9a (3.1.9a)
)) (/usr/share/texlive/texmf-dist/tex/latex/pgf/utilities/pgffor.sty
(/usr/share/texlive/texmf-dist/tex/latex/pgf/utilities/pgfkeys.sty
(/usr/share/texlive/texmf-dist/tex/generic/pgf/utilities/pgfkeys.code.tex))
(/usr/share/texlive/texmf-dist/tex/latex/pgf/math/pgfmath.sty
(/usr/share/texlive/texmf-dist/tex/generic/pgf/math/pgfmath.code.tex))
(/usr/share/texlive/texmf-dist/tex/generic/pgf/utilities/pgffor.code.tex
Package: pgffor 2021/05/15 v3.1.9a (3.1.9a)

(/usr/share/texlive/texmf-dist/tex/generic/pgf/math/pgfmath.code.tex)
\pgffor@iter=\dimen285
\pgffor@skip=\dimen286
\pgffor@stack=\toks49
\pgffor@toks=\toks50
))
(/usr/share/texlive/texmf-dist/tex/generic/pgf/frontendlayer/tikz/tikz.code.tex
Package: tikz 2021/05/15 v3.1.9a (3.1.9a)

(/usr/share/texlive/texmf-dist/tex/generic/pgf/libraries/pgflibraryplothandlers
.code.tex
File: pgflibraryplothandlers.code.tex 2021/05/15 v3.1.9a (3.1.9a)
\pgf@plot@mark@count=\count315
\pgfplotmarksize=\dimen287
)
\tikz@lastx=\dimen288
\tikz@lasty=\dimen289
\tikz@lastxsaved=\dimen290
\tikz@lastysaved=\dimen291
\tikz@lastmovetox=\dimen292
\tikz@lastmovetoy=\dimen293
\tikzleveldistance=\dimen294
\tikzsiblingdistance=\dimen295
\tikz@figbox=\box66
\tikz@figbox@bg=\box67
\tikz@tempbox=\box68
\tikz@tempbox@bg=\box69
\tikztreelevel=\count316
\tikznumberofchildren=\count317
\tikznumberofcurrentchild=\count318
\tikz@fig@count=\count319

(/usr/share/texlive/texmf-dist/tex/generic/pgf/modules/pgfmodulematrix.code.tex
File: pgfmodulematrix.code.tex 2021/05/15 v3.1.9a (3.1.9a)
\pgfmatrixcurrentrow=\count320
\pgfmatrixcurrentcolumn=\count321
\pgf@matrix@numberofcolumns=\count322
)
\tikz@expandcount=\count323

(/usr/share/texlive/texmf-dist/tex/generic/pgf/frontendlayer/tikz/libraries/tik
zlibrarytopaths.code.tex
File: tikzlibrarytopaths.code.tex 2021/05/15 v3.1.9a (3.1.9a)
)))
(/usr/share/texlive/texmf-dist/tex/latex/tikz-cd/tikz-cd.sty
Package: tikz-cd 2021/05/04 v1.0 Commutative diagrams with TikZ

(/usr/share/texlive/texmf-dist/tex/generic/tikz-cd/tikzlibrarycd.code.tex
(/usr/share/texlive/texmf-dist/tex/generic/pgf/frontendlayer/tikz/libraries/tik
zlibrarymatrix.code.tex
File: tikzlibrarymatrix.code.tex 2021/05/15 v3.1.9a (3.1.9a)
)
(/usr/share/texlive/texmf-dist/tex/generic/pgf/frontendlayer/tikz/libraries/tik
zlibraryquotes.code.tex
File: tikzlibraryquotes.code.tex 2021/05/15 v3.1.9a (3.1.9a)
)
(/usr/share/texlive/texmf-dist/tex/generic/pgf/libraries/pgflibraryarrows.meta.
code.tex
File: pgflibraryarrows.meta.code.tex 2021/05/15 v3.1.9a (3.1.9a)
\pgfarrowinset=\dimen296
\pgfarrowlength=\dimen297
\pgfarrowwidth=\dimen298
\pgfarrowlinewidth=\dimen299
)))
(/usr/share/texlive/texmf-dist/tex/generic/pgf/frontendlayer/tikz/libraries/tik
zlibrarydecorations.pathmorphing.code.tex
(/usr/share/texlive/texmf-dist/tex/generic/pgf/frontendlayer/tikz/libraries/tik
zlibrarydecorations.code.tex
(/usr/share/texlive/texmf-dist/tex/generic/pgf/modules/pgfmoduledecorations.cod
e.tex
\pgfdecoratedcompleteddistance=\dimen300
\pgfdecoratedremainingdistance=\dimen301
\pgfdecoratedinputsegmentcompleteddistance=\dimen302
\pgfdecoratedinputsegmentremainingdistance=\dimen303
\pgf@decorate@distancetomove=\dimen304
\pgf@decorate@repeatstate=\count324
\pgfdecorationsegmentamplitude=\dimen305
\pgfdecorationsegmentlength=\dimen306
)
\tikz@lib@dec@box=\box70
)
(/usr/share/texlive/texmf-dist/tex/generic/pgf/libraries/decorations/pgflibrary
decorations.pathmorphing.code.tex))
(/usr/share/texlive/texmf-dist/tex/generic/pgf/frontendlayer/tikz/libraries/tik
zlibrarycalc.code.tex
File: tikzlibrarycalc.code.tex 2021/05/15 v3.1.9a (3.1.9a)
)
(/usr/share/texlive/texmf-dist/tex/generic/pgf/frontendlayer/tikz/libraries/tik
zlibrarybabel.code.tex
File: tikzlibrarybabel.code.tex 2021/05/15 v3.1.9a (3.1.9a)
)
\c@lemma_env=\count325
\c@proposal_env=\count326
\c@problem_env=\count327
\c@corollary_env=\count328
\c@fact_env=\count329
\c@statement_env=\count330
\c@exercise_env=\count331
\c@theorem_env=\count332
\c@definition_env=\count333
\c@lection=\count334
)
LaTeX Font Info:    Trying to load font information for OT1+faq on input line 9
.
 (/usr/share/texmf/tex/latex/pscyr/ot1faq.fd
File: ot1faq.fd 2001/12/09 Fontinst v1.914 font definitions for OT1/faq.
)
(/usr/share/texlive/texmf-dist/tex/latex/l3backend/l3backend-pdftex.def
File: l3backend-pdftex.def 2022-01-12 L3 backend support: PDF output (pdfTeX)
\l__color_backend_stack_int=\count335
\l__pdf_internal_box=\box71
)
(pdfs/algebra-2.aux
LaTeX Font Info:    Trying to load font information for T2A+faq on input line 2
2.
 (/usr/share/texmf/tex/latex/pscyr/t2afaq.fd
File: t2afaq.fd 2004/09/23 Fontinst v1.914 font definitions for T2A/faq.
))
\openout1 = `algebra-2.aux'.

LaTeX Font Info:    Checking defaults for OML/cmm/m/it on input line 9.
LaTeX Font Info:    ... okay on input line 9.
LaTeX Font Info:    Checking defaults for OMS/cmsy/m/n on input line 9.
LaTeX Font Info:    ... okay on input line 9.
LaTeX Font Info:    Checking defaults for OT1/cmr/m/n on input line 9.
LaTeX Font Info:    ... okay on input line 9.
LaTeX Font Info:    Checking defaults for T1/cmr/m/n on input line 9.
LaTeX Font Info:    ... okay on input line 9.
LaTeX Font Info:    Checking defaults for TS1/cmr/m/n on input line 9.
LaTeX Font Info:    ... okay on input line 9.
LaTeX Font Info:    Checking defaults for OMX/cmex/m/n on input line 9.
LaTeX Font Info:    ... okay on input line 9.
LaTeX Font Info:    Checking defaults for U/cmr/m/n on input line 9.
LaTeX Font Info:    ... okay on input line 9.
LaTeX Font Info:    Checking defaults for T2A/cmr/m/n on input line 9.
LaTeX Font Info:    Trying to load font information for T2A+cmr on input line 9
.

(/usr/share/texlive/texmf-dist/tex/latex/cyrillic/t2acmr.fd
File: t2acmr.fd 2001/08/11 v1.0a Computer Modern Cyrillic font definitions
)
LaTeX Font Info:    ... okay on input line 9.
LaTeX Font Info:    Checking defaults for PD1/pdf/m/n on input line 9.
LaTeX Font Info:    ... okay on input line 9.
LaTeX Font Info:    Checking defaults for PU/pdf/m/n on input line 9.
LaTeX Font Info:    ... okay on input line 9.
LaTeX Info: Redefining \th on input line 9.

*geometry* driver: auto-detecting
*geometry* detected driver: pdftex
*geometry* verbose mode - [ preamble ] result:
* driver: pdftex
* paper: letterpaper
* layout: <same size as paper>
* layoutoffset:(h,v)=(0.0pt,0.0pt)
* modes: 
* h-part:(L,W,R)=(85.35826pt, 443.57848pt, 85.35826pt)
* v-part:(T,H,B)=(56.9055pt, 681.15898pt, 56.9055pt)
* \paperwidth=614.295pt
* \paperheight=794.96999pt
* \textwidth=443.57848pt
* \textheight=681.15898pt
* \oddsidemargin=13.08827pt
* \evensidemargin=13.08827pt
* \topmargin=-52.36449pt
* \headheight=12.0pt
* \headsep=25.0pt
* \topskip=10.0pt
* \footskip=30.0pt
* \marginparwidth=49.79231pt
* \marginparsep=11.0pt
* \columnsep=10.0pt
* \skip\footins=9.0pt plus 4.0pt minus 2.0pt
* \hoffset=0.0pt
* \voffset=0.0pt
* \mag=1000
* \@twocolumnfalse
* \@twosidefalse
* \@mparswitchfalse
* \@reversemarginfalse
* (1in=72.27pt=25.4mm, 1cm=28.453pt)

(/usr/share/texlive/texmf-dist/tex/context/base/mkii/supp-pdf.mkii
[Loading MPS to PDF converter (version 2006.09.02).]
\scratchcounter=\count336
\scratchdimen=\dimen307
\scratchbox=\box72
\nofMPsegments=\count337
\nofMParguments=\count338
\everyMPshowfont=\toks51
\MPscratchCnt=\count339
\MPscratchDim=\dimen308
\MPnumerator=\count340
\makeMPintoPDFobject=\count341
\everyMPtoPDFconversion=\toks52
) (/usr/share/texlive/texmf-dist/tex/latex/epstopdf-pkg/epstopdf-base.sty
Package: epstopdf-base 2020-01-24 v2.11 Base part for package epstopdf
Package epstopdf-base Info: Redefining graphics rule for `.eps' on input line 4
85.

(/usr/share/texlive/texmf-dist/tex/latex/latexconfig/epstopdf-sys.cfg
File: epstopdf-sys.cfg 2010/07/13 v1.3 Configuration of (r)epstopdf for TeX Liv
e
))
Package hyperref Info: Link coloring OFF on input line 9.

(/usr/share/texlive/texmf-dist/tex/latex/hyperref/nameref.sty
Package: nameref 2021-04-02 v2.47 Cross-referencing by name of section

(/usr/share/texlive/texmf-dist/tex/latex/refcount/refcount.sty
Package: refcount 2019/12/15 v3.6 Data extraction from label references (HO)
)
(/usr/share/texlive/texmf-dist/tex/generic/gettitlestring/gettitlestring.sty
Package: gettitlestring 2019/12/15 v1.6 Cleanup title references (HO)
)
\c@section@level=\count342
LaTeX Info: Redefining \Ref on input line 520.
)
LaTeX Info: Redefining \ref on input line 9.
LaTeX Info: Redefining \pageref on input line 9.
LaTeX Info: Redefining \nameref on input line 9.

(pdfs/algebra-2.out) (pdfs/algebra-2.out)
\@outlinefile=\write4
\openout4 = `algebra-2.out'.

LaTeX Info: Redefining \Ref on input line 9.
LaTeX Font Info:    Trying to load font information for U+msa on input line 12.


(/usr/share/texlive/texmf-dist/tex/latex/amsfonts/umsa.fd
File: umsa.fd 2013/01/14 v3.01 AMS symbols A
)
LaTeX Font Info:    Trying to load font information for U+msb on input line 12.


(/usr/share/texlive/texmf-dist/tex/latex/amsfonts/umsb.fd
File: umsb.fd 2013/01/14 v3.01 AMS symbols B
)
LaTeX Font Info:    Trying to load font information for U+rsfs on input line 12
.

(/usr/share/texlive/texmf-dist/tex/latex/jknapltx/ursfs.fd
File: ursfs.fd 1998/03/24 rsfs font definition file (jk)
)
LaTeX Font Info:    Trying to load font information for U+stmry on input line 1
2.

(/usr/share/texlive/texmf-dist/tex/latex/stmaryrd/Ustmry.fd) [1

{/var/lib/texmf/fonts/map/pdftex/updmap/pdftex.map}]
LaTeX Font Info:    Font shape `T2A/faq/b/n' in size <24.88> not available
(Font)              Font shape `T2A/faq/bx/n' tried instead on input line 12.
 (pdfs/algebra-2.toc
LaTeX Font Info:    Font shape `T2A/faq/b/n' in size <10> not available
(Font)              Font shape `T2A/faq/bx/n' tried instead on input line 2.
pdfTeX warning (ext4): destination with the same identifier (name{page.1}) has 
been already used, duplicate ignored
<to be read again> 
                   \relax 
l.48 ...јРЅРѕРіРѕС‡Р»РµРЅС‹}{31}{subsection.2.9.1}
                                                  % [1

] [2])
\tf@toc=\write5
\openout5 = `algebra-2.toc'.

 [3]
{\cyrillictext \CYRG \cyrl \cyra \cyrv \cyra } 1.
LaTeX Font Info:    Font shape `T2A/faq/b/n' in size <20.74> not available
(Font)              Font shape `T2A/faq/bx/n' tried instead on input line 17.
LaTeX Font Info:    Font shape `T2A/faq/b/n' in size <14.4> not available
(Font)              Font shape `T2A/faq/bx/n' tried instead on input line 21.
LaTeX Font Info:    Font shape `T2A/faq/b/n' in size <12> not available
(Font)              Font shape `T2A/faq/bx/n' tried instead on input line 25.
[4

]
Overfull \hbox (9.85078pt too wide) in paragraph at lines 69--69
[]\T2A/faq/bx/n/10 Лемма 1.1.2 \T2A/faq/m/n/10 (Ком-му-та-ци-он-ная фор-му-ла Ш
е-вал-ле)\T2A/faq/bx/n/10 . []\T2A/faq/m/it/10 Муль-ти-пли-ка-тив-ный ком-му-та
-тор двух транс-
 []

[5]
Overfull \hbox (1.1135pt too wide) in paragraph at lines 122--122
[]\T2A/faq/bx/n/10 Определение 1.1.5 \T2A/faq/m/n/10 (Эле-мен-тар-ная под-груп-
па)\T2A/faq/bx/n/10 . []$\OML/cmm/m/it/10 E\OT1/cmr/m/n/10 (\OML/cmm/m/it/10 n;
 R\OT1/cmr/m/n/10 ) [] [] \U/msa/m/n/10 6 \OML/cmm/m/it/10 GL\OT1/cmr/m/n/10 (\
OML/cmm/m/it/10 n; R\OT1/cmr/m/n/10 )$
 []

[6]
LaTeX Font Info:    Trying to load font information for TS1+faq on input line 1
53.
LaTeX Font Info:    No file TS1faq.fd. on input line 153.


LaTeX Font Warning: Font shape `TS1/faq/m/n' undefined
(Font)              using `TS1/cmr/m/n' instead
(Font)              for symbol `textbullet' on input line 153.

[7] [8] [9] [10]
Overfull \hbox (39.15166pt too wide) in paragraph at lines 352--352
[]\T2A/faq/m/n/10 Если же ана-ло-гич-ные дей-ствия про-де-лать сна-ча-ла над ст
олб-ца-ми, то по-лу-чит-ся столбцово-эшелонированная
 []

[11] [12]
Overfull \hbox (3.94469pt too wide) in paragraph at lines 405--405
[]\T2A/faq/bx/n/10 Теорема 1.4.7 \T2A/faq/m/n/10 (Кро-не-кер --- Ка-пел-ли)\T2A
/faq/bx/n/10 . []\T2A/faq/m/n/10 От-вет на этот во-прос из-ве-стен: ко-гда $\OM
L/cmm/m/it/10 u \OMS/cmsy/m/n/10 2 h\OML/cmm/m/it/10 a[]; [] ; a[]\OMS/cmsy/m/n
/10 i  ([])
 []

[13] [14] [15] [16]
Overfull \hbox (18.38081pt too wide) detected at line 612
[]\OT1/cmr/m/n/10 (\OML/cmm/m/it/10 x\OT1/cmr/m/n/10 ) = [] \OML/cmm/m/it/10 x[
] \OMS/cmsy/m/n/10 ^^A [] ^^A \OML/cmm/m/it/10 x[] \OMS/cmsy/m/n/10 ^^A [] ^^A 
\OML/cmm/m/it/10 x[] \OMS/cmsy/m/n/10 ^^A [] ^^A \OML/cmm/m/it/10 x[] \OMS/cmsy
/m/n/10 ^^@ []\OML/cmm/m/it/10 x[] \OMS/cmsy/m/n/10 ^^A [] ^^A \OML/cmm/m/it/10
 x[] \OMS/cmsy/m/n/10 ^^A [] ^^A \OML/cmm/m/it/10 x[] \OMS/cmsy/m/n/10 ^^A [] ^
^A \OML/cmm/m/it/10 x[]
 []

[17] [18]
Overfull \hbox (1.39507pt too wide) in paragraph at lines 717--717
\T2A/faq/m/n/10 Это то-же про-из-ве-де-ние па-роч-ки эле-мен-тар-ных пре-об-ра-
зо-ва-ний пер-во-го ти-па, зна-чит, $[]\OT1/cmr/m/n/10 (\OML/cmm/m/it/10 y\OT1/
cmr/m/n/10 ) [](\OML/cmm/m/it/10 x\OT1/cmr/m/n/10 ) =
 []

[19]
Overfull \hbox (8.45868pt too wide) in paragraph at lines 751--751
[]\T2A/faq/bx/n/10 Определение 1.5.3 \T2A/faq/m/n/10 (Опре-де-ли-тель по Ла-пла
-су (ин-дук-тив-но))\T2A/faq/bx/n/10 . []$[]\OT1/cmr/m/n/10 (\OML/cmm/m/it/10 x
\OT1/cmr/m/n/10 ) = \OML/cmm/m/it/10 x[]A[]\OT1/cmr/m/n/10 (\OML/cmm/m/it/10 x\
OT1/cmr/m/n/10 ) + [] + \OML/cmm/m/it/10 x[]A[]\OT1/cmr/m/n/10 (\OML/cmm/m/it/1
0 x\OT1/cmr/m/n/10 )$\T2A/faq/m/n/10 . 
 []

[20]
Overfull \hbox (1.64136pt too wide) in paragraph at lines 820--820
[]\T2A/faq/m/n/10 Все мно-го-чле-ны ви-да $\OML/cmm/m/it/10 x[] \OMS/cmsy/m/n/1
0 ^^@ \OML/cmm/m/it/10 x[]$ \T2A/faq/m/n/10 для $\OML/cmm/m/it/10 i > j$ \T2A/f
aq/m/n/10 вза-им-но про-сты, зна-чит, $[]\OT1/cmr/m/n/10 (\OML/cmm/m/it/10 x[] 
\OMS/cmsy/m/n/10 ^^@ \OML/cmm/m/it/10 x[]\OT1/cmr/m/n/10 ) \OMS/cmsy/m/n/10 j  
[]\OT1/cmr/m/n/10 (\OML/cmm/m/it/10 V\OT1/cmr/m/n/10 (\OML/cmm/m/it/10 x[]; [] 
; x[]\OT1/cmr/m/n/10 ))$\T2A/faq/m/n/10 .
 []

[21]
{\cyrillictext \CYRG \cyrl \cyra \cyrv \cyra } 2.
[22

] [23] [24]
LaTeX Font Info:    Trying to load font information for U+euf on input line 105
8.
 (/usr/share/texlive/texmf-dist/tex/latex/amsfonts/ueuf.fd
File: ueuf.fd 2013/01/14 v3.01 Euler Fraktur
)
[25] [26] [27]
Overfull \hbox (3.04834pt too wide) in paragraph at lines 1198--1198
[]\T2A/faq/m/n/10 Примеры по-лей част-ных: $[]$. 
 []

[28]
Overfull \hbox (34.1692pt too wide) in paragraph at lines 1269--1272
\T2A/faq/m/n/10 сфе-рой Ри-ма-на --- про-ек-тив-ной пря-мой $\U/msb/m/n/10 P[]\
OT1/cmr/m/n/10 (\OML/cmm/m/it/10 K\OT1/cmr/m/n/10 ) = \OML/cmm/m/it/10 K \OMS/c
msy/m/n/10 [ f1g$\T2A/faq/m/n/10 . В та-ком слу-чае $[]\OT1/cmr/m/n/10 (\OMS/cm
sy/m/n/10 1\OT1/cmr/m/n/10 ) = []$\T2A/faq/m/n/10 .
 []

[29] [30] [31] [32]
Overfull \hbox (24.45976pt too wide) in paragraph at lines 1471--1474
[]\T2A/faq/m/n/10 Множество всех диф-фе-рен-ци-ро-ва-ний ал-геб-ры $\OML/cmm/m/
it/10 A$ \T2A/faq/m/n/10 обо-зна-ча-ет-ся $[]\OT1/cmr/m/n/10 (\OML/cmm/m/it/10 
A\OT1/cmr/m/n/10 )$\T2A/faq/m/n/10 , мно-же-ство $\OML/cmm/m/it/10 R$\T2A/faq/m
/n/10 -дифференцирований
 []


Overfull \hbox (1.94089pt too wide) in paragraph at lines 1490--1490
[]\T2A/faq/bx/n/10 Факт 2.10.1. []\T2A/faq/m/it/10 Лю-бое диф-фе-рен-ци-ро-ва-н
ие пол-но-стью опре-де-ля-ет-ся сво-и-ми зна-че-ни-я-ми на какой-
 []

[33] [34]

Package hyperref Warning: Token not allowed in a PDF string (Unicode):
(hyperref)                removing `math shift' on input line 1593.


Package hyperref Warning: Token not allowed in a PDF string (Unicode):
(hyperref)                removing `math shift' on input line 1593.

[35] [36]
{\cyrillictext \CYRG \cyrl \cyra \cyrv \cyra } 3.

Overfull \hbox (11.38243pt too wide) in paragraph at lines 1629--1629
[]\T2A/faq/bx/n/10 Определение 3.1.1 \T2A/faq/m/n/10 ($\OML/cmm/m/it/10 ^^^$\T2
A/faq/m/n/10 -инвариантное под-про-стран-ство $\OML/cmm/m/it/10 U \U/msa/m/n/10
 6 \OML/cmm/m/it/10 V$\T2A/faq/m/n/10 )\T2A/faq/bx/n/10 . []\T2A/faq/m/n/10 Та-
кое под-про-стран-ство, что $[]$. 
 []

[37

]
LaTeX Font Info:    Font shape `T2A/faq/b/it' in size <10> not available
(Font)              Font shape `T2A/faq/bx/it' tried instead on input line 1699
.
 [38]
Overfull \hbox (10.50258pt too wide) in paragraph at lines 1749--1749
[]\T2A/faq/bx/n/10 Определение 3.4.1 \T2A/faq/m/n/10 ([])\T2A/faq/bx/n/10 .
 []

[39]
Overfull \hbox (55.3814pt too wide) in paragraph at lines 1783--1783
[]\T2A/faq/m/n/10 Рассмотрим про-стран-ство $\OML/cmm/m/it/10 K\OT1/cmr/m/n/10 
[\OML/cmm/m/it/10 t\OT1/cmr/m/n/10 ][]$ \T2A/faq/m/n/10 с опе-ра-то-ром $\OML/c
mm/m/it/10 ^^^ \OT1/cmr/m/n/10 = []$\T2A/faq/m/n/10 . В стан-дарт-ном ба-зи-се:
 $\OT1/cmr/m/n/10 [\OML/cmm/m/it/10 ^^^\OT1/cmr/m/n/10 ] = []$\T2A/faq/m/n/10 .
 
 []

[40] [41]
Overfull \hbox (4.80615pt too wide) in paragraph at lines 1892--1892
[]\T2A/faq/m/n/10 Здесь бу-дем рас-смат-ри-вать $\OML/cmm/m/it/10 x$ \T2A/faq/m
/n/10 как
 []

[42] [43] [44]
Overfull \hbox (27.90578pt too wide) in paragraph at lines 2052--2052
[]\T2A/faq/m/n/10 Рассмотрим $\OML/cmm/m/it/10 ^^^\OT1/cmr/m/n/10 (\OML/cmm/m/i
t/10 v[]\OT1/cmr/m/n/10 )\OML/cmm/m/it/10 ; [] ; ^^^\OT1/cmr/m/n/10 (\OML/cmm/m
/it/10 v[]\OT1/cmr/m/n/10 )$ \T2A/faq/m/n/10 --- ли-ней-но неза-ви-си-мые век-т
о-ры $[]\OT1/cmr/m/n/10 (\OML/cmm/m/it/10 ^^^[]\OT1/cmr/m/n/10 )$ \T2A/faq/m/n/
10 от-но-си-тель-но $[]\OT1/cmr/m/n/10 (\OML/cmm/m/it/10 ^^^[]\OT1/cmr/m/n/10 )
$\T2A/faq/m/n/10 .
 []


Overfull \hbox (0.92532pt too wide) in paragraph at lines 2052--2052
\T2A/faq/m/n/10 До-пол-ним их до ба-зи-са $[]\OT1/cmr/m/n/10 (\OML/cmm/m/it/10 
^^^[]\OT1/cmr/m/n/10 )$ \T2A/faq/m/n/10 от-но-си-тель-но $[]\OT1/cmr/m/n/10 (\O
ML/cmm/m/it/10 ^^^[]\OT1/cmr/m/n/10 )$\T2A/faq/m/n/10 , до-ба-вив век-то-ры $\O
ML/cmm/m/it/10 v[]; [] ; v[]$\T2A/faq/m/n/10 . 
 []


Overfull \hbox (0.92532pt too wide) in paragraph at lines 2052--2052
\T2A/faq/m/n/10 Дополним их до ба-зи-са $[]\OT1/cmr/m/n/10 (\OML/cmm/m/it/10 ^^
^[]\OT1/cmr/m/n/10 )$ \T2A/faq/m/n/10 от-но-си-тель-но $[]\OT1/cmr/m/n/10 (\OML
/cmm/m/it/10 ^^^[]\OT1/cmr/m/n/10 )$\T2A/faq/m/n/10 , до-ба-вив век-то-ры $\OML
/cmm/m/it/10 v[]; [] ; v[]$\T2A/faq/m/n/10 . 
 []


Overfull \hbox (46.17314pt too wide) in paragraph at lines 2052--2052
[]\T2A/faq/m/n/10 На дан-ном ша-ге по-лу-ча-ет-ся на-бор век-то-ров $\OML/cmm/m
/it/10 ^^^[]\OT1/cmr/m/n/10 (\OML/cmm/m/it/10 v[]\OT1/cmr/m/n/10 )\OML/cmm/m/it
/10 ; [] ; ^^^[]\OT1/cmr/m/n/10 (\OML/cmm/m/it/10 v[]\OT1/cmr/m/n/10 )\OML/cmm/
m/it/10 ; ^^^[]\OT1/cmr/m/n/10 (\OML/cmm/m/it/10 v[]\OT1/cmr/m/n/10 )\OML/cmm/m
/it/10 ; [] ; ^^^[]\OT1/cmr/m/n/10 (\OML/cmm/m/it/10 v[]\OT1/cmr/m/n/10 )\OML/c
mm/m/it/10 ; [] $\T2A/faq/m/n/10 ,
 []

[45] [46] [47]
Overfull \hbox (13.31451pt too wide) in paragraph at lines 2177--2180
[]\T2A/faq/m/n/10 Это на-зы-ва-ет-ся \T2A/faq/m/it/10 ком-плек-си-фи-ка-ция $\O
ML/cmm/m/it/10 V$\T2A/faq/m/n/10 . Ве-ще-ствен-ный ба-зис ком-плек-си-фи-ка-ции
 --- $\OT1/cmr/m/n/10 (\OML/cmm/m/it/10 e[]; e[]i; [] ; e[]; e[]i\OT1/cmr/m/n/1
0 )$\T2A/faq/m/n/10 ,
 []


Overfull \hbox (24.76416pt too wide) in paragraph at lines 2224--2226
[]\T2A/faq/m/n/10 Если $\OML/cmm/m/it/10 n \OT1/cmr/m/n/10 = [] \OML/cmm/m/it/1
0 V$\T2A/faq/m/n/10 , то $\OML/cmm/m/it/10 v; ^^^\OT1/cmr/m/n/10 (\OML/cmm/m/it
/10 v\OT1/cmr/m/n/10 )\OML/cmm/m/it/10 ; [] ; ^^^[]\OT1/cmr/m/n/10 (\OML/cmm/m/
it/10 v\OT1/cmr/m/n/10 )$ \T2A/faq/m/n/10 ли-ней-но за-ви-си-мы. Возь-мјм наи-б
оль-шее $\OML/cmm/m/it/10 m \OMS/cmsy/m/n/10 2 \U/msb/m/n/10 N \OT1/cmr/m/n/10 
: \OML/cmm/m/it/10 ^^^[]\OT1/cmr/m/n/10 (\OML/cmm/m/it/10 v\OT1/cmr/m/n/10 )\OM
L/cmm/m/it/10 ; [] ; ^^^[]\OT1/cmr/m/n/10 (\OML/cmm/m/it/10 v\OT1/cmr/m/n/10 )$

 []

[48] [49]
{\cyrillictext \CYRG \cyrl \cyra \cyrv \cyra } 4.
[50

] [51]
Overfull \hbox (8.90056pt too wide) in paragraph at lines 2336--2336
[]$[] \OMS/cmsy/m/n/10 ^^X [] ^^X [] [] []$\T2A/faq/m/n/10 ,
 []

[52]
Overfull \hbox (0.79062pt too wide) in paragraph at lines 2369--2369
[]\T2A/faq/bx/n/14.4 Формулировка ос-нов-ных тео-рем о стро-е-нии ко-неч-но-по-
рож-
 []

[53]
Overfull \hbox (22.61963pt too wide) in paragraph at lines 2467--2467
[]$\OML/cmm/m/it/10 M=T\OT1/cmr/m/n/10 (\OML/cmm/m/it/10 M\OT1/cmr/m/n/10 )$ \T
2A/faq/m/n/10 --- мо-дуль без кру-че-ния, при-чјм то-же ко-неч-но-по-рож-дјн. З
на-чит, $\OML/cmm/m/it/10 M=T\OT1/cmr/m/n/10 (\OML/cmm/m/it/10 M\OT1/cmr/m/n/10
 ) []
 []

[54] [55]
{\cyrillictext \CYRG \cyrl \cyra \cyrv \cyra } 5.
[56

] [57]
Overfull \hbox (29.41098pt too wide) in paragraph at lines 2661--2663
[]\T2A/faq/m/n/10 Рассмотрим про-стран-ство всех би-ли-ней-ных отоб-ра-же-ний $
\OML/cmm/m/it/10 L\OT1/cmr/m/n/10 (\OML/cmm/m/it/10 V; V\OT1/cmr/m/n/10 ; \OML/
cmm/m/it/10 K\OT1/cmr/m/n/10 ) = []$\T2A/faq/m/n/10 .
 []

[58]
Overfull \hbox (2.29283pt too wide) in paragraph at lines 2681--2681
[]\T2A/faq/bx/n/10 Теорема 5.3.1. []$\OML/cmm/m/it/10 L\OT1/cmr/m/n/10 (\OML/cm
m/m/it/10 V; V\OT1/cmr/m/n/10 ; \OML/cmm/m/it/10 K\OT1/cmr/m/n/10 ) \OMS/cmsy/m
/n/10 ! []\OT1/cmr/m/n/10 (\OML/cmm/m/it/10 V; V[]\OT1/cmr/m/n/10 );  \OML/cmm/
m/it/10 B \OMS/cmsy/m/n/10 7! []$ \T2A/faq/m/n/10 за-да-јт ка-но-ни-че-ский изо
-мор-физм $\OML/cmm/m/it/10 L\OT1/cmr/m/n/10 (\OML/cmm/m/it/10 V; V\OT1/cmr/m/n
/10 ; \OML/cmm/m/it/10 K\OT1/cmr/m/n/10 ) []
 []


Overfull \hbox (1.55046pt too wide) in paragraph at lines 2738--2738
[]\T2A/faq/bx/n/10 Теорема 5.4.1 \T2A/faq/m/n/10 (О клас-си-фи-ка-ции сим-плек-
ти-че-ских про-странств)\T2A/faq/bx/n/10 . []$\OML/cmm/m/it/10 U [] V  \OMS/cms
y/m/n/10 ([])  []$\T2A/faq/m/n/10 . 
 []

[59]
Overfull \hbox (14.09196pt too wide) detected at line 2743
[][][]
 []

[60]
Overfull \hbox (38.17154pt too wide) in paragraph at lines 2834--2834
\T2A/faq/m/n/10 Вос-поль-зу-ем-ся отоб-ра-же-ни-ем $[] \OT1/cmr/m/n/10 : \OML/c
mm/m/it/10 V \OMS/cmsy/m/n/10 ! \OML/cmm/m/it/10 V[]$\T2A/faq/m/n/10 . Най-дјм 
$[]\OT1/cmr/m/n/10 (\OML/cmm/m/it/10 V [] V[] [] U[]\OT1/cmr/m/n/10 ) = []$\T2A
/faq/m/n/10 .
 []

[61] [62] [63]
Overfull \hbox (41.91989pt too wide) in paragraph at lines 2949--2951
[]\T2A/faq/m/n/10 Пусть $\OML/cmm/m/it/10 K$ \T2A/faq/m/n/10 --- про-из-воль-но
е по-ле, $\OML/cmm/m/it/10 V$ \T2A/faq/m/n/10 --- сим-плек-ти-че-ское про-стран
-ство над $\OML/cmm/m/it/10 K$\T2A/faq/m/n/10 . То-гда $\OML/cmm/m/it/10 V \OT1
/cmr/m/n/10 = [] \U/msa/m/n/10 ^^A []\OT1/cmr/m/n/10 (\OML/cmm/m/it/10 V\OT1/cm
r/m/n/10 )$\T2A/faq/m/n/10 . 
 []


Overfull \hbox (4.55948pt too wide) in paragraph at lines 2958--2958
[]\T2A/faq/bx/n/10 Теорема 5.6.2. []\T2A/faq/m/n/10 Два сим-плек-ти-че-ских про
-стран-ства $\OML/cmm/m/it/10 U [] V  \OMS/cmsy/m/n/10 ([])  []\OT1/cmr/m/n/10 
(\OML/cmm/m/it/10 U\OT1/cmr/m/n/10 ) = [](\OML/cmm/m/it/10 V\OT1/cmr/m/n/10 )$ 
\T2A/faq/m/n/10 и $[]$. 
 []

[64] [65]
Overfull \hbox (27.5628pt too wide) in paragraph at lines 3048--3048
[]\T2A/faq/m/n/10 Согласно тео-ре-ме Лагран-жа (тео-ре-ма []5.5.4[]) най-дјт-ся
 ор-то-го-наль-ный ба-зис $\OT1/cmr/m/n/10 (\OML/cmm/m/it/10 e[]; [] ; e[]\OT1/
cmr/m/n/10 )$\T2A/faq/m/n/10 .
 []

[66]

LaTeX Warning: Reference ` Witt_about_continuation_2' on page 1 undefined on in
put line 3091.


Overfull \hbox (8.51903pt too wide) in paragraph at lines 3108--3108
[]\T2A/faq/bx/n/10 Определение 5.9.1 \T2A/faq/m/n/10 (Ор-то-го-наль-ное от-ра-ж
е-ние от-но-си-тель-но $\OML/cmm/m/it/10 v$\T2A/faq/m/n/10 )\T2A/faq/bx/n/10 . 
[]$\OML/cmm/m/it/10 w[] \OT1/cmr/m/n/10 : \OML/cmm/m/it/10 V \OMS/cmsy/m/n/10 !
 \OML/cmm/m/it/10 V;  []$\T2A/faq/m/n/10 . 
 []

[67] [68]
Overfull \hbox (18.01848pt too wide) in paragraph at lines 3193--3193
[]\T2A/faq/m/n/10 Ограничение $\OML/cmm/m/it/10  [][] \OT1/cmr/m/n/10 : [][] \O
MS/cmsy/m/n/10 ! [][]$ \T2A/faq/m/n/10 --- изо-мет-рия. По ин-дук-ци-он-но-му п
ред-по-ло-же-нию $\OMS/cmsy/m/n/10 9\OML/cmm/m/it/10 ^^Q \OMS/cmsy/m/n/10 2 [] 
[]$\T2A/faq/m/n/10 ,
 []


Overfull \hbox (10.81406pt too wide) in paragraph at lines 3242--3242
[]\T2A/faq/bx/n/10 Теорема 5.9.7 \T2A/faq/m/n/10 (Витт о раз-ло-же-нии)\T2A/faq
/bx/n/10 . []$\OT1/cmr/m/n/10 (\OML/cmm/m/it/10 V; B\OT1/cmr/m/n/10 )$ \T2A/faq
/m/n/10 --- про-стран-ство над $\OML/cmm/m/it/10 K$\T2A/faq/m/n/10 , ($\OML/cmm
/m/it/10 B$ \T2A/faq/m/n/10 сим-мет-ри-че-ское, $[]$).
 []

[69] [70]
Overfull \hbox (7.26369pt too wide) in paragraph at lines 3306--3306
[]\T2A/faq/m/n/10 Пусть $\OML/cmm/m/it/10 R$ \T2A/faq/m/n/10 --- ком-му-та-тив-
ное коль-цо. То-гда $\OML/cmm/m/it/10 R \OT1/cmr/m/n/10 = \OML/cmm/m/it/10 R[]$
 \T2A/faq/m/n/10 и транс-по-ни-ро-ва-ние --- ин-во-лю-ция: $\OML/cmm/m/it/10 M\
OT1/cmr/m/n/10 (\OML/cmm/m/it/10 n; R\OT1/cmr/m/n/10 ) \OMS/cmsy/m/n/10 !
 []

[71]
Overfull \hbox (54.62875pt too wide) in paragraph at lines 3352--3352
[]\T2A/faq/bx/n/10 Определение 5.10.8 \T2A/faq/m/n/10 (Уни-тар-ная груп-па)\T2A
/faq/bx/n/10 . []\T2A/faq/m/n/10 Груп-па изо-мет-рий уни-тар-но-го про-стран-ст
ва: $[]$. 
 []

[72] [73]
{\cyrillictext \CYRG \cyrl \cyra \cyrv \cyra } 6.
[74

] [75]
Overfull \hbox (13.59729pt too wide) in paragraph at lines 3519--3519
[]\T2A/faq/m/it/10 Замечание. []\T2A/faq/m/n/10 Лю-бая ле-вая транс-ля-ция ком-
му-ти-ру-ет с лю-бой пра-вой транс-ля-ци-ей: $\OML/cmm/m/it/10 L[]R[]\OT1/cmr/m
/n/10 (\OML/cmm/m/it/10 x\OT1/cmr/m/n/10 ) = \OML/cmm/m/it/10 h\OT1/cmr/m/n/10 
(\OML/cmm/m/it/10 xg[]\OT1/cmr/m/n/10 ) =
 []

[76] [77]
Overfull \hbox (1.32057pt too wide) in paragraph at lines 3664--3664
[]\T2A/faq/bx/n/10 Определение \T2A/faq/m/n/10 6.1.11 ($\OML/cmm/m/it/10 X$ \T2
A/faq/m/n/10 --- глав-ное од-но-род-ное про-стран-ство для $\OML/cmm/m/it/10 G$
\T2A/faq/m/n/10 )\T2A/faq/m/it/10 . []$\OML/cmm/m/it/10 X [] G$ \T2A/faq/m/n/10
 как $\OML/cmm/m/it/10 G$\T2A/faq/m/n/10 -множество,
 []


Package hyperref Warning: Token not allowed in a PDF string (Unicode):
(hyperref)                removing `math shift' on input line 3668.


Package hyperref Warning: Token not allowed in a PDF string (Unicode):
(hyperref)                removing `math shift' on input line 3668.

[78]
Overfull \hbox (26.45512pt too wide) in paragraph at lines 3690--3690
[]\T2A/faq/bx/n/10 Теорема 6.2.1 \T2A/faq/m/n/10 (Клас-си-фи-ка-ция од-но-род-н
ых про-странств)\T2A/faq/bx/n/10 . []\T2A/faq/m/n/10 Пусть $\OML/cmm/m/it/10 F;
 H \U/msa/m/n/10 6 \OML/cmm/m/it/10 G$\T2A/faq/m/n/10 . То-гда $[]  \OMS/cmsy/m
/n/10 ([])
 []


Package hyperref Warning: Token not allowed in a PDF string (Unicode):
(hyperref)                removing `math shift' on input line 3698.


Package hyperref Warning: Token not allowed in a PDF string (Unicode):
(hyperref)                removing `math shift' on input line 3698.

[79]
Overfull \hbox (38.58846pt too wide) in paragraph at lines 3765--3765
[]\T2A/faq/bx/n/10 Теорема 6.3.6 \T2A/faq/m/n/10 (Си-лов --- Фро-бе-ни-ус, $\OM
L/cmm/m/it/10 F[]$ \T2A/faq/m/n/10 (Anzahlsatz))\T2A/faq/bx/n/10 . []\T2A/faq/m
/n/10 Для лю-бо-го $\OML/cmm/m/it/10 l \OMS/cmsy/m/n/10 2 \U/msb/m/n/10 N[] \OT
1/cmr/m/n/10 : \OML/cmm/m/it/10 p[] \OMS/cmsy/m/n/10 j j\OML/cmm/m/it/10 G\OMS/
cmsy/m/n/10 j ) [] ^^Q
 []


Overfull \hbox (14.04916pt too wide) in paragraph at lines 3774--3774
[]\T2A/faq/m/n/10 Рассмотрим под-груп-пу $\OML/cmm/m/it/10 U\OT1/cmr/m/n/10 (\O
ML/cmm/m/it/10 n; q\OT1/cmr/m/n/10 )$\T2A/faq/m/n/10 , со-сто-я-щую из верх-них
 унит-ре-уголь-ных мат-риц $[]$. $\OMS/cmsy/m/n/10 j\OML/cmm/m/it/10 U\OT1/cmr/
m/n/10 (\OML/cmm/m/it/10 n; q\OT1/cmr/m/n/10 )\OMS/cmsy/m/n/10 j \OT1/cmr/m/n/1
0 =
 []

[80]
Overfull \hbox (13.57944pt too wide) in paragraph at lines 3808--3808
[]\T2A/faq/m/n/10 Рассмотрим мно-же-ство си-лов-ских $\OML/cmm/m/it/10 p$\T2A/f
aq/m/n/10 -подгрупп
 []

[81] [82] [83] [84]

Package hyperref Warning: Token not allowed in a PDF string (Unicode):
(hyperref)                removing `math shift' on input line 4020.


Package hyperref Warning: Token not allowed in a PDF string (Unicode):
(hyperref)                removing `math shift' on input line 4020.

[85] [86] [87] [88]
Overfull \hbox (10.63454pt too wide) in paragraph at lines 4235--4235
[]\T2A/faq/bx/n/10 Определение 6.8.4 \T2A/faq/m/n/10 (Груп-па с об-ра-зу-ю-щи-м
и $\OML/cmm/m/it/10 g[]; [] ; g[]$ \T2A/faq/m/n/10 и опре-де-ля-ю-щи-ми со-от-н
о-ше-ни-я-ми $\OML/cmm/m/it/10 w[]; [] ; w[]$\T2A/faq/m/n/10 )\T2A/faq/bx/n/10 
.
 []

[89] [90] (pdfs/algebra-2.aux)

LaTeX Font Warning: Some font shapes were not available, defaults substituted.


LaTeX Warning: There were undefined references.

Package rerunfilecheck Info: File `algebra-2.out' has not changed.
(rerunfilecheck)             Checksum: 6FC319825C6B8E4F375B4B7F50D69BD2;42940.
 ) 
Here is how much of TeX's memory you used:
 31672 strings out of 479648
 606943 string characters out of 5886115
 861564 words of memory out of 5000000
 48406 multiletter control sequences out of 15000+600000
 510202 words of font info for 108 fonts, out of 8000000 for 9000
 475 hyphenation exceptions out of 8191
 99i,24n,103p,973b,1179s stack positions out of 5000i,500n,10000p,200000b,80000s
{/usr/share/texmf/fonts/enc/dvips/pscyr/t2a.enc} </home/leonid/.texlive2021/t
exmf-var/fonts/pk/ljfour/jknappen/ec/tcrm1000.600pk></usr/share/texmf/fonts/typ
e1/public/pscyr/antiq4.pfb></usr/share/texmf/fonts/type1/public/pscyr/antiq5.pf
b></usr/share/texmf/fonts/type1/public/pscyr/antiq6.pfb></usr/share/texmf/fonts
/type1/public/pscyr/antiq7.pfb></usr/share/texlive/texmf-dist/fonts/type1/publi
c/amsfonts/cm/cmex10.pfb></usr/share/texlive/texmf-dist/fonts/type1/public/amsf
onts/cmextra/cmex7.pfb></usr/share/texlive/texmf-dist/fonts/type1/public/amsfon
ts/cm/cmmi10.pfb></usr/share/texlive/texmf-dist/fonts/type1/public/amsfonts/cm/
cmmi12.pfb></usr/share/texlive/texmf-dist/fonts/type1/public/amsfonts/cm/cmmi5.
pfb></usr/share/texlive/texmf-dist/fonts/type1/public/amsfonts/cm/cmmi7.pfb></u
sr/share/texlive/texmf-dist/fonts/type1/public/amsfonts/cm/cmr10.pfb></usr/shar
e/texlive/texmf-dist/fonts/type1/public/amsfonts/cm/cmr5.pfb></usr/share/texliv
e/texmf-dist/fonts/type1/public/amsfonts/cm/cmr7.pfb></usr/share/texlive/texmf-
dist/fonts/type1/public/amsfonts/cm/cmsy10.pfb></usr/share/texlive/texmf-dist/f
onts/type1/public/amsfonts/cm/cmsy5.pfb></usr/share/texlive/texmf-dist/fonts/ty
pe1/public/amsfonts/cm/cmsy7.pfb></usr/share/texlive/texmf-dist/fonts/type1/pub
lic/amsfonts/euler/eufm10.pfb></usr/share/texlive/texmf-dist/fonts/type1/public
/amsfonts/euler/eufm7.pfb></usr/share/texlive/texmf-dist/fonts/type1/public/ams
fonts/symbols/msam10.pfb></usr/share/texlive/texmf-dist/fonts/type1/public/amsf
onts/symbols/msam7.pfb></usr/share/texlive/texmf-dist/fonts/type1/public/amsfon
ts/symbols/msbm10.pfb></usr/share/texlive/texmf-dist/fonts/type1/public/amsfont
s/symbols/msbm7.pfb></usr/share/texlive/texmf-dist/fonts/type1/public/stmaryrd/
stmary10.pfb>
Output written on pdfs/algebra-2.pdf (91 pages, 687063 bytes).
PDF statistics:
 1797 PDF objects out of 2073 (max. 8388607)
 1640 compressed objects within 17 object streams
 683 named destinations out of 1000 (max. 500000)
 989 words of extra memory for PDF output out of 10000 (max. 10000000)

