\BOOKMARK [0][-]{chapter.1}{\376\377\004\024\004\070\004\101\004\072\004\100\004\065\004\102\004\075\004\060\004\117\000\040\004\102\004\065\004\076\004\100\004\070\004\117\000\040\004\062\004\065\004\100\004\076\004\117\004\102\004\075\004\076\004\101\004\102\004\065\004\071}{}% 1
\BOOKMARK [1][-]{section.1.1}{\376\377\004\036\004\101\004\075\004\076\004\062\004\075\004\113\004\065\000\040\004\076\004\077\004\100\004\065\004\064\004\065\004\073\004\065\004\075\004\070\004\117\000\040\004\070\000\040\004\077\004\076\004\075\004\117\004\102\004\070\004\117}{chapter.1}% 2
\BOOKMARK [2][-]{subsection.1.1.1}{\376\377\004\022\004\065\004\100\004\076\004\117\004\102\004\075\004\076\004\101\004\102\004\075\004\076\004\065\000\040\004\077\004\100\004\076\004\101\004\102\004\100\004\060\004\075\004\101\004\102\004\062\004\076\000.\000\040\004\041\004\076\004\061\004\113\004\102\004\070\004\117}{section.1.1}% 3
\BOOKMARK [2][-]{subsection.1.1.2}{\376\377\004\022\004\067\004\060\004\070\004\074\004\076\004\101\004\062\004\117\004\067\004\114\000\040\004\101\004\076\004\061\004\113\004\102\004\070\004\071}{section.1.1}% 4
\BOOKMARK [1][-]{section.1.2}{\376\377\004\041\004\073\004\103\004\107\004\060\004\071\004\075\004\113\004\065\000\040\004\062\004\065\004\073\004\070\004\107\004\070\004\075\004\113}{chapter.1}% 5
\BOOKMARK [2][-]{subsection.1.2.1}{\376\377\004\041\004\105\004\065\004\074\004\060\000\040\004\021\004\065\004\100\004\075\004\103\004\073\004\073\004\070}{section.1.2}% 6
\BOOKMARK [2][-]{subsection.1.2.2}{\376\377\004\041\004\073\004\103\004\107\004\060\004\071\004\075\004\113\004\065\000\040\004\061\004\073\004\103\004\066\004\064\004\060\004\075\004\070\004\117}{section.1.2}% 7
\BOOKMARK [2][-]{subsection.1.2.3}{\376\377\004\037\004\100\004\076\000\040\004\103\004\101\004\073\004\076\004\062\004\075\004\113\004\065\000\040\004\062\004\065\004\100\004\076\004\117\004\102\004\075\004\076\004\101\004\102\004\070}{section.1.2}% 8
\BOOKMARK [1][-]{section.1.3}{\376\377\004\034\004\060\004\102\004\076\004\066\004\070\004\064\004\060\004\075\004\070\004\065\000,\000\040\004\064\004\070\004\101\004\077\004\065\004\100\004\101\004\070\004\117}{chapter.1}% 9
\BOOKMARK [2][-]{subsection.1.3.1}{\376\377\004\037\004\100\004\076\004\101\004\102\004\065\004\071\004\110\004\070\004\065\000\040\004\101\004\062\004\076\004\071\004\101\004\102\004\062\004\060\000\040\004\074\004\060\004\102\004\076\004\066\004\070\004\064\004\060\004\075\004\070\004\117}{section.1.3}% 10
\BOOKMARK [2][-]{subsection.1.3.2}{\376\377\004\035\004\065\004\100\004\060\004\062\004\065\004\075\004\101\004\102\004\062\004\060\000,\000\040\004\101\004\062\004\117\004\067\004\060\004\075\004\075\004\113\004\065\000\040\004\101\000\040\004\074\004\060\004\102\004\065\004\074\004\060\004\102\004\070\004\107\004\065\004\101\004\072\004\070\004\074\000\040\004\076\004\066\004\070\004\064\004\060\004\075\004\070\004\065\004\074}{section.1.3}% 11
\BOOKMARK [2][-]{subsection.1.3.3}{\376\377\004\034\004\065\004\064\004\070\004\060\004\075\004\060}{section.1.3}% 12
\BOOKMARK [2][-]{subsection.1.3.4}{\376\377\004\024\004\070\004\101\004\077\004\065\004\100\004\101\004\070\004\117}{section.1.3}% 13
\BOOKMARK [2][-]{subsection.1.3.5}{\376\377\004\034\004\076\004\074\004\065\004\075\004\102\004\113}{section.1.3}% 14
\BOOKMARK [1][-]{section.1.4}{\376\377\004\027\004\060\004\072\004\076\004\075\004\113\000\040\004\061\004\076\004\073\004\114\004\110\004\070\004\105\000\040\004\107\004\070\004\101\004\065\004\073\000\040\000\050\004\027\004\021\004\047\000\051}{chapter.1}% 15
\BOOKMARK [1][-]{section.1.5}{\376\377\004\037\004\100\004\076\004\070\004\067\004\062\004\076\004\064\004\117\004\111\004\070\004\065\000\040\004\104\004\103\004\075\004\072\004\106\004\070\004\070}{chapter.1}% 16
\BOOKMARK [2][-]{subsection.1.5.1}{\376\377\004\037\004\100\004\076\004\070\004\067\004\062\004\076\004\064\004\117\004\111\004\070\004\065\000\040\004\104\004\103\004\075\004\072\004\106\004\070\004\070\000\040\004\070\000\040\004\074\004\076\004\074\004\065\004\075\004\102\004\113}{section.1.5}% 17
\BOOKMARK [1][-]{section.1.6}{\376\377\004\022\004\065\004\102\004\062\004\117\004\111\004\070\004\065\004\101\004\117\000\040\004\077\004\100\004\076\004\106\004\065\004\101\004\101\004\113}{chapter.1}% 18
\BOOKMARK [2][-]{subsection.1.6.1}{\376\377\004\037\004\100\004\076\004\106\004\065\004\101\004\101\000\040\004\023\004\060\004\073\004\114\004\102\004\076\004\075\004\060\000-\004\022\004\060\004\102\004\101\004\076\004\075\004\060}{section.1.6}% 19
\BOOKMARK [2][-]{subsection.1.6.2}{\376\377\004\035\004\065\004\072\004\076\004\102\004\076\004\100\004\113\004\065\000\040\004\064\004\100\004\103\004\063\004\070\004\065\000\040\004\062\004\070\004\064\004\113\000\040\004\077\004\100\004\076\004\106\004\065\004\101\004\101\004\076\004\062}{section.1.6}% 20
\BOOKMARK [1][-]{section.1.7}{\376\377\004\037\004\100\004\065\004\064\004\065\004\073\004\114\004\075\004\113\004\065\000\040\004\102\004\065\004\076\004\100\004\065\004\074\004\113\000\040\004\034\004\103\004\060\004\062\004\100\004\060\000-\004\033\004\060\004\077\004\073\004\060\004\101\004\060}{chapter.1}% 21
\BOOKMARK [2][-]{subsection.1.7.1}{\376\377\004\033\004\076\004\072\004\060\004\073\004\114\004\075\004\060\004\117}{section.1.7}% 22
\BOOKMARK [2][-]{subsection.1.7.2}{\376\377\004\030\004\075\004\102\004\065\004\063\004\100\004\060\004\073\004\114\004\075\004\060\004\117}{section.1.7}% 23
\BOOKMARK [1][-]{section.1.8}{\376\377\004\046\004\065\004\077\004\070\000\040\004\034\004\060\004\100\004\072\004\076\004\062\004\060}{chapter.1}% 24
\BOOKMARK [2][-]{subsection.1.8.1}{\376\377\004\030\004\075\004\062\004\060\004\100\004\070\004\060\004\075\004\102\004\075\004\113\004\065\000\040\000\050\004\101\004\102\004\060\004\106\004\070\004\076\004\075\004\060\004\100\004\075\004\113\004\065\000\051\000\040\004\100\004\060\004\101\004\077\004\100\004\065\004\064\004\065\004\073\004\065\004\075\004\070\004\117}{section.1.8}% 25
\BOOKMARK [2][-]{subsection.1.8.2}{\376\377\004\032\004\073\004\060\004\101\004\101\004\070\004\104\004\070\004\072\004\060\004\106\004\070\004\117\000\040\004\101\004\076\004\101\004\102\004\076\004\117\004\075\004\070\004\071\000\040\004\062\000\040\004\106\004\065\004\077\004\117\004\105\000\040\004\034\004\060\004\100\004\072\004\076\004\062\004\060}{section.1.8}% 26
\BOOKMARK [2][-]{subsection.1.8.3}{\376\377\004\037\004\065\004\100\004\070\004\076\004\064\004\070\004\107\004\075\004\076\004\101\004\102\004\114}{section.1.8}% 27
\BOOKMARK [2][-]{subsection.1.8.4}{\376\377\004\041\004\062\004\117\004\067\004\114\000\040\004\077\004\065\004\100\004\070\004\076\004\064\004\076\004\062\000\040\004\070\000\040\004\115\004\100\004\063\004\076\004\064\004\070\004\107\004\065\004\101\004\072\004\070\004\105\000\040\004\072\004\073\004\060\004\101\004\101\004\076\004\062}{section.1.8}% 28
\BOOKMARK [2][-]{subsection.1.8.5}{\376\377\004\022\004\076\004\067\004\062\004\100\004\060\004\102\004\075\004\076\004\101\004\102\004\114}{section.1.8}% 29
\BOOKMARK [1][-]{section.1.9}{\376\377\004\041\004\073\004\103\004\107\004\060\004\071\004\075\004\076\004\065\000\040\004\061\004\073\004\103\004\066\004\064\004\060\004\075\004\070\004\065\000\040\004\062\000\040\000Z\0001}{chapter.1}% 30
\BOOKMARK [2][-]{subsection.1.9.1}{\376\377\004\040\004\060\004\101\004\077\004\100\004\065\004\064\004\065\004\073\004\065\004\075\004\070\004\065\000\040\004\074\004\060\004\072\004\101\004\070\004\074\004\103\004\074\004\060\000.\000\040\004\037\004\100\004\070\004\075\004\106\004\070\004\077\000\040\004\076\004\102\004\100\004\060\004\066\004\065\004\075\004\070\004\117}{section.1.9}% 31
\BOOKMARK [2][-]{subsection.1.9.2}{\376\377\004\022\004\100\004\065\004\074\004\117\000\040\004\077\004\100\004\065\004\061\004\113\004\062\004\060\004\075\004\070\004\117\000\040\004\075\004\060\000\040\004\077\004\076\004\073\004\103\004\076\004\101\004\070\000\040\000\050\004\067\004\060\004\072\004\076\004\075\000\040\004\060\004\100\004\072\004\101\004\070\004\075\004\103\004\101\004\060\000\051}{section.1.9}% 32
\BOOKMARK [2][-]{subsection.1.9.3}{\376\377\004\027\004\060\004\064\004\060\004\107\004\060\000\040\004\076\000\040\004\100\004\060\004\067\004\076\004\100\004\065\004\075\004\070\004\070\000\040\004\070\004\063\004\100\004\076\004\072\004\060}{section.1.9}% 33
\BOOKMARK [2][-]{subsection.1.9.4}{\376\377\004\034\004\060\004\102\004\076\004\066\004\070\004\064\004\060\004\075\004\070\004\065\000\040\004\062\004\100\004\065\004\074\004\065\004\075\004\070\000\040\004\100\004\060\004\067\004\076\004\100\004\065\004\075\004\070\004\117}{section.1.9}% 34
\BOOKMARK [1][-]{section.1.10}{\376\377\004\041\004\073\004\103\004\107\004\060\004\071\004\075\004\113\004\065\000\040\004\063\004\100\004\060\004\104\004\113}{chapter.1}% 35
\BOOKMARK [2][-]{subsection.1.10.1}{\376\377\004\023\004\100\004\060\004\104\000\040\004\055\004\100\004\064\004\121\004\110\004\060\000-\004\040\004\065\004\075\004\114\004\070}{section.1.10}% 36
\BOOKMARK [2][-]{subsection.1.10.2}{\376\377\000p\000o\000w\000e\000r\000\040\000l\000a\000w\000\040\000f\000o\000r\000\040\000d\000e\000g\000r\000e\000e\000s\000\040\000\050\004\101\004\102\004\065\004\077\004\065\004\075\004\075\004\076\004\071\000\040\004\067\004\060\004\072\004\076\004\075\000\040\004\064\004\073\004\117\000\040\004\101\004\102\004\065\004\077\004\065\004\075\004\065\004\071\000\040\000\050\004\062\004\065\004\100\004\110\004\070\004\075\000\051\000\051}{section.1.10}% 37
\BOOKMARK [2][-]{subsection.1.10.3}{\376\377\004\024\004\065\004\100\004\065\004\062\004\076\000\040\004\077\004\100\004\065\004\070\004\074\004\103\004\111\004\065\004\101\004\102\004\062\004\065\004\075\004\075\004\076\004\063\004\076\000\040\004\077\004\100\004\070\004\101\004\076\004\065\004\064\004\070\004\075\004\065\004\075\004\070\004\117}{section.1.10}% 38
\BOOKMARK [2][-]{subsection.1.10.4}{\376\377\004\040\004\060\004\101\004\077\004\100\004\065\004\064\004\065\004\073\004\065\004\075\004\070\004\065\000\040\004\101\004\102\004\065\004\077\004\065\004\075\004\065\004\071\000\040\004\062\004\065\004\100\004\110\004\070\004\075}{section.1.10}% 39
