\BOOKMARK [1][-]{section.0.1}{\376\377\004\022\004\076\004\072\004\100\004\103\004\063\000\040\004\104\004\076\004\100\004\074\004\103\004\073\004\113\000\040\004\042\004\065\004\071\004\073\004\076\004\100\004\060}{}% 1
\BOOKMARK [2][-]{subsection.0.1.1}{\376\377\004\024\004\076\004\101\004\102\004\060\004\102\004\076\004\107\004\075\004\076\004\065\000\040\004\103\004\101\004\073\004\076\004\062\004\070\004\065\000\040\004\101\004\103\004\111\004\065\004\101\004\102\004\062\004\076\004\062\004\060\004\075\004\070\004\117\000\040\004\073\004\076\004\072\004\060\004\073\004\114\004\075\004\076\004\063\004\076\000\040\004\115\004\072\004\101\004\102\004\100\004\065\004\074\004\103\004\074\004\060}{section.0.1}% 2
\BOOKMARK [2][-]{subsection.0.1.2}{\376\377\004\040\004\117\004\064\000\040\004\035\004\114\004\116\004\102\004\076\004\075\004\060}{section.0.1}% 3
\BOOKMARK [2][-]{subsection.0.1.3}{\376\377\004\044\004\076\004\100\004\074\004\103\004\073\004\060\000\040\004\042\004\065\004\071\004\073\004\076\004\100\004\060\000\040\004\101\000\040\004\076\004\101\004\102\004\060\004\102\004\072\004\076\004\074\000\040\004\062\000\040\004\070\004\075\004\102\004\065\004\063\004\100\004\060\004\073\004\114\004\075\004\076\004\071\000\040\004\104\004\076\004\100\004\074\004\065}{section.0.1}% 4
\BOOKMARK [0][-]{chapter.1}{\376\377\004\022\004\062\004\065\004\064\004\065\004\075\004\070\004\065\000\040\004\062\000\040\004\074\004\075\004\076\004\063\004\076\004\074\004\065\004\100\004\075\004\113\004\071\000\040\004\060\004\075\004\060\004\073\004\070\004\067}{}% 5
\BOOKMARK [1][-]{subsection.1.0.1}{\376\377\004\036\000\040\004\063\004\065\004\076\004\074\004\065\004\102\004\100\004\070\004\070\000\040\004\077\004\100\004\076\004\101\004\102\004\100\004\060\004\075\004\101\004\102\004\062\004\060\000\040\000R\000n}{chapter.1}% 6
\BOOKMARK [2][-]{subsection.1.0.2}{\376\377\004\036\000\040\004\101\004\072\004\060\004\073\004\117\004\100\004\075\004\113\004\105\000\040\004\104\004\103\004\075\004\072\004\106\004\070\004\117\004\105\000\040\000F\000:\000\040\000\050\000U\000R\000n\000\051\000\040\000R}{subsection.1.0.1}% 7
\BOOKMARK [2][-]{subsection.1.0.3}{\376\377\004\027\004\060\004\074\004\065\004\107\004\060\004\075\004\070\004\117\000\040\004\077\004\100\004\076\000\040\004\063\004\100\004\060\004\064\004\070\004\065\004\075\004\102}{subsection.1.0.1}% 8
\BOOKMARK [1][-]{section.1.1}{\376\377\004\042\004\065\004\076\004\100\004\065\004\074\004\060\000\040\004\076\004\061\000\040\004\076\004\061\004\100\004\060\004\102\004\075\004\076\004\071\000\040\004\104\004\103\004\075\004\072\004\106\004\070\004\070}{chapter.1}% 9
\BOOKMARK [1][-]{section.1.2}{\376\377\004\023\004\073\004\060\004\064\004\072\004\070\004\065\000\040\004\074\004\075\004\076\004\063\004\076\004\076\004\061\004\100\004\060\004\067\004\070\004\117}{chapter.1}% 10
\BOOKMARK [2][-]{subsection.1.2.1}{\376\377\004\032\004\060\004\101\004\060\004\102\004\065\004\073\004\114\004\075\004\113\004\065\000\040\004\062\004\065\004\072\004\102\004\076\004\100\004\113}{section.1.2}% 11
\BOOKMARK [2][-]{subsection.1.2.2}{\376\377\004\034\004\075\004\076\004\063\004\076\004\076\004\061\004\100\004\060\004\067\004\070\004\117\000,\000\040\004\062\004\073\004\076\004\066\004\065\004\075\004\075\004\113\004\065\000\040\004\062\000\040\000n\000-\004\074\004\065\004\100\004\075\004\076\004\065\000\040\004\065\004\062\004\072\004\073\004\070\004\064\004\076\004\062\004\076\000\040\004\077\004\100\004\076\004\101\004\102\004\100\004\060\004\075\004\101\004\102\004\062\004\076}{section.1.2}% 12
\BOOKMARK [2][-]{subsection.1.2.3}{\376\377\004\042\004\065\004\076\004\100\004\065\004\074\004\060\000\040\004\076\000\040\004\075\004\065\004\117\004\062\004\075\004\076\004\071\000\040\004\104\004\103\004\075\004\072\004\106\004\070\004\070}{section.1.2}% 13
\BOOKMARK [1][-]{section.1.3}{\376\377\004\024\004\073\004\070\004\075\004\060\000\040\004\077\004\103\004\102\004\070}{chapter.1}% 14
\BOOKMARK [2][-]{subsection.1.3.1}{\376\377\004\024\004\073\004\070\004\075\004\060\000\040\004\063\004\073\004\060\004\064\004\072\004\076\004\063\004\076\000\040\004\077\004\103\004\102\004\070}{section.1.3}% 15
\BOOKMARK [1][-]{section.1.4}{\376\377\004\025\004\101\004\102\004\065\004\101\004\102\004\062\004\065\004\075\004\075\004\060\004\117\000\040\004\077\004\060\004\100\004\060\004\074\004\065\004\102\004\100\004\070\004\067\004\060\004\106\004\070\004\117}{chapter.1}% 16
\BOOKMARK [1][-]{section.1.5}{\376\377\004\037\004\100\004\076\000\040\004\072\004\076\004\074\004\077\004\073\004\065\004\072\004\101\004\075\004\113\004\065\000\040\004\107\004\070\004\101\004\073\004\060}{chapter.1}% 17
\BOOKMARK [2][-]{subsection.1.5.1}{\376\377\004\037\004\100\004\076\004\101\004\102\004\076\004\065\000\040\004\062\004\100\004\060\004\111\004\065\004\075\004\070\004\065}{section.1.5}% 18
\BOOKMARK [2][-]{subsection.1.5.2}{\376\377\004\044\004\076\004\100\004\074\004\103\004\073\004\113\000\040\004\042\004\065\004\071\004\073\004\076\004\100\004\060\000\040\004\070\000\040\004\100\004\117\004\064\000\040\004\042\004\065\004\071\004\073\004\076\004\100\004\060\000\040\004\064\004\073\004\117\000\040\004\104\004\103\004\075\004\072\004\106\004\070\004\071\000\040\000,\000\040\000s\000i\000n\000,\000\040\000c\000o\000s}{section.1.5}% 19
\BOOKMARK [2][-]{subsection.1.5.3}{\376\377\004\036\004\061\004\100\004\060\004\102\004\075\004\113\004\065\000\040\004\102\004\100\004\070\004\063\004\076\004\075\004\076\004\074\004\065\004\102\004\100\004\070\004\107\004\065\004\101\004\072\004\070\004\065\000\040\004\104\004\103\004\075\004\072\004\106\004\070\004\070}{section.1.5}% 20
\BOOKMARK [2][-]{subsection.1.5.4}{\376\377\004\044\004\076\004\100\004\074\004\103\004\073\004\060\000\040\004\055\004\071\004\073\004\065\004\100\004\060}{section.1.5}% 21
\BOOKMARK [1][-]{section.1.6}{\376\377\004\024\004\070\004\104\004\104\004\065\004\100\004\065\004\075\004\106\004\070\004\100\004\076\004\062\004\060\004\075\004\070\004\065\000\040\004\062\004\113\004\101\004\110\004\070\004\105\000\040\004\077\004\076\004\100\004\117\004\064\004\072\004\076\004\062}{chapter.1}% 22
\BOOKMARK [1][-]{section.1.7}{\376\377\004\044\004\076\004\100\004\074\004\103\004\073\004\060\000\040\004\042\004\065\004\071\004\073\004\076\004\100\004\060\000\040\004\104\004\103\004\075\004\072\004\106\004\070\004\070\000\040\004\075\004\065\004\101\004\072\004\076\004\073\004\114\004\072\004\070\004\105\000\040\004\077\004\065\004\100\004\065\004\074\004\065\004\075\004\075\004\113\004\105}{chapter.1}% 23
\BOOKMARK [2][-]{subsection.1.7.1}{\376\377\004\035\004\065\004\067\004\060\004\062\004\070\004\101\004\070\004\074\004\076\004\101\004\102\004\114\000\040\004\107\004\060\004\101\004\102\004\075\004\113\004\105\000\040\004\077\004\100\004\076\004\070\004\067\004\062\004\076\004\064\004\075\004\113\004\105\000\040\004\076\004\102\000\040\004\077\004\076\004\100\004\117\004\064\004\072\004\060\000\040\004\064\004\070\004\104\004\104\004\065\004\100\004\065\004\075\004\106\004\070\004\100\004\076\004\062\004\060\004\075\004\070\004\117}{section.1.7}% 24
\BOOKMARK [0][-]{chapter.2}{\376\377\004\035\004\065\004\101\004\076\004\061\004\101\004\102\004\062\004\065\004\075\004\075\004\113\004\065\000\040\004\070\004\075\004\102\004\065\004\063\004\100\004\060\004\073\004\113\000\040\004\070\000\040\004\072\004\076\004\074\004\077\004\060\004\075\004\070\004\117}{}% 25
\BOOKMARK [1][-]{section.2.1}{\376\377\004\036\004\064\004\075\004\060\000\040\004\070\004\067\000\040\004\101\004\070\004\102\004\103\004\060\004\106\004\070\004\071}{chapter.2}% 26
\BOOKMARK [1][-]{section.2.2}{\376\377\004\041\004\100\004\060\004\062\004\075\004\065\004\075\004\070\004\065\000\040\004\100\004\117\004\064\004\076\004\062\000\040\004\070\000\040\004\070\004\075\004\102\004\065\004\063\004\100\004\060\004\073\004\076\004\062}{chapter.2}% 27
\BOOKMARK [2][-]{subsection.2.2.1}{\376\377\004\047\004\060\004\101\004\102\004\070\004\107\004\075\004\113\004\065\000\040\004\101\004\103\004\074\004\074\004\113\000\040\004\063\004\060\004\100\004\074\004\076\004\075\004\070\004\107\004\065\004\101\004\072\004\076\004\063\004\076\000\040\004\100\004\117\004\064\004\060\000\040\004\070\000\040\004\077\004\076\004\101\004\102\004\076\004\117\004\075\004\075\004\060\004\117\000\040\004\055\004\071\004\073\004\065\004\100\004\060\000-\004\034\004\060\004\101\004\072\004\065\004\100\004\076\004\075\004\070}{section.2.2}% 28
\BOOKMARK [2][-]{subsection.2.2.2}{\376\377\004\044\004\076\004\100\004\074\004\103\004\073\004\060\000\040\004\041\004\102\004\070\004\100\004\073\004\070\004\075\004\063\004\060}{section.2.2}% 29
\BOOKMARK [1][-]{section.2.3}{\376\377\004\041\004\103\004\074\004\074\004\070\004\100\004\103\004\065\004\074\004\113\004\065\000\040\004\101\004\065\004\074\004\065\004\071\004\101\004\102\004\062\004\060}{chapter.2}% 30
\BOOKMARK [2][-]{subsection.2.3.1}{\376\377\004\037\004\100\004\070\004\074\004\065\004\075\004\065\004\075\004\070\004\117}{section.2.3}% 31
\BOOKMARK [1][-]{section.2.4}{\376\377\004\041\004\102\004\065\004\077\004\065\004\075\004\075\004\113\004\065\000\040\004\100\004\117\004\064\004\113}{chapter.2}% 32
\BOOKMARK [2][-]{subsection.2.4.1}{\376\377\004\037\004\100\004\070\004\067\004\075\004\060\004\072\000\040\004\032\004\076\004\110\004\070\000\040\004\101\004\105\004\076\004\064\004\070\004\074\004\076\004\101\004\102\004\070\000\040\004\100\004\117\004\064\004\060}{section.2.4}% 33
\BOOKMARK [2][-]{subsection.2.4.2}{\376\377\004\020\004\075\004\060\004\073\004\070\004\102\004\070\004\107\004\065\004\101\004\072\004\070\004\065\000\040\004\104\004\103\004\075\004\072\004\106\004\070\004\070}{section.2.4}% 34
\BOOKMARK [1][-]{section.2.5}{\376\377\004\024\004\070\004\104\004\104\004\065\004\100\004\065\004\075\004\106\004\070\004\100\004\076\004\062\004\060\004\075\004\070\004\070\000\040\004\077\004\076\000\040\004\072\004\076\004\074\004\077\004\073\004\065\004\072\004\101\004\075\004\076\004\074\004\103\000\040\004\060\004\100\004\063\004\103\004\074\004\065\004\075\004\102\004\103\000.\000\040\004\023\004\076\004\073\004\076\004\074\004\076\004\100\004\104\004\075\004\113\004\065\000\040\004\104\004\103\004\075\004\072\004\106\004\070\004\070}{chapter.2}% 35
\BOOKMARK [2][-]{subsection.2.5.1}{\376\377\004\041\004\062\004\117\004\067\004\114\000\040\004\072\004\076\004\074\004\077\004\073\004\065\004\072\004\101\004\075\004\076\004\063\004\076\000\040\004\064\004\070\004\104\004\104\004\065\004\100\004\065\004\075\004\106\004\070\004\100\004\076\004\062\004\060\004\075\004\070\004\117\000\040\004\070\000\040\004\064\004\062\004\103\004\074\004\065\004\100\004\075\004\076\004\063\004\076\000\040\004\064\004\070\004\104\004\104\004\065\004\100\004\065\004\075\004\106\004\070\004\100\004\076\004\062\004\060\004\075\004\070\004\117}{section.2.5}% 36
\BOOKMARK [1][-]{section.2.6}{\376\377\004\041\004\103\004\074\004\074\004\070\004\100\004\076\004\062\004\060\004\075\004\070\004\065\000\040\004\077\004\076\004\101\004\073\004\065\004\064\004\076\004\062\004\060\004\102\004\065\004\073\004\114\004\075\004\076\004\101\004\102\004\065\004\071\000\040\004\070\000\040\004\100\004\117\004\064\004\076\004\062}{chapter.2}% 37
\BOOKMARK [2][-]{subsection.2.6.1}{\376\377\004\034\004\065\004\102\004\076\004\064\000\040\004\047\004\065\004\067\004\060\004\100\004\076}{section.2.6}% 38
\BOOKMARK [2][-]{subsection.2.6.2}{\376\377\004\034\004\060\004\102\004\100\004\070\004\107\004\075\004\113\004\065\000\040\004\074\004\065\004\102\004\076\004\064\004\113\000\040\004\101\004\103\004\074\004\074\004\070\004\100\004\076\004\062\004\060\004\075\004\070\004\117\000.\000\040\004\034\004\065\004\102\004\076\004\064\000\040\004\042\004\121\004\077\004\073\004\070\004\106\004\060}{section.2.6}% 39
\BOOKMARK [2][-]{subsection.2.6.3}{\376\377\004\034\004\065\004\102\004\076\004\064\000\040\004\020\004\061\004\065\004\073\004\117\000\040\040\024\000\040\004\037\004\103\004\060\004\101\004\101\004\076\004\075\004\060}{section.2.6}% 40
\BOOKMARK [1][-]{section.2.7}{\376\377\004\037\004\065\004\100\004\065\004\101\004\102\004\060\004\075\004\076\004\062\004\072\004\060\000\040\004\077\004\100\004\065\004\064\004\065\004\073\004\114\004\075\004\113\004\105\000\040\004\077\004\065\004\100\004\065\004\105\004\076\004\064\004\076\004\062}{chapter.2}% 41
\BOOKMARK [2][-]{subsection.2.7.1}{\376\377\004\037\004\100\004\070\004\074\004\065\004\075\004\065\004\075\004\070\004\065}{section.2.7}% 42
\BOOKMARK [0][-]{chapter.3}{\376\377\004\022\004\113\004\077\004\103\004\072\004\073\004\113\004\065\000\040\004\070\000\040\004\062\004\076\004\063\004\075\004\103\004\102\004\113\004\065\000\040\004\104\004\103\004\075\004\072\004\106\004\070\004\070}{}% 43
\BOOKMARK [1][-]{section.3.1}{\376\377\004\021\004\065\004\101\004\072\004\076\004\075\004\065\004\107\004\075\004\113\004\065\000\040\004\077\004\100\004\076\004\070\004\067\004\062\004\065\004\064\004\065\004\075\004\070\004\117}{chapter.3}% 44
\BOOKMARK [2][-]{subsection.3.1.1}{\376\377\004\036\000\040\004\101\004\105\004\076\004\064\004\117\004\111\004\070\004\105\004\101\004\117\000\040\004\077\004\100\004\076\004\070\004\067\004\062\004\065\004\064\004\065\004\075\004\070\004\117\004\105}{section.3.1}% 45
