\BOOKMARK [0][-]{chapter.1}{\376\377\004\022\004\062\004\065\004\064\004\065\004\075\004\070\004\065\000\040\004\062\000\040\004\076\004\061\004\111\004\103\004\116\000\040\004\060\004\073\004\063\004\065\004\061\004\100\004\103}{}% 1
\BOOKMARK [1][-]{section.1.1}{\376\377\004\022\004\075\004\103\004\102\004\100\004\065\004\075\004\075\004\070\004\065\000\040\004\061\004\070\004\075\004\060\004\100\004\075\004\113\004\065\000\040\004\060\004\073\004\063\004\065\004\061\004\100\004\060\004\070\004\107\004\065\004\101\004\072\004\070\004\065\000\040\004\076\004\077\004\065\004\100\004\060\004\106\004\070\004\070}{chapter.1}% 2
\BOOKMARK [2][-]{subsection.1.1.1}{\376\377\004\047\004\060\004\101\004\102\004\113\004\065\000\040\004\101\004\062\004\076\004\071\004\101\004\102\004\062\004\060\000\040\004\076\004\077\004\065\004\100\004\060\004\106\004\070\004\071}{section.1.1}% 3
\BOOKMARK [2][-]{subsection.1.1.2}{\376\377\004\037\004\100\004\070\004\074\004\065\004\100\004\113\000\040\004\062\004\075\004\103\004\102\004\100\004\065\004\075\004\075\004\070\004\105\000\040\004\061\004\070\004\075\004\060\004\100\004\075\004\113\004\105\000\040\004\060\004\073\004\063\004\065\004\061\004\100\004\060\004\070\004\107\004\065\004\101\004\072\004\070\004\105\000\040\004\076\004\077\004\065\004\100\004\060\004\106\004\070\004\071}{section.1.1}% 4
\BOOKMARK [1][-]{section.1.2}{\376\377\004\037\004\100\004\076\004\101\004\102\004\065\004\071\004\110\004\070\004\065\000\040\004\101\004\102\004\100\004\103\004\072\004\102\004\103\004\100\004\113\000.\000\040\004\034\004\076\004\075\004\076\004\070\004\064\004\113}{chapter.1}% 5
\BOOKMARK [2][-]{subsection.1.2.1}{\376\377\004\037\004\076\004\073\004\103\004\063\004\100\004\103\004\077\004\077\004\060\000\040\000\050\000s\000e\000m\000i\000-\000g\000r\000o\000u\000p\000\051}{section.1.2}% 6
\BOOKMARK [2][-]{subsection.1.2.2}{\376\377\004\034\004\076\004\075\004\076\004\070\004\064}{section.1.2}% 7
\BOOKMARK [1][-]{section.1.3}{\376\377\004\023\004\100\004\103\004\077\004\077\004\113}{chapter.1}% 8
\BOOKMARK [2][-]{subsection.1.3.1}{\376\377\004\037\004\100\004\070\004\074\004\065\004\100\004\113\000\040\004\063\004\100\004\103\004\077\004\077}{section.1.3}% 9
\BOOKMARK [2][-]{subsection.1.3.2}{\376\377\004\023\004\076\004\074\004\076\004\074\004\076\004\100\004\104\004\070\004\067\004\074\004\113}{section.1.3}% 10
\BOOKMARK [1][-]{section.1.4}{\376\377\004\024\004\070\004\101\004\102\004\100\004\070\004\061\004\103\004\102\004\070\004\062\004\075\004\076\004\101\004\102\004\114\000,\000\040\004\076\004\077\004\100\004\065\004\064\004\065\004\073\004\065\004\075\004\070\004\065\000\040\004\072\004\076\004\073\004\114\004\106\004\060\000.}{chapter.1}% 11
\BOOKMARK [2][-]{subsection.1.4.1}{\376\377\004\037\004\100\004\070\004\074\004\065\004\100\004\113\000\040\004\064\004\070\004\101\004\102\004\100\004\070\004\061\004\103\004\102\004\070\004\062\004\075\004\113\004\105\000\040\004\076\004\077\004\065\004\100\004\060\004\106\004\070\004\071}{section.1.4}% 12
\BOOKMARK [2][-]{subsection.1.4.2}{\376\377\004\032\004\076\004\073\004\114\004\106\004\076}{section.1.4}% 13
\BOOKMARK [2][-]{subsection.1.4.3}{\376\377\004\037\004\100\004\070\004\074\004\065\004\100\004\113\000\040\004\072\004\076\004\073\004\065\004\106}{section.1.4}% 14
\BOOKMARK [2][-]{subsection.1.4.4}{\376\377\004\037\004\100\004\070\004\074\004\065\004\100\004\113\000\040\004\063\004\076\004\074\004\076\004\074\004\076\004\100\004\104\004\070\004\067\004\074\004\076\004\062}{section.1.4}% 15
\BOOKMARK [2][-]{subsection.1.4.5}{\376\377\004\037\004\100\004\070\004\074\004\065\004\100\004\113\000\040\004\077\004\076\004\073\004\065\004\071}{section.1.4}% 16
\BOOKMARK [2][-]{subsection.1.4.6}{\376\377\004\034\004\060\004\102\004\100\004\070\004\106\004\113\000\040\004\032\004\115\004\073\004\070}{section.1.4}% 17
\BOOKMARK [1][-]{section.1.5}{\376\377\004\041\004\077\004\065\004\106\004\070\004\060\004\073\004\114\004\075\004\113\004\065\000\040\004\115\004\073\004\065\004\074\004\065\004\075\004\102\004\113\000\040\004\072\004\076\004\073\004\065\004\106\000.\000\040\004\036\004\061\004\073\004\060\004\101\004\102\004\114\000\040\004\106\004\065\004\073\004\076\004\101\004\102\004\075\004\076\004\101\004\102\004\070}{chapter.1}% 18
\BOOKMARK [2][-]{subsection.1.5.1}{\376\377\004\036\004\061\004\100\004\060\004\102\004\070\004\074\004\113\004\065\000\040\004\070\000\040\004\100\004\065\004\063\004\103\004\073\004\117\004\100\004\075\004\113\004\065\000\040\004\115\004\073\004\065\004\074\004\065\004\075\004\102\004\113}{section.1.5}% 19
\BOOKMARK [2][-]{subsection.1.5.2}{\376\377\004\036\004\061\004\073\004\060\004\101\004\102\004\070\000\040\004\106\004\065\004\073\004\076\004\101\004\102\004\075\004\076\004\101\004\102\004\070}{section.1.5}% 20
\BOOKMARK [2][-]{subsection.1.5.3}{\376\377\004\035\004\070\004\073\004\114\004\077\004\076\004\102\004\065\004\075\004\102\004\113\000\040\004\070\000\040\004\103\004\075\004\070\004\077\004\076\004\102\004\065\004\075\004\102\004\113}{section.1.5}% 21
\BOOKMARK [2][-]{subsection.1.5.4}{\376\377\004\030\004\064\004\065\004\074\004\077\004\076\004\102\004\065\004\075\004\102\004\113\000\040\004\070\000\040\004\070\004\075\004\062\004\076\004\073\004\116\004\106\004\070\004\070}{section.1.5}% 22
\BOOKMARK [2][-]{subsection.1.5.5}{\376\377\004\045\004\060\004\100\004\060\004\072\004\102\004\065\004\100\004\070\004\101\004\102\004\070\004\072\004\060\000\040\004\076\004\061\004\073\004\060\004\101\004\102\004\070\000\040\004\106\004\065\004\073\004\076\004\101\004\102\004\075\004\076\004\101\004\102\004\070\000.\000\040\004\055\004\075\004\064\004\076\004\074\004\076\004\100\004\104\004\070\004\067\004\074\000\040\004\044\004\100\004\076\004\061\004\065\004\075\004\070\004\103\004\101\004\060}{section.1.5}% 23
\BOOKMARK [1][-]{section.1.6}{\376\377\004\030\004\064\004\065\004\060\004\073\004\113\000\040\004\062\000\040\004\072\004\076\004\073\004\114\004\106\004\060\004\105}{chapter.1}% 24
\BOOKMARK [2][-]{subsection.1.6.1}{\376\377\004\037\004\100\004\070\004\074\004\065\004\100\004\113}{section.1.6}% 25
\BOOKMARK [2][-]{subsection.1.6.2}{\376\377\004\032\004\076\004\073\004\114\004\106\004\060\000\040\004\063\004\073\004\060\004\062\004\075\004\113\004\105\000\040\004\070\004\064\004\065\004\060\004\073\004\076\004\062}{section.1.6}% 26
\BOOKMARK [2][-]{subsection.1.6.3}{\376\377\004\037\004\100\004\076\004\101\004\102\004\113\004\065\000\040\004\070\000\040\004\074\004\060\004\072\004\101\004\070\004\074\004\060\004\073\004\114\004\075\004\113\004\065\000\040\004\070\004\064\004\065\004\060\004\073\004\113}{section.1.6}% 27
\BOOKMARK [2][-]{subsection.1.6.4}{\376\377\004\041\004\100\004\060\004\062\004\075\004\065\004\075\004\070\004\065\000\040\004\077\004\076\000\040\004\074\004\076\004\064\004\103\004\073\004\116\000\040\004\070\004\064\004\065\004\060\004\073\004\060\000.\000\040\004\044\004\060\004\072\004\102\004\076\004\100\004\072\004\076\004\073\004\114\004\106\004\076}{section.1.6}% 28
\BOOKMARK [2][-]{subsection.1.6.5}{\376\377\004\042\004\065\004\076\004\100\004\065\004\074\004\060\000\040\004\076\000\040\004\063\004\076\004\074\004\076\004\074\004\076\004\100\004\104\004\070\004\067\004\074\004\065}{section.1.6}% 29
\BOOKMARK [2][-]{subsection.1.6.6}{\376\377\004\032\004\070\004\102\004\060\004\071\004\101\004\072\004\060\004\117\000\040\004\102\004\065\004\076\004\100\004\065\004\074\004\060\000\040\004\076\004\061\000\040\004\076\004\101\004\102\004\060\004\102\004\072\004\060\004\105\000.\000\040\000C\000h\000i\000n\000e\000s\000e\000\040\000r\000e\000m\000a\000i\000n\000d\000e\000r\000\040\000t\000h\000e\000o\000r\000e\000m}{section.1.6}% 30
\BOOKMARK [1][-]{section.1.7}{\376\377\004\047\004\102\004\076\000\040\004\102\004\060\004\072\004\076\004\065\000\040\004\075\004\060\000\040\004\101\004\060\004\074\004\076\004\074\000\040\004\064\004\065\004\073\004\065\000\040\004\072\004\076\004\073\004\114\004\106\004\076\000?}{chapter.1}% 31
\BOOKMARK [2][-]{subsection.1.7.1}{\376\377\004\042\004\100\004\070\000\040\004\101\004\103\004\111\004\075\004\076\004\101\004\102\004\070\000\040\004\072\004\076\004\073\004\065\004\106}{section.1.7}% 32
\BOOKMARK [2][-]{subsection.1.7.2}{\376\377\004\032\004\076\004\073\004\114\004\106\004\060\000\040\004\076\004\077\004\065\004\100\004\060\004\102\004\076\004\100\004\076\004\062}{section.1.7}% 33
\BOOKMARK [2][-]{subsection.1.7.3}{\376\377\004\032\004\076\004\073\004\114\004\106\004\076\000\040\004\104\004\103\004\075\004\072\004\106\004\070\004\071}{section.1.7}% 34
\BOOKMARK [2][-]{subsection.1.7.4}{\376\377\004\032\004\076\004\073\004\114\004\106\004\060\000\040\004\101\004\076\000\040\004\101\004\062\004\121\004\100\004\102\004\072\004\076\004\071\000.\000\040\004\037\004\076\004\073\004\103\004\063\004\100\004\103\004\077\004\077\004\076\004\062\004\060\004\117\000\040\004\060\004\073\004\063\004\065\004\061\004\100\004\060}{section.1.7}% 35
\BOOKMARK [2][-]{subsection.1.7.5}{\376\377\004\037\004\100\004\070\004\074\004\065\004\100\004\113}{section.1.7}% 36
\BOOKMARK [2][-]{subsection.1.7.6}{\376\377\004\040\004\060\004\101\004\110\004\070\004\100\004\065\004\075\004\075\004\060\004\117\000\040\004\077\004\076\004\073\004\103\004\063\004\100\004\103\004\077\004\077\004\076\004\062\004\060\004\117\000\040\004\060\004\073\004\063\004\065\004\061\004\100\004\060}{section.1.7}% 37
\BOOKMARK [2][-]{subsection.1.7.7}{\376\377\004\034\004\075\004\076\004\063\004\076\004\107\004\073\004\065\004\075\004\113\000\040\004\070\000\040\004\062\004\101\004\065\000-\004\062\004\101\004\065\000-\004\062\004\101\004\065}{section.1.7}% 38
\BOOKMARK [1][-]{section.1.8}{\376\377\004\034\004\060\004\102\004\100\004\070\004\106\004\113}{chapter.1}% 39
\BOOKMARK [2][-]{subsection.1.8.1}{\376\377\004\034\004\060\004\102\004\100\004\070\004\106\004\113\000\040\004\070\000\040\004\070\004\105\000\040\004\107\004\060\004\101\004\102\004\070}{section.1.8}% 40
\BOOKMARK [2][-]{subsection.1.8.2}{\376\377\004\034\004\060\004\102\004\100\004\070\004\106\004\113\000\040\004\101\000\040\004\115\004\073\004\065\004\074\004\065\004\075\004\102\004\060\004\074\004\070\000\040\004\070\004\067\000\040\004\072\004\076\004\073\004\114\004\106\004\060}{section.1.8}% 41
\BOOKMARK [2][-]{subsection.1.8.3}{\376\377\004\043\004\074\004\075\004\076\004\066\004\065\004\075\004\070\004\065\000\040\004\074\004\060\004\102\004\100\004\070\004\106\000\040\004\062\000\040\004\102\004\065\004\100\004\074\004\070\004\075\004\060\004\105\000\040\004\074\004\060\004\102\004\100\004\070\004\107\004\075\004\113\004\105\000\040\004\065\004\064\004\070\004\075\004\070\004\106}{section.1.8}% 42
\BOOKMARK [0][-]{chapter.2}{\376\377\004\020\004\100\004\070\004\104\004\074\004\065\004\102\004\070\004\072\004\060\000\040\004\072\004\076\004\074\004\074\004\103\004\102\004\060\004\102\004\070\004\062\004\075\004\113\004\105\000\040\004\072\004\076\004\073\004\065\004\106}{}% 43
\BOOKMARK [1][-]{section.2.1}{\376\377\004\036\004\101\004\075\004\076\004\062\004\075\004\113\004\065\000\040\004\076\004\077\004\100\004\065\004\064\004\065\004\073\004\065\004\075\004\070\004\117\000,\000\040\004\101\004\062\004\117\004\067\004\060\004\075\004\075\004\113\004\065\000\040\004\101\000\040\004\064\004\065\004\073\004\065\004\075\004\070\004\065\004\074}{chapter.2}% 44
\BOOKMARK [2][-]{subsection.2.1.1}{\376\377\004\041\004\062\004\076\004\071\004\101\004\102\004\062\004\060}{section.2.1}% 45
\BOOKMARK [2][-]{subsection.2.1.2}{\376\377\004\035\004\065\004\077\004\100\004\070\004\062\004\076\004\064\004\070\004\074\004\113\004\065\000\040\004\070\000\040\004\077\004\100\004\076\004\101\004\102\004\113\004\065\000\040\004\115\004\073\004\065\004\074\004\065\004\075\004\102\004\113\000\040\004\072\004\076\004\073\004\114\004\106\004\060}{section.2.1}% 46
\BOOKMARK [2][-]{subsection.2.1.3}{\376\377\000g\000c\000d\000\040\000\046\000\040\000l\000c\000m\000,\000\040\004\035\004\036\004\024\000\040\004\070\000\040\004\035\004\036\004\032\000\040\004\101\004\076\004\076\004\102\004\062\004\065\004\102\004\101\004\102\004\062\004\065\004\075\004\075\004\076}{section.2.1}% 47
\BOOKMARK [2][-]{subsection.2.1.4}{\376\377\004\041\004\062\004\076\004\071\004\101\004\102\004\062\004\060\000\040\000g\000c\000d}{section.2.1}% 48
\BOOKMARK [2][-]{subsection.2.1.5}{\376\377\000g\000c\000d\000\040\004\070\000\040\000`\0003\003\001\0009\000`\0004\0002\000`\000"\003\007\0006\0001\0003\000A\000`\000`\0004\0005\000`\0004\0007\000`\000"\0006\0000\0003\000A\000l\000c\000m\000\040\004\075\004\065\004\101\004\072\004\076\004\073\004\114\004\072\004\070\004\105\000\040\004\115\004\073\004\065\004\074\004\065\004\075\004\102\004\076\004\062}{section.2.1}% 49
\BOOKMARK [1][-]{section.2.2}{\376\377\004\022\004\067\004\060\004\070\004\074\004\075\004\060\004\117\000\040\004\077\004\100\004\076\004\101\004\102\004\076\004\102\004\060\000\040\004\070\000\040\004\072\004\076\004\074\004\060\004\072\004\101\004\070\004\074\004\060\004\073\004\114\004\075\004\076\004\101\004\102\004\114}{chapter.2}% 50
\BOOKMARK [2][-]{subsection.2.2.1}{\376\377\004\041\004\062\004\076\004\071\004\101\004\102\004\062\004\060\000\040\004\062\004\067\004\060\004\070\004\074\004\075\004\076\004\071\000\040\004\077\004\100\004\076\004\101\004\102\004\076\004\102\004\113}{section.2.2}% 51
\BOOKMARK [2][-]{subsection.2.2.2}{\376\377\004\041\004\062\004\076\004\071\004\101\004\102\004\062\004\060\000\040\004\072\004\076\004\074\004\060\004\072\004\101\004\070\004\074\004\060\004\073\004\114\004\075\004\076\004\101\004\102\004\070}{section.2.2}% 52
\BOOKMARK [1][-]{section.2.3}{\376\377\004\041\004\076\004\062\004\077\004\060\004\064\004\065\004\075\004\070\004\065\000\040\004\075\004\065\004\077\004\100\004\070\004\062\004\076\004\064\004\070\004\074\004\076\004\101\004\102\004\070\000\040\004\070\000\040\004\077\004\100\004\076\004\101\004\102\004\076\004\102\004\113\000\040\004\062\000\040\004\072\004\076\004\073\004\114\004\106\004\060\004\105\000\040\004\063\004\073\004\060\004\062\004\075\004\113\004\105\000\040\004\070\004\064\004\065\004\060\004\073\004\076\004\062}{chapter.2}% 53
\BOOKMARK [1][-]{section.2.4}{\376\377\004\035\004\121\004\102\004\065\004\100\004\076\004\062\004\113\000\040\004\072\004\076\004\073\004\114\004\106\004\060\000,\000\040\004\103\004\101\004\073\004\076\004\062\004\070\004\065\000\040\004\076\004\061\004\100\004\113\004\062\004\060\000\040\004\106\004\065\004\077\004\065\004\071}{chapter.2}% 54
\BOOKMARK [2][-]{subsection.2.4.1}{\376\377\004\042\004\065\004\076\004\100\004\065\004\074\004\060\000\040\004\023\004\070\004\073\004\114\004\061\004\065\004\100\004\102\004\060\000\040\004\076\000\040\004\061\004\060\004\067\004\070\004\101\004\065}{section.2.4}% 55
\BOOKMARK [2][-]{subsection.2.4.2}{\376\377\004\020\004\100\004\102\004\070\004\075\004\076\004\062\004\113\000\040\004\072\004\076\004\073\004\114\004\106\004\060}{section.2.4}% 56
\BOOKMARK [2][-]{subsection.2.4.3}{\376\377\004\040\004\060\004\067\004\073\004\076\004\066\004\065\004\075\004\070\004\065\000\040\004\075\004\060\000\040\004\075\004\065\004\077\004\100\004\070\004\062\004\076\004\064\004\070\004\074\004\113\004\065\000\040\004\062\000\040\004\075\004\121\004\102\004\065\004\100\004\076\004\062\004\113\004\105\000\040\004\072\004\076\004\073\004\114\004\106\004\060\004\105}{section.2.4}% 57
\BOOKMARK [1][-]{section.2.5}{\376\377\004\044\004\060\004\072\004\102\004\076\004\100\004\070\004\060\004\073\004\114\004\075\004\113\004\065\000\040\004\072\004\076\004\073\004\114\004\106\004\060}{chapter.2}% 58
\BOOKMARK [2][-]{subsection.2.5.1}{\376\377\004\037\004\100\004\070\004\074\004\065\004\100\004\113\000\040\004\104\004\060\004\072\004\102\004\076\004\100\004\070\004\060\004\073\004\114\004\075\004\113\004\105\000\040\004\072\004\076\004\073\004\065\004\106}{section.2.5}% 59
\BOOKMARK [2][-]{subsection.2.5.2}{\376\377\004\037\004\100\004\070\004\074\004\065\004\100\004\113\000\040\004\075\004\065\000\040\004\104\004\060\004\072\004\102\004\076\004\100\004\070\004\060\004\073\004\114\004\075\004\113\004\105\000\040\004\072\004\076\004\073\004\065\004\106}{section.2.5}% 60
\BOOKMARK [1][-]{section.2.6}{\376\377\004\032\004\060\004\075\004\076\004\075\004\070\004\107\004\065\004\101\004\072\004\076\004\065\000\040\004\100\004\060\004\067\004\073\004\076\004\066\004\065\004\075\004\070\004\065\000\040\004\075\004\060\000\040\004\077\004\100\004\076\004\101\004\102\004\113\004\065\000.\000\040\000p\000-\004\060\004\064\004\070\004\107\004\065\004\101\004\072\004\070\004\071\000\040\004\077\004\076\004\072\004\060\004\067\004\060\004\102\004\065\004\073\004\114}{chapter.2}% 61
\BOOKMARK [1][-]{section.2.7}{\376\377\004\025\004\062\004\072\004\073\004\070\004\064\004\076\004\062\004\113\000\040\004\070\000\040\004\072\004\062\004\060\004\067\004\070\004\065\004\062\004\072\004\073\004\070\004\064\004\076\004\062\004\113\000\040\004\072\004\076\004\073\004\114\004\106\004\060\000.\000\040\004\020\004\073\004\063\004\076\004\100\004\070\004\102\004\074\000\040\004\025\004\062\004\072\004\073\004\070\004\064\004\060}{chapter.2}% 62
\BOOKMARK [2][-]{subsection.2.7.1}{\376\377\004\025\004\062\004\072\004\073\004\070\004\064\004\076\004\062\004\113\000\040\004\072\004\076\004\073\004\114\004\106\004\060}{section.2.7}% 63
\BOOKMARK [2][-]{subsection.2.7.2}{\376\377\004\032\004\062\004\060\004\067\004\070\004\065\004\062\004\072\004\073\004\070\004\064\004\076\004\062\004\113\000\040\004\072\004\076\004\073\004\114\004\106\004\060}{section.2.7}% 64
\BOOKMARK [2][-]{subsection.2.7.3}{\376\377\004\024\004\065\004\073\004\065\004\075\004\070\004\065\000\040\004\074\004\075\004\076\004\063\004\076\004\107\004\073\004\065\004\075\004\076\004\062\000\040\004\101\000\040\004\076\004\101\004\102\004\060\004\102\004\072\004\076\004\074}{section.2.7}% 65
\BOOKMARK [2][-]{subsection.2.7.4}{\376\377\004\036\004\101\004\075\004\076\004\062\004\075\004\060\004\117\000\040\004\102\004\065\004\076\004\100\004\065\004\074\004\060\000\040\004\060\004\100\004\070\004\104\004\074\004\065\004\102\004\070\004\072\004\070\000\040\004\064\004\073\004\117\000\040\004\074\004\075\004\076\004\063\004\076\004\107\004\073\004\065\004\075\004\076\004\062}{section.2.7}% 66
\BOOKMARK [0][-]{chapter.3}{\376\377\004\042\004\065\004\076\004\100\004\070\004\117\000\040\004\063\004\100\004\103\004\077\004\077}{}% 67
\BOOKMARK [1][-]{section.3.1}{\376\377\004\037\004\076\004\064\004\063\004\100\004\103\004\077\004\077\004\060\000,\000\040\004\077\004\076\004\100\004\076\004\066\004\064\004\121\004\075\004\075\004\060\004\117\000\040\004\074\004\075\004\076\004\066\004\065\004\101\004\102\004\062\004\076\004\074}{chapter.3}% 68
\BOOKMARK [2][-]{subsection.3.1.1}{\376\377\004\041\004\074\004\065\004\066\004\075\004\113\004\065\000\040\004\072\004\073\004\060\004\101\004\101\004\113\000\040\004\077\004\076\000\040\004\077\004\076\004\064\004\063\004\100\004\103\004\077\004\077\004\065}{section.3.1}% 69
\BOOKMARK [2][-]{subsection.3.1.2}{\376\377\004\041\004\074\004\065\004\066\004\075\004\113\004\065\000\040\004\072\004\073\004\060\004\101\004\101\004\113\000\040\004\077\004\076\000\040\004\077\004\076\004\064\004\063\004\100\004\103\004\077\004\077\004\065\000.\000\040\004\042\004\100\004\060\004\075\004\101\004\062\004\065\004\100\004\101\004\060\004\073\004\114}{section.3.1}% 70
\BOOKMARK [1][-]{section.3.2}{\376\377\004\030\004\075\004\064\004\065\004\072\004\101\000\040\004\077\004\076\004\064\004\063\004\100\004\103\004\077\004\077\004\113\000,\000\040\004\102\004\065\004\076\004\100\004\065\004\074\004\060\000\040\004\033\004\060\004\063\004\100\004\060\004\075\004\066\004\060\000,\000\040\004\102\004\065\004\076\004\100\004\065\004\074\004\060\000\040\004\076\004\061\000\040\004\070\004\075\004\064\004\065\004\072\004\101\004\065}{chapter.3}% 71
\BOOKMARK [1][-]{section.3.3}{\376\377\004\042\004\065\004\076\004\100\004\065\004\074\004\113\000\040\004\044\004\065\004\100\004\074\004\060\000\040\004\070\000\040\004\055\004\071\004\073\004\065\004\100\004\060}{chapter.3}% 72
\BOOKMARK [1][-]{section.3.4}{\376\377\004\035\004\076\004\100\004\074\004\060\004\073\004\114\004\075\004\113\004\065\000\040\004\077\004\076\004\064\004\063\004\100\004\103\004\077\004\077\004\113}{chapter.3}% 73
\BOOKMARK [2][-]{subsection.3.4.1}{\376\377\004\037\004\100\004\070\004\074\004\065\004\100\004\113\000\040\004\075\004\076\004\100\004\074\004\060\004\073\004\114\004\075\004\113\004\105\000\040\004\077\004\076\004\064\004\063\004\100\004\103\004\077\004\077}{section.3.4}% 74
\BOOKMARK [1][-]{section.3.5}{\376\377\004\044\004\060\004\072\004\102\004\076\004\100\004\063\004\100\004\103\004\077\004\077\004\060}{chapter.3}% 75
\BOOKMARK [2][-]{subsection.3.5.1}{\376\377\004\037\004\100\004\076\004\070\004\067\004\062\004\065\004\064\004\065\004\075\004\070\004\065\000\040\004\072\004\073\004\060\004\101\004\101\004\076\004\062}{section.3.5}% 76
\BOOKMARK [1][-]{section.3.6}{\376\377\004\042\004\065\004\076\004\100\004\065\004\074\004\060\000\040\004\076\000\040\004\063\004\076\004\074\004\076\004\074\004\076\004\100\004\104\004\070\004\067\004\074\004\065}{chapter.3}% 77
\BOOKMARK [1][-]{section.3.7}{\376\377\004\042\004\065\004\076\004\100\004\065\004\074\004\113\000\040\004\076\004\061\000\040\004\070\004\067\004\076\004\074\004\076\004\100\004\104\004\070\004\067\004\074\004\065}{chapter.3}% 78
\BOOKMARK [1][-]{section.3.8}{\376\377\004\032\004\073\004\060\004\101\004\101\004\113\000\040\004\101\004\076\004\077\004\100\004\117\004\066\004\121\004\075\004\075\004\076\004\101\004\102\004\070\000,\000\040\004\106\004\065\004\075\004\102\004\100\004\060\004\073\004\070\004\067\004\060\004\102\004\076\004\100\004\113}{chapter.3}% 79
\BOOKMARK [2][-]{subsection.3.8.1}{\376\377\004\032\004\073\004\060\004\101\004\101\004\113\000\040\004\101\004\076\004\077\004\100\004\117\004\066\004\121\004\075\004\075\004\076\004\101\004\102\004\070\000\040\000S\000n}{section.3.8}% 80
\BOOKMARK [1][-]{section.3.9}{\376\377\004\023\004\100\004\103\004\077\004\077\004\060\000\040\004\060\004\062\004\102\004\076\004\074\004\076\004\100\004\104\004\070\004\067\004\074\004\076\004\062\000\040\000G}{chapter.3}% 81
\BOOKMARK [1][-]{section.3.10}{\376\377\004\037\004\100\004\076\004\064\004\076\004\073\004\066\004\065\004\075\004\070\004\065\000\040\004\077\004\100\004\076\000\040\004\101\004\076\004\077\004\100\004\117\004\066\004\121\004\075\004\075\004\113\004\065}{chapter.3}% 82
\BOOKMARK [1][-]{section.3.11}{\376\377\004\024\004\062\004\076\004\071\004\075\004\113\004\065\000\040\004\101\004\074\004\065\004\066\004\075\004\113\004\065\000\040\004\072\004\073\004\060\004\101\004\101\004\113\000,\000\040\004\104\004\076\004\100\004\074\004\103\004\073\004\060\000\040\004\070\004\075\004\064\004\065\004\072\004\101\004\060\000\040\004\044\004\100\004\076\004\061\004\065\004\075\004\070\004\103\004\101\004\060}{chapter.3}% 83
\BOOKMARK [1][-]{section.3.12}{\376\377\004\032\004\076\004\074\004\074\004\103\004\102\004\060\004\075\004\102}{chapter.3}% 84
\BOOKMARK [0][-]{chapter.4}{\376\377\004\033\004\070\004\075\004\065\004\071\004\075\004\060\004\117\000\040\004\060\004\073\004\063\004\065\004\061\004\100\004\060}{}% 85
\BOOKMARK [1][-]{section.4.1}{\376\377\004\034\004\076\004\064\004\103\004\073\004\070\000\040\004\070\000\040\004\062\004\065\004\072\004\102\004\076\004\100\004\075\004\113\004\065\000\040\004\077\004\100\004\076\004\101\004\102\004\100\004\060\004\075\004\101\004\102\004\062\004\060}{chapter.4}% 86
\BOOKMARK [2][-]{subsection.4.1.1}{\376\377\004\041\004\062\004\076\004\061\004\076\004\064\004\075\004\113\004\065\000\040\004\074\004\076\004\064\004\103\004\073\004\070\000\040\004\072\004\076\004\075\004\065\004\107\004\075\004\076\004\063\004\076\000\040\004\100\004\060\004\075\004\063\004\060}{section.4.1}% 87
\BOOKMARK [1][-]{section.4.2}{\376\377\004\033\004\070\004\075\004\065\004\071\004\075\004\113\004\065\000\040\004\076\004\102\004\076\004\061\004\100\004\060\004\066\004\065\004\075\004\070\004\117}{chapter.4}% 88
\BOOKMARK [2][-]{subsection.4.2.1}{\376\377\004\036\004\101\004\075\004\076\004\062\004\075\004\076\004\071\000\040\004\077\004\100\004\070\004\074\004\065\004\100\000\040\004\073\004\070\004\075\004\065\004\071\004\075\004\113\004\105\000\040\004\076\004\102\004\076\004\061\004\100\004\060\004\066\004\065\004\075\004\070\004\071}{section.4.2}% 89
\BOOKMARK [1][-]{section.4.3}{\376\377\004\033\004\070\004\075\004\065\004\071\004\075\004\060\004\117\000\040\004\072\004\076\004\074\004\061\004\070\004\075\004\060\004\106\004\070\004\117\000,\000\040\004\073\004\070\004\075\004\065\004\071\004\075\004\060\004\117\000\040\004\076\004\061\004\076\004\073\004\076\004\107\004\072\004\060}{chapter.4}% 90
\BOOKMARK [1][-]{section.4.4}{\376\377\004\044\004\060\004\072\004\102\004\076\004\100\004\074\004\076\004\064\004\103\004\073\004\070\000,\000\040\004\102\004\065\004\076\004\100\004\065\004\074\004\060\000\040\004\076\000\040\004\063\004\076\004\074\004\076\004\074\004\076\004\100\004\104\004\070\004\067\004\074\004\065}{chapter.4}% 91
\BOOKMARK [2][-]{subsection.4.4.1}{\376\377\004\042\004\065\004\076\004\100\004\065\004\074\004\060\000\040\004\076\000\040\004\063\004\076\004\074\004\076\004\074\004\076\004\100\004\104\004\070\004\067\004\074\004\065}{section.4.4}% 92
\BOOKMARK [2][-]{subsection.4.4.2}{\376\377\004\041\004\103\004\074\004\074\004\060\000\040\004\070\000\040\004\077\004\065\004\100\004\065\004\101\004\065\004\107\004\065\004\075\004\070\004\065\000\040\004\077\004\076\004\064\004\074\004\076\004\064\004\103\004\073\004\065\004\071\000,\000\040\004\102\004\065\004\076\004\100\004\065\004\074\004\060\000\040\004\035\004\121\004\102\004\065\004\100\000\040\004\076\004\061\000\040\004\070\004\067\004\076\004\074\004\076\004\100\004\104\004\070\004\067\004\074\004\065}{section.4.4}% 93
\BOOKMARK [1][-]{section.4.5}{\376\377\004\033\004\070\004\075\004\065\004\071\004\075\004\060\004\117\000\040\004\067\004\060\004\062\004\070\004\101\004\070\004\074\004\076\004\101\004\102\004\114\000\040\004\070\000\040\004\075\004\065\004\067\004\060\004\062\004\070\004\101\004\070\004\074\004\076\004\101\004\102\004\114}{chapter.4}% 94
\BOOKMARK [2][-]{subsection.4.5.1}{\376\377\004\041\004\062\004\076\004\061\004\076\004\064\004\075\004\113\004\065\000\040\004\074\004\076\004\064\004\103\004\073\004\070}{section.4.5}% 95
\BOOKMARK [1][-]{section.4.6}{\376\377\004\033\004\070\004\075\004\065\004\071\004\075\004\060\004\117\000\040\004\067\004\060\004\062\004\070\004\101\004\070\004\074\004\076\004\101\004\102\004\114\000\040\004\075\004\060\004\064\000\040\004\077\004\076\004\073\004\065\004\074}{chapter.4}% 96
\BOOKMARK [1][-]{section.4.7}{\376\377\004\034\004\070\004\075\004\070\004\074\004\060\004\073\004\114\004\075\004\113\004\065\000\040\004\101\004\070\004\101\004\102\004\065\004\074\004\113\000\040\004\076\004\061\004\100\004\060\004\067\004\103\004\116\004\111\004\070\004\105\000.\000\040\004\034\004\060\004\072\004\101\004\070\004\074\004\060\004\073\004\114\004\075\004\113\004\065\000\040\004\075\004\065\004\067\004\060\004\062\004\070\004\101\004\070\004\074\004\113\004\065\000\040\004\101\004\070\004\101\004\102\004\065\004\074\004\113}{chapter.4}% 97
\BOOKMARK [1][-]{section.4.8}{\376\377\004\040\004\060\004\067\004\074\004\065\004\100\004\075\004\076\004\101\004\102\004\114\000\040\004\062\004\065\004\072\004\102\004\076\004\100\004\075\004\076\004\063\004\076\000\040\004\077\004\100\004\076\004\101\004\102\004\100\004\060\004\075\004\101\004\102\004\062\004\060}{chapter.4}% 98
\BOOKMARK [1][-]{section.4.9}{\376\377\004\036\004\102\004\075\004\076\004\101\004\070\004\102\004\065\004\073\004\114\004\075\004\113\004\065\000\040\004\061\004\060\004\067\004\070\004\101\004\113}{chapter.4}% 99
\BOOKMARK [1][-]{section.4.10}{\376\377\004\042\004\065\004\076\004\100\004\065\004\074\004\113\000\040\004\076\000\040\004\100\004\060\004\067\004\074\004\065\004\100\004\075\004\076\004\101\004\102\004\070\000\040\004\117\004\064\004\100\004\060\000,\000\040\004\076\004\061\004\100\004\060\004\067\004\060\000,\000\040\004\101\004\103\004\074\004\074\004\113\000,\000\040\004\077\004\065\004\100\004\065\004\101\004\065\004\107\004\065\004\075\004\070\004\117}{chapter.4}% 100
\BOOKMARK [1][-]{section.4.11}{\376\377\004\034\004\060\004\102\004\100\004\070\004\106\004\060\000\040\004\077\004\065\004\100\004\065\004\105\004\076\004\064\004\060\000\040\004\076\004\102\000\040\004\061\004\060\004\067\004\070\004\101\004\060\000\040\004\072\000\040\004\061\004\060\004\067\004\070\004\101\004\103}{chapter.4}% 101
\BOOKMARK [1][-]{section.4.12}{\376\377\004\037\004\100\004\065\004\076\004\061\004\100\004\060\004\067\004\076\004\062\004\060\004\075\004\070\004\117\000\040\004\072\004\076\004\076\004\100\004\064\004\070\004\075\004\060\004\102\000\040\004\062\004\065\004\072\004\102\004\076\004\100\004\060}{chapter.4}% 102
\BOOKMARK [1][-]{section.4.13}{\376\377\004\021\004\060\004\067\004\070\004\101\000\040\004\074\004\076\004\064\004\103\004\073\004\117\000\040\004\073\004\070\004\075\004\065\004\071\004\075\004\113\004\105\000\040\004\076\004\102\004\076\004\061\004\100\004\060\004\066\004\065\004\075\004\070\004\071}{chapter.4}% 103
\BOOKMARK [2][-]{subsection.4.13.1}{\376\377\004\034\004\060\004\102\004\100\004\070\004\106\004\060\000\040\004\073\004\070\004\075\004\065\004\071\004\075\004\076\004\063\004\076\000\040\004\076\004\102\004\076\004\061\004\100\004\060\004\066\004\065\004\075\004\070\004\117}{section.4.13}% 104
\BOOKMARK [1][-]{section.4.14}{\376\377\004\024\004\062\004\076\004\071\004\101\004\102\004\062\004\065\004\075\004\075\004\113\004\071\000\040\004\074\004\076\004\064\004\103\004\073\004\114\000.\000\040\004\032\004\076\004\062\004\065\004\072\004\102\004\076\004\100\004\113\000,\000\040\004\076\004\075\004\070\000\040\004\066\004\065\000\040\004\073\004\070\004\075\004\065\004\071\004\075\004\113\004\065\000\040\004\104\004\103\004\075\004\072\004\106\004\070\004\076\004\075\004\060\004\073\004\113}{chapter.4}% 105
\BOOKMARK [2][-]{subsection.4.14.1}{\376\377\004\024\004\062\004\076\004\071\004\101\004\102\004\062\004\065\004\075\004\075\004\113\004\071\000\040\004\061\004\060\004\067\004\070\004\101\000.\000\040\004\037\004\100\004\065\004\076\004\061\004\100\004\060\004\067\004\076\004\062\004\060\004\075\004\070\004\117\000\040\004\072\004\076\004\076\004\100\004\064\004\070\004\075\004\060\004\102\000\040\004\072\004\076\004\062\004\065\004\072\004\102\004\076\004\100\004\060}{section.4.14}% 106
\BOOKMARK [2][-]{subsection.4.14.2}{\376\377\004\037\004\100\004\065\004\076\004\061\004\100\004\060\004\067\004\076\004\062\004\060\004\075\004\070\004\065\000\040\004\074\004\060\004\102\004\100\004\070\004\106\004\113\000,\000\040\004\073\004\070\004\075\004\065\004\071\004\075\004\113\004\065\000\040\004\076\004\102\004\076\004\061\004\100\004\060\004\066\004\065\004\075\004\070\004\117\000.}{section.4.14}% 107
\BOOKMARK [2][-]{subsection.4.14.3}{\376\377\004\024\004\062\004\076\004\071\004\101\004\102\004\062\004\065\004\075\004\075\004\076\004\101\004\102\004\114}{section.4.14}% 108
\BOOKMARK [2][-]{subsection.4.14.4}{\376\377\004\037\004\065\004\100\004\065\004\062\004\076\004\064\000\040\004\073\004\070\004\075\004\065\004\071\004\075\004\113\004\074\000\040\004\076\004\102\004\076\004\061\004\100\004\060\004\066\004\065\004\075\004\070\004\065\004\074\000\040\004\076\004\064\004\075\004\076\004\063\004\076\000\040\004\104\004\103\004\075\004\072\004\106\004\070\004\076\004\075\004\060\004\073\004\060\000\040\004\062\000\040\004\064\004\100\004\103\004\063\004\076\004\071}{section.4.14}% 109
\BOOKMARK [1][-]{section.4.15}{\376\377\004\041\004\073\004\103\004\107\004\060\004\071\004\075\004\113\004\065\000\040\004\104\004\060\004\072\004\102\004\113\000\040\004\075\004\065\000\040\004\070\004\067\000\040\004\073\004\070\004\075\004\065\004\071\004\075\004\076\004\071\000\040\004\060\004\073\004\063\004\065\004\061\004\100\004\113}{chapter.4}% 110
\BOOKMARK [2][-]{subsection.4.15.1}{\376\377\004\042\004\065\004\076\004\100\004\065\004\074\004\060\000\040\004\023\004\060\004\073\004\103\004\060}{section.4.15}% 111
\BOOKMARK [2][-]{subsection.4.15.2}{\376\377\004\032\004\076\004\073\004\076\004\072\004\076\004\073\004\060\000\040\004\062\000\040\004\020\004\075\004\063\004\073\004\070\004\070}{section.4.15}% 112
