\BOOKMARK [0][-]{chapter.1}{\376\377\004\022\004\062\004\065\004\064\004\065\004\075\004\070\004\065\000\040\004\062\000\040\004\102\004\065\004\076\004\100\004\070\004\116\000\040\004\074\004\075\004\076\004\066\004\065\004\101\004\102\004\062}{}% 1
\BOOKMARK [1][-]{section.1.1}{\376\377\004\035\004\065\004\072\004\076\004\102\004\076\004\100\004\113\004\065\000\040\004\104\004\076\004\100\004\074\004\103\004\073\004\113}{chapter.1}% 2
\BOOKMARK [2][-]{subsection.1.1.1}{\376\377\004\044\004\076\004\100\004\074\004\103\004\073\004\113\000\040\004\064\004\065\000\040\004\034\004\076\004\100\004\063\004\060\004\075\004\060}{section.1.1}% 3
\BOOKMARK [2][-]{subsection.1.1.2}{\376\377\004\041\004\062\004\117\004\067\004\114\000\040\004\077\004\065\004\100\004\065\004\101\004\065\004\107\004\065\004\075\004\070\004\117\000\040\004\070\000\040\004\076\004\061\004\112\004\065\004\064\004\070\004\075\004\065\004\075\004\070\004\117}{section.1.1}% 4
\BOOKMARK [1][-]{section.1.2}{\376\377\004\037\004\100\004\070\004\074\004\065\004\100\004\113\000\040\004\074\004\075\004\076\004\066\004\065\004\101\004\102\004\062}{chapter.1}% 5
\BOOKMARK [2][-]{subsection.1.2.1}{\376\377\004\036\004\102\004\100\004\065\004\067\004\072\004\070}{section.1.2}% 6
\BOOKMARK [1][-]{section.1.3}{\376\377\004\036\004\102\004\076\004\061\004\100\004\060\004\066\004\065\004\075\004\070\004\117}{chapter.1}% 7
\BOOKMARK [2][-]{subsection.1.3.1}{\376\377\004\036\004\061\004\100\004\060\004\067\000\040\004\074\004\075\004\076\004\066\004\065\004\101\004\102\004\062\004\060}{section.1.3}% 8
\BOOKMARK [2][-]{subsection.1.3.2}{\376\377\004\022\004\070\004\064\004\113\000\040\004\076\004\102\004\076\004\061\004\100\004\060\004\066\004\065\004\075\004\070\004\071}{section.1.3}% 9
\BOOKMARK [2][-]{subsection.1.3.3}{\376\377\004\037\004\100\004\076\004\076\004\061\004\100\004\060\004\067}{section.1.3}% 10
\BOOKMARK [2][-]{subsection.1.3.4}{\376\377\004\044\004\103\004\075\004\072\004\106\004\070\004\070}{section.1.3}% 11
\BOOKMARK [1][-]{section.1.4}{\376\377\004\043\004\077\004\076\004\100\004\117\004\064\004\076\004\107\004\065\004\075\004\075\004\113\004\065\000\040\004\077\004\060\004\100\004\113}{chapter.1}% 12
\BOOKMARK [2][-]{subsection.1.4.1}{\376\377\004\024\004\065\004\072\004\060\004\100\004\102\004\076\004\062\004\076\000\040\004\077\004\100\004\076\004\070\004\067\004\062\004\065\004\064\004\065\004\075\004\070\004\065}{section.1.4}% 13
\BOOKMARK [1][-]{section.1.5}{\376\377\004\037\004\100\004\076\004\107\004\070\004\065\000\040\004\076\004\077\004\100\004\065\004\064\004\065\004\073\004\065\004\075\004\070\004\117}{chapter.1}% 14
\BOOKMARK [0][-]{chapter.2}{\376\377\004\022\004\065\004\111\004\065\004\101\004\102\004\062\004\065\004\075\004\075\004\113\004\065\000\040\004\107\004\070\004\101\004\073\004\060}{}% 15
\BOOKMARK [1][-]{section.2.1}{\376\377\004\020\004\072\004\101\004\070\004\076\004\074\004\113\000\040\004\062\004\065\004\111\004\065\004\101\004\102\004\062\004\065\004\075\004\075\004\113\004\105\000\040\004\107\004\070\004\101\004\065\004\073}{chapter.2}% 16
\BOOKMARK [1][-]{section.2.2}{\376\377\004\035\004\065\004\100\004\060\004\062\004\065\004\075\004\101\004\102\004\062\004\060}{chapter.2}% 17
\BOOKMARK [2][-]{subsection.2.2.1}{\376\377\004\034\004\076\004\064\004\103\004\073\004\114\000\040\004\107\004\070\004\101\004\073\004\060}{section.2.2}% 18
\BOOKMARK [2][-]{subsection.2.2.2}{\376\377\004\025\004\111\004\121\000\040\004\076\000\040\004\077\004\076\004\064\004\074\004\075\004\076\004\066\004\065\004\101\004\102\004\062\004\060\004\105\000\040\004\077\004\100\004\117\004\074\004\076\004\071}{section.2.2}% 19
\BOOKMARK [1][-]{section.2.3}{\376\377\004\025\004\111\004\121\000\040\004\102\004\100\004\070\000\040\004\060\004\072\004\101\004\070\004\076\004\074\004\113\000\040\004\062\004\065\004\111\004\065\004\101\004\102\004\062\004\065\004\075\004\075\004\113\004\105\000\040\004\107\004\070\004\101\004\065\004\073}{chapter.2}% 20
\BOOKMARK [2][-]{subsection.2.3.1}{\376\377\004\020\004\072\004\101\004\070\004\076\004\074\004\060\000\040\004\020\004\100\004\105\004\070\004\074\004\065\004\064\004\060}{section.2.3}% 21
\BOOKMARK [2][-]{subsection.2.3.2}{\376\377\004\020\004\072\004\101\004\070\004\076\004\074\004\060\000\040\004\070\004\075\004\064\004\103\004\072\004\106\004\070\004\070}{section.2.3}% 22
\BOOKMARK [2][-]{subsection.2.3.3}{\376\377\004\020\004\072\004\101\004\070\004\076\004\074\004\060\000\040\004\032\004\060\004\075\004\102\004\076\004\100\004\060\000-\004\024\004\065\004\064\004\065\004\072\004\070\004\075\004\064\004\060}{section.2.3}% 23
\BOOKMARK [0][-]{chapter.3}{\376\377\004\023\004\100\004\060\004\075\004\070\000,\000\040\004\067\004\060\004\074\004\072\004\075\004\103\004\102\004\076\004\101\004\102\004\114\000,\000\040\004\077\004\100\004\065\004\064\004\065\004\073\004\114\004\075\004\113\004\065\000\040\004\102\004\076\004\107\004\072\004\070\000,\000\040\004\077\004\100\004\065\004\064\004\065\004\073\004\113}{}% 24
\BOOKMARK [1][-]{subsection.3.0.1}{\376\377\004\035\004\065\004\061\004\076\004\073\004\114\004\110\004\060\004\117\000\040\004\101\004\065\004\100\004\070\004\117\000\040\004\076\004\077\004\100\004\065\004\064\004\065\004\073\004\065\004\075\004\070\004\071\000\040\004\070\000\040\004\102\004\065\004\076\004\100\004\065\004\074\000\040\004\070\004\067\000\040\004\102\004\076\004\077\004\076\004\073\004\076\004\063\004\070\004\070}{chapter.3}% 25
\BOOKMARK [2][-]{subsection.3.0.2}{\376\377\004\024\004\065\004\101\004\117\004\102\004\070\004\107\004\075\004\060\004\117\000\040\004\067\004\060\004\077\004\070\004\101\004\114\000\040\004\062\004\065\004\111\004\065\004\101\004\102\004\062\004\065\004\075\004\075\004\076\004\063\004\076\000\040\004\107\004\070\004\101\004\073\004\060}{subsection.3.0.1}% 26
\BOOKMARK [1][-]{section.3.1}{\376\377\004\037\004\100\004\065\004\064\004\065\004\073\004\113}{chapter.3}% 27
\BOOKMARK [2][-]{subsection.3.1.1}{\376\377\004\036\004\077\004\100\004\065\004\064\004\065\004\073\004\065\004\075\004\070\004\065\000\040\004\077\004\100\004\065\004\064\004\065\004\073\004\060}{section.3.1}% 28
\BOOKMARK [2][-]{subsection.3.1.2}{\376\377\004\037\004\100\004\070\004\074\004\065\004\100\004\113}{section.3.1}% 29
\BOOKMARK [2][-]{subsection.3.1.3}{\376\377\004\041\004\062\004\076\004\071\004\101\004\102\004\062\004\060}{section.3.1}% 30
\BOOKMARK [2][-]{subsection.3.1.4}{\376\377\004\036\004\061\004\076\004\067\004\075\004\060\004\107\004\065\004\075\004\070\004\117\000\040\004\077\004\100\004\065\004\064\004\065\004\073\004\060}{section.3.1}% 31
\BOOKMARK [2][-]{subsection.3.1.5}{\376\377\004\037\004\100\004\065\004\064\004\065\004\073\000\040\004\062\000\040\004\102\004\065\004\100\004\074\004\070\004\075\004\060\004\105\000\040\004\075\004\065\004\100\004\060\004\062\004\065\004\075\004\101\004\102\004\062}{section.3.1}% 32
\BOOKMARK [2][-]{subsection.3.1.6}{\376\377\004\020\004\100\004\070\004\104\004\074\004\065\004\102\004\070\004\107\004\065\004\101\004\072\004\070\004\065\000\040\004\064\004\065\004\071\004\101\004\102\004\062\004\070\004\117\000\040\004\101\000\040\004\077\004\100\004\065\004\064\004\065\004\073\004\060\004\074\004\070}{section.3.1}% 33
\BOOKMARK [2][-]{subsection.3.1.7}{\376\377\004\042\004\065\004\076\004\100\004\065\004\074\004\060\000\040\004\022\004\065\004\071\004\065\004\100\004\110\004\102\004\100\004\060\004\101\004\101\004\060\000\040\004\076\004\061\000\040\004\076\004\063\004\100\004\060\004\075\004\070\004\107\004\065\004\075\004\075\004\076\004\071\000\040\004\062\004\076\004\067\004\100\004\060\004\101\004\102\004\060\004\116\004\111\004\065\004\071\000\040\004\104\004\103\004\075\004\072\004\106\004\070\004\070}{section.3.1}% 34
\BOOKMARK [2][-]{subsection.3.1.8}{\376\377\004\023\004\060\004\100\004\074\004\076\004\075\004\070\004\107\004\065\004\101\004\072\004\070\004\065\000\040\004\100\004\117\004\064\004\113}{section.3.1}% 35
\BOOKMARK [2][-]{subsection.3.1.9}{\376\377\004\037\004\100\004\065\004\064\004\065\004\073\000\040\004\077\004\076\004\101\004\073\004\065\004\064\004\076\004\062\004\060\004\102\004\065\004\073\004\114\004\075\004\076\004\101\004\102\004\070}{section.3.1}% 36
\BOOKMARK [1][-]{section.3.2}{\376\377\004\040\004\117\004\064\004\113}{chapter.3}% 37
\BOOKMARK [2][-]{subsection.3.2.1}{\376\377\004\037\004\100\004\070\004\074\004\065\004\100\004\113}{section.3.2}% 38
\BOOKMARK [2][-]{subsection.3.2.2}{\376\377\004\032\004\100\004\070\004\102\004\065\004\100\004\070\004\071\000\040\004\032\004\076\004\110\004\070\000\040\004\064\004\073\004\117\000\040\004\100\004\117\004\064\004\076\004\062}{section.3.2}% 39
\BOOKMARK [2][-]{subsection.3.2.3}{\376\377\004\037\004\100\004\065\004\076\004\061\004\100\004\060\004\067\004\076\004\062\004\060\004\075\004\070\004\065\000\040\004\020\004\061\004\065\004\073\004\117}{section.3.2}% 40
\BOOKMARK [1][-]{section.3.3}{\376\377\004\022\004\065\004\100\004\105\004\075\004\070\004\065\000\040\004\070\000\040\004\075\004\070\004\066\004\075\004\070\004\065\000\040\004\077\004\100\004\065\004\064\004\065\004\073\004\113}{chapter.3}% 41
\BOOKMARK [2][-]{subsection.3.3.1}{\376\377\004\041\004\062\004\076\004\071\004\101\004\102\004\062\004\060}{section.3.3}% 42
\BOOKMARK [1][-]{section.3.4}{\376\377\004\021\004\065\004\101\004\072\004\076\004\075\004\065\004\107\004\075\004\113\004\065\000\040\004\077\004\100\004\065\004\064\004\065\004\073\004\113}{chapter.3}% 43
\BOOKMARK [1][-]{section.3.5}{\376\377\004\037\004\100\004\065\004\064\004\065\004\073\004\113\000\040\004\101\004\077\004\100\004\060\004\062\004\060\000\040\004\070\000\040\004\101\004\073\004\065\004\062\004\060}{chapter.3}% 44
\BOOKMARK [1][-]{section.3.6}{\376\377\004\032\004\073\004\060\004\101\004\101\004\070\004\104\004\070\004\072\004\060\004\106\004\070\004\117\000\040\004\100\004\060\004\067\004\100\004\113\004\062\004\076\004\062}{chapter.3}% 45
\BOOKMARK [1][-]{section.3.7}{\376\377\004\035\004\065\004\077\004\100\004\065\004\100\004\113\004\062\004\075\004\113\004\065\000\040\004\104\004\103\004\075\004\072\004\106\004\070\004\070\000\040\004\075\004\060\000\040\004\067\004\060\004\074\004\072\004\075\004\103\004\102\004\113\004\105\000\040\004\072\004\076\004\075\004\065\004\107\004\075\004\113\004\105\000\040\004\074\004\075\004\076\004\066\004\065\004\101\004\102\004\062\004\060\004\105}{chapter.3}% 46
\BOOKMARK [1][-]{section.3.8}{\376\377\004\041\004\102\004\065\004\077\004\065\004\075\004\070\000\040\004\070\000\040\004\072\004\076\004\100\004\075\004\070}{chapter.3}% 47
\BOOKMARK [2][-]{subsection.3.8.1}{\376\377\004\041\004\062\004\076\004\071\004\101\004\102\004\062\004\060}{section.3.8}% 48
\BOOKMARK [1][-]{section.3.9}{\376\377\000\050\004\020\004\101\004\070\004\074\004\077\004\102\004\076\004\102\004\070\004\107\004\065\004\101\004\072\004\076\004\065\000\051\000\040\004\101\004\100\004\060\004\062\004\075\004\065\004\075\004\070\004\065\000\040\004\104\004\103\004\075\004\072\004\106\004\070\004\071\000.\000\040\000O\000\040\004\070\000\040\000o\000\040\004\101\004\070\004\074\004\062\004\076\004\073\004\070\004\072\004\060\000.}{chapter.3}% 49
\BOOKMARK [0][-]{chapter.4}{\376\377\004\024\004\070\004\104\004\104\004\065\004\100\004\065\004\075\004\106\004\070\004\100\004\076\004\062\004\060\004\075\004\070\004\065}{}% 50
\BOOKMARK [1][-]{subsection.4.0.1}{\376\377\004\040\004\065\004\067\004\116\004\074\004\065\000\040\004\076\004\077\004\100\004\065\004\064\004\065\004\073\004\065\004\075\004\070\004\071\000\040\004\064\004\070\004\104\004\104\004\065\004\100\004\065\004\075\004\106\004\070\004\100\004\103\004\065\004\074\004\076\004\101\004\102\004\070}{chapter.4}% 51
\BOOKMARK [2][-]{subsection.4.0.2}{\376\377\004\020\004\100\004\070\004\104\004\074\004\065\004\102\004\070\004\107\004\065\004\101\004\072\004\070\004\065\000\040\004\101\004\062\004\076\004\071\004\101\004\102\004\062\004\060\000\040\004\064\004\070\004\104\004\104\004\065\004\100\004\065\004\075\004\106\004\070\004\100\004\076\004\062\004\060\004\075\004\070\004\117}{subsection.4.0.1}% 52
\BOOKMARK [2][-]{subsection.4.0.3}{\376\377\004\036\000\040\004\101\004\103\004\077\004\065\004\100\004\077\004\076\004\067\004\070\004\106\004\070\004\070\000\040\000\050\004\072\004\076\004\074\004\077\004\076\004\067\004\070\004\106\004\070\004\070\000\051}{subsection.4.0.1}% 53
\BOOKMARK [2][-]{subsection.4.0.4}{\376\377\004\037\004\100\004\076\004\070\004\067\004\062\004\076\004\064\004\075\004\060\004\117\000\040\000x\000n}{subsection.4.0.1}% 54
\BOOKMARK [2][-]{subsection.4.0.5}{\376\377\004\037\004\100\004\076\004\070\004\067\004\062\004\076\004\064\004\075\004\060\004\117\000\040\004\076\004\061\004\100\004\060\004\102\004\075\004\076\004\063\004\076\000\040\004\076\004\102\004\076\004\061\004\100\004\060\004\066\004\065\004\075\004\070\004\117}{subsection.4.0.1}% 55
\BOOKMARK [1][-]{section.4.1}{\376\377\004\041\004\074\004\113\004\101\004\073\004\113\000\040\004\077\004\100\004\076\004\070\004\067\004\062\004\076\004\064\004\075\004\076\004\071}{chapter.4}% 56
\BOOKMARK [2][-]{subsection.4.1.1}{\376\377\004\041\004\072\004\076\004\100\004\076\004\101\004\102\004\114\000\040\004\102\004\076\004\107\004\072\004\070}{section.4.1}% 57
\BOOKMARK [2][-]{subsection.4.1.2}{\376\377\004\032\004\060\004\101\004\060\004\102\004\065\004\073\004\114\004\075\004\113\004\065}{section.4.1}% 58
\BOOKMARK [1][-]{section.4.2}{\376\377\004\041\004\062\004\117\004\067\004\114\000\040\004\077\004\100\004\076\004\070\004\067\004\062\004\076\004\064\004\075\004\076\004\071\000\040\004\070\000\040\004\074\004\076\004\075\004\076\004\102\004\076\004\075\004\075\004\076\004\101\004\102\004\070}{chapter.4}% 59
\BOOKMARK [2][-]{subsection.4.2.1}{\376\377\004\033\004\076\004\072\004\060\004\073\004\114\004\075\004\113\004\065\000\040\004\074\004\060\004\072\004\101\004\070\004\074\004\103\004\074\000\040\004\070\000\040\004\074\004\070\004\075\004\070\004\074\004\103\004\074}{section.4.2}% 60
\BOOKMARK [2][-]{subsection.4.2.2}{\376\377\004\037\004\076\004\062\004\065\004\064\004\065\004\075\004\070\004\065\000\040\004\104\004\103\004\075\004\072\004\106\004\070\004\070\000\040\004\075\004\060\000\040\004\076\004\102\004\100\004\065\004\067\004\072\004\065}{section.4.2}% 61
\BOOKMARK [1][-]{section.4.3}{\376\377\004\044\004\076\004\100\004\074\004\103\004\073\004\060\000\040\004\042\004\065\004\071\004\073\004\076\004\100\004\060}{chapter.4}% 62
\BOOKMARK [2][-]{subsection.4.3.1}{\376\377\004\037\004\076\004\101\004\102\004\100\004\076\004\065\004\075\004\070\004\065\000\040\004\074\004\075\004\076\004\063\004\076\004\107\004\073\004\065\004\075\004\060\000\040\004\042\004\065\004\071\004\073\004\076\004\100\004\060}{section.4.3}% 63
\BOOKMARK [2][-]{subsection.4.3.2}{\376\377\004\044\004\076\004\100\004\074\004\103\004\073\004\060\000\040\004\021\004\070\004\075\004\076\004\074\004\060\000\040\004\035\004\114\004\116\004\102\004\076\004\075\004\060}{section.4.3}% 64
\BOOKMARK [0][-]{chapter.5}{\376\377\004\037\004\065\004\100\004\062\004\076\004\076\004\061\004\100\004\060\004\067\004\075\004\060\004\117}{}% 65
\BOOKMARK [1][-]{section.5.1}{\376\377\004\037\004\100\004\076\000\040\004\064\004\070\004\104\004\104\004\065\004\100\004\065\004\075\004\106\004\070\004\060\004\073\004\114\004\075\004\113\004\065\000\040\004\104\004\076\004\100\004\074\004\113}{chapter.5}% 66
\BOOKMARK [1][-]{section.5.2}{\376\377\004\037\004\065\004\100\004\062\004\076\004\076\004\061\004\100\004\060\004\067\004\075\004\113\004\065\000\040\004\115\004\073\004\065\004\074\004\065\004\075\004\102\004\060\004\100\004\075\004\113\004\105\000\040\004\104\004\103\004\075\004\072\004\106\004\070\004\071}{chapter.5}% 67
\BOOKMARK [1][-]{section.5.3}{\376\377\004\041\004\073\004\076\004\066\004\075\004\113\004\071\000\040\004\064\004\070\004\104\004\104\004\065\004\100\004\065\004\075\004\106\004\070\004\060\004\073}{chapter.5}% 68
\BOOKMARK [1][-]{section.5.4}{\376\377\004\030\004\075\004\102\004\065\004\063\004\100\004\070\004\100\004\076\004\062\004\060\004\075\004\070\004\065\000\040\004\077\004\076\000\040\004\107\004\060\004\101\004\102\004\117\004\074}{chapter.5}% 69
\BOOKMARK [0][-]{chapter.6}{\376\377\004\030\004\075\004\102\004\065\004\063\004\100\004\060\004\073}{}% 70
\BOOKMARK [1][-]{section.6.1}{\376\377\004\030\004\075\004\102\004\065\004\063\004\100\004\060\004\073\000\040\004\040\004\070\004\074\004\060\004\075\004\060\000-\004\024\004\060\004\100\004\061\004\103}{chapter.6}% 71
\BOOKMARK [2][-]{subsection.6.1.1}{\376\377\004\030\004\075\004\102\004\103\004\070\004\106\004\070\004\117}{section.6.1}% 72
\BOOKMARK [2][-]{subsection.6.1.2}{\376\377\004\036\004\077\004\100\004\065\004\064\004\065\004\073\004\065\004\075\004\070\004\065}{section.6.1}% 73
\BOOKMARK [1][-]{section.6.2}{\376\377\004\024\004\076\004\101\004\102\004\060\004\102\004\076\004\107\004\075\004\113\004\071\000\040\004\077\004\100\004\070\004\067\004\075\004\060\004\072\000\040\004\070\004\075\004\102\004\065\004\063\004\100\004\070\004\100\004\103\004\065\004\074\004\076\004\101\004\102\004\070}{chapter.6}% 74
\BOOKMARK [1][-]{section.6.3}{\376\377\004\041\004\062\004\076\004\071\004\101\004\102\004\062\004\060\000\040\004\070\004\075\004\102\004\065\004\063\004\100\004\060\004\073\004\060\000\040\004\077\004\076\000\040\004\040\004\070\004\074\004\060\004\075\004\103\000-\004\024\004\060\004\100\004\061\004\103}{chapter.6}% 75
\BOOKMARK [1][-]{section.6.4}{\376\377\004\032\004\100\004\070\004\102\004\065\004\100\004\070\004\071\000\040\004\070\004\075\004\102\004\065\004\063\004\100\004\070\004\100\004\103\004\065\004\074\004\076\004\101\004\102\004\070\000\040\004\077\004\076\000\040\004\040\004\070\004\074\004\060\004\075\004\103\000-\004\024\004\060\004\100\004\061\004\103}{chapter.6}% 76
\BOOKMARK [1][-]{section.6.5}{\376\377\004\041\004\062\004\117\004\067\004\114\000\040\004\074\004\065\004\066\004\064\004\103\000\040\004\070\004\075\004\102\004\065\004\063\004\100\004\060\004\073\004\076\004\074\000\040\004\070\000\040\004\077\004\065\004\100\004\062\004\076\004\076\004\061\004\100\004\060\004\067\004\075\004\076\004\071}{chapter.6}% 77
\BOOKMARK [2][-]{subsection.6.5.1}{\376\377\004\042\004\065\004\076\004\100\004\065\004\074\004\060\000\040\004\035\004\114\004\116\004\102\004\076\004\075\004\060\000-\004\033\004\065\004\071\004\061\004\075\004\070\004\106\004\060}{section.6.5}% 78
\BOOKMARK [2][-]{subsection.6.5.2}{\376\377\004\027\004\060\004\074\004\065\004\075\004\060\000\040\004\077\004\065\004\100\004\065\004\074\004\065\004\075\004\075\004\076\004\071\000\040\004\077\004\076\004\064\000\040\004\070\004\075\004\102\004\065\004\063\004\100\004\060\004\073\004\076\004\074}{section.6.5}% 79
\BOOKMARK [1][-]{section.6.6}{\376\377\004\033\004\076\004\063\004\060\004\100\004\070\004\104\004\074\000\040\004\070\000\040\004\115\004\072\004\101\004\077\004\076\004\075\004\065\004\075\004\102\004\060}{chapter.6}% 80
\BOOKMARK [2][-]{subsection.6.6.1}{\376\377\004\041\004\062\004\076\004\071\004\101\004\102\004\062\004\060}{section.6.6}% 81
\BOOKMARK [2][-]{subsection.6.6.2}{\376\377\004\036\000\040\004\063\004\065\004\076\004\074\004\065\004\102\004\100\004\070\004\070\000\040\004\077\004\100\004\076\004\101\004\102\004\100\004\060\004\075\004\101\004\102\004\062\004\060\000\040\000R\000n}{section.6.6}% 82
\BOOKMARK [2][-]{subsection.6.6.3}{\376\377\004\036\000\040\004\101\004\072\004\060\004\073\004\117\004\100\004\075\004\113\004\105\000\040\004\104\004\103\004\075\004\072\004\106\004\070\004\117\004\105\000\040\000F\000:\000\040\000\050\000U\000R\000n\000\051\000\040\000R}{section.6.6}% 83
