\BOOKMARK [0][-]{chapter.1}{\376\377\004\021\004\103\004\073\004\065\004\062\004\113\000\040\004\104\004\103\004\075\004\072\004\106\004\070\004\070}{}% 1
\BOOKMARK [1][-]{section.1.1}{\376\377\004\022\004\062\004\065\004\064\004\065\004\075\004\070\004\065\000\040\004\062\000\040\004\061\004\103\004\073\004\065\004\062\004\113\000\040\004\104\004\103\004\075\004\072\004\106\004\070\004\070}{chapter.1}% 2
\BOOKMARK [2][-]{subsection.1.1.1}{\376\377\004\037\004\100\004\070\004\074\004\065\004\100\004\113}{section.1.1}% 3
\BOOKMARK [2][-]{subsection.1.1.2}{\376\377\004\036\004\101\004\075\004\076\004\062\004\075\004\113\004\065\000\040\004\115\004\072\004\062\004\070\004\062\004\060\004\073\004\065\004\075\004\102\004\075\004\076\004\101\004\102\004\070}{section.1.1}% 4
\BOOKMARK [2][-]{subsection.1.1.3}{\376\377\004\021\004\060\004\067\004\070\004\101}{section.1.1}% 5
\BOOKMARK [1][-]{section.1.2}{\376\377\004\041\004\077\004\076\004\101\004\076\004\061\004\113\000\040\004\067\004\060\004\064\004\060\004\075\004\070\004\117\000\040\004\061\004\103\004\073\004\065\004\062\004\113\004\105\000\040\004\104\004\103\004\075\004\072\004\106\004\070\004\071}{chapter.1}% 6
\BOOKMARK [2][-]{subsection.1.2.1}{\376\377\004\042\004\060\004\061\004\073\004\070\004\106\004\060\000\040\004\070\004\101\004\102\004\070\004\075\004\075\004\076\004\101\004\102\004\070}{section.1.2}% 7
\BOOKMARK [2][-]{subsection.1.2.2}{\376\377\004\024\004\070\004\067\004\112\004\116\004\075\004\072\004\102\004\070\004\062\004\075\004\060\004\117\000\040\004\075\004\076\004\100\004\074\004\060\004\073\004\114\004\075\004\060\004\117\000\040\004\104\004\076\004\100\004\074\004\103\004\073\004\060}{section.1.2}% 8
\BOOKMARK [2][-]{subsection.1.2.3}{\376\377\004\032\004\076\004\075\004\112\004\116\004\075\004\072\004\102\004\070\004\062\004\075\004\060\004\117\000\040\004\075\004\076\004\100\004\074\004\060\004\073\004\114\004\075\004\060\004\117\000\040\004\104\004\076\004\100\004\074\004\103\004\073\004\060}{section.1.2}% 9
\BOOKMARK [2][-]{subsection.1.2.4}{\376\377\004\034\004\075\004\076\004\063\004\076\004\107\004\073\004\065\004\075\000\040\004\026\004\065\004\063\004\060\004\073\004\072\004\070\004\075\004\060}{section.1.2}% 10
\BOOKMARK [1][-]{section.1.3}{\376\377\004\027\004\060\004\074\004\072\004\075\004\103\004\102\004\113\004\065\000\040\004\072\004\073\004\060\004\101\004\101\004\113}{chapter.1}% 11
\BOOKMARK [2][-]{subsection.1.3.1}{\376\377\004\037\004\100\004\070\004\074\004\065\004\100\004\113\000\040\004\067\004\060\004\074\004\072\004\075\004\103\004\102\004\113\004\105\000\040\004\072\004\073\004\060\004\101\004\101\004\076\004\062}{section.1.3}% 12
\BOOKMARK [1][-]{section.1.4}{\376\377\004\042\004\065\004\076\004\100\004\065\004\074\004\060\000\040\004\037\004\076\004\101\004\102\004\060}{chapter.1}% 13
\BOOKMARK [0][-]{chapter.2}{\376\377\004\032\004\076\004\074\004\061\004\070\004\075\004\060\004\102\004\076\004\100\004\070\004\072\004\060\000,\000\040\004\062\004\113\004\061\004\076\004\100\004\072\004\070\000,\000\040\004\107\004\070\004\101\004\073\004\060\000\040\004\032\004\060\004\102\004\060\004\073\004\060\004\075\004\060}{}% 14
\BOOKMARK [1][-]{section.2.1}{\376\377\004\022\004\113\004\061\004\076\004\100\004\072\004\070}{chapter.2}% 15
\BOOKMARK [2][-]{subsection.2.1.1}{\376\377\004\042\004\100\004\065\004\103\004\063\004\076\004\073\004\114\004\075\004\070\004\072\000\040\004\037\004\060\004\101\004\072\004\060\004\073\004\117}{section.2.1}% 16
\BOOKMARK [2][-]{subsection.2.1.2}{\376\377\004\021\004\070\004\075\004\076\004\074\000\040\004\035\004\114\004\116\004\102\004\076\004\075\004\060}{section.2.1}% 17
\BOOKMARK [2][-]{subsection.2.1.3}{\376\377\004\036\004\106\004\065\004\075\004\072\004\070\000\040\004\075\004\060\000\040\004\104\004\060\004\072\004\102\004\076\004\100\004\070\004\060\004\073}{section.2.1}% 18
\BOOKMARK [2][-]{subsection.2.1.4}{\376\377\004\020\004\101\004\070\004\074\004\077\004\102\004\076\004\102\004\070\004\107\004\065\004\101\004\072\004\070\004\065\000\040\004\076\004\106\004\065\004\075\004\072\004\070}{section.2.1}% 19
\BOOKMARK [1][-]{section.2.2}{\376\377\004\047\004\070\004\101\004\073\004\060\000\040\004\032\004\060\004\102\004\060\004\073\004\060\004\075\004\060}{chapter.2}% 20
\BOOKMARK [2][-]{subsection.2.2.1}{\376\377\004\047\004\070\004\101\004\073\004\060\000\040\004\032\004\060\004\102\004\060\004\073\004\060\004\075\004\060\000\040\004\107\004\065\004\100\004\065\004\067\000\040\004\074\004\076\004\075\004\076\004\102\004\076\004\075\004\075\004\113\004\065\000\040\004\077\004\103\004\102\004\070}{section.2.2}% 21
\BOOKMARK [2][-]{subsection.2.2.2}{\376\377\004\024\004\100\004\103\004\063\004\070\004\065\000\040\004\072\004\076\004\074\004\061\004\070\004\075\004\060\004\102\004\076\004\100\004\075\004\113\004\065\000\040\004\076\004\061\004\112\004\065\004\072\004\102\004\113}{section.2.2}% 22
\BOOKMARK [0][-]{chapter.3}{\376\377\004\023\004\100\004\060\004\104\004\113}{}% 23
\BOOKMARK [1][-]{section.3.1}{\376\377\004\022\004\101\004\102\004\103\004\077\004\073\004\065\004\075\004\070\004\065}{chapter.3}% 24
\BOOKMARK [2][-]{subsection.3.1.1}{\376\377\004\044\004\076\004\100\004\074\004\060\004\073\004\114\004\075\004\076}{section.3.1}% 25
\BOOKMARK [2][-]{subsection.3.1.2}{\376\377\004\044\004\060\004\072\004\102\004\113}{section.3.1}% 26
\BOOKMARK [2][-]{subsection.3.1.3}{\376\377\004\037\004\103\004\102\004\070}{section.3.1}% 27
\BOOKMARK [1][-]{section.3.2}{\376\377\004\055\004\071\004\073\004\065\004\100\004\076\004\062\004\113\000\040\004\070\000\040\004\023\004\060\004\074\004\070\004\073\004\114\004\102\004\076\004\075\004\076\004\062\004\113\000\040\004\077\004\103\004\102\004\070\000\040\004\070\000\040\004\106\004\070\004\072\004\073\004\113}{chapter.3}% 28
\BOOKMARK [2][-]{subsection.3.2.1}{\376\377\004\055\004\071\004\073\004\065\004\100\004\076\004\062\000\040\004\077\004\103\004\102\004\114}{section.3.2}% 29
\BOOKMARK [2][-]{subsection.3.2.2}{\376\377\004\023\004\060\004\074\004\070\004\073\004\114\004\102\004\076\004\075\004\076\004\062\000\040\004\106\004\070\004\072\004\073}{section.3.2}% 30
\BOOKMARK [1][-]{section.3.3}{\376\377\004\024\004\065\004\100\004\065\004\062\004\114\004\117}{chapter.3}% 31
\BOOKMARK [1][-]{section.3.4}{\376\377\004\030\004\067\004\076\004\074\004\076\004\100\004\104\004\075\004\076\004\101\004\102\004\114}{chapter.3}% 32
\BOOKMARK [1][-]{section.3.5}{\376\377\004\037\004\073\004\060\004\075\004\060\004\100\004\075\004\113\004\065\000\040\004\070\000\040\004\077\004\073\004\076\004\101\004\072\004\070\004\065\000\040\004\063\004\100\004\060\004\104\004\113}{chapter.3}% 33
\BOOKMARK [2][-]{subsection.3.5.1}{\376\377\004\024\004\062\004\076\004\071\004\101\004\102\004\062\004\065\004\075\004\075\004\113\004\065\000\040\004\063\004\100\004\060\004\104\004\113}{section.3.5}% 34
\BOOKMARK [2][-]{subsection.3.5.2}{\376\377\004\042\004\065\004\076\004\100\004\065\004\074\004\060\000\040\004\076\000\040\004\105\004\103\004\064\004\076\004\066\004\065\004\101\004\102\004\062\004\065\004\075\004\075\004\076\004\071\000\040\004\063\004\060\004\073\004\065\004\100\004\065\004\065}{section.3.5}% 35
\BOOKMARK [1][-]{section.3.6}{\376\377\004\040\004\060\004\101\004\072\004\100\004\060\004\101\004\072\004\070\000\040\004\063\004\100\004\060\004\104\004\076\004\062}{chapter.3}% 36
\BOOKMARK [1][-]{section.3.7}{\376\377\004\037\004\060\004\100\004\076\004\101\004\076\004\107\004\065\004\102\004\060\004\075\004\070\004\117}{chapter.3}% 37
\BOOKMARK [2][-]{subsection.3.7.1}{\376\377\004\037\004\060\004\100\004\076\004\101\004\076\004\107\004\065\004\102\004\060\004\075\004\070\004\117\000\040\004\062\000\040\004\063\004\100\004\060\004\104\004\060\004\105\000\040\004\076\004\061\004\111\004\065\004\063\004\076\000\040\004\062\004\070\004\064\004\060}{section.3.7}% 38
\BOOKMARK [2][-]{subsection.3.7.2}{\376\377\004\043\004\101\004\102\004\076\004\071\004\107\004\070\004\062\004\076\004\065\000\040\004\077\004\060\004\100\004\076\004\101\004\076\004\107\004\065\004\102\004\060\004\075\004\070\004\065}{section.3.7}% 39
\BOOKMARK [1][-]{section.3.8}{\376\377\004\041\004\062\004\117\004\067\004\075\004\076\004\101\004\102\004\114\000\040\004\070\000\040\004\100\004\060\004\067\004\064\004\065\004\073\004\117\004\116\004\111\004\070\004\065\000\040\004\074\004\075\004\076\004\066\004\065\004\101\004\102\004\062\004\060}{chapter.3}% 40
\BOOKMARK [1][-]{section.3.9}{\376\377\004\040\004\121\004\061\004\065\004\100\004\075\004\113\004\065\000\040\004\100\004\060\004\101\004\072\004\100\004\060\004\101\004\072\004\070}{chapter.3}% 41
\BOOKMARK [2][-]{subsection.3.9.1}{\376\377\004\032\004\073\004\060\004\101\004\101\004\113\000\040\004\063\004\100\004\060\004\104\004\060\000\040\004\077\004\076\000\040\004\076\004\102\004\075\004\076\004\110\004\065\004\075\004\070\004\116\000\040\004\072\000\040\004\102\004\065\004\076\004\100\004\065\004\074\004\065\000\040\004\022\004\070\004\067\004\070\004\075\004\063\004\060}{section.3.9}% 42
\BOOKMARK [1][-]{section.3.10}{\376\377\004\042\004\065\004\076\004\100\004\070\004\117\000\040\004\040\004\060\004\074\004\101\004\065\004\117}{chapter.3}% 43
\BOOKMARK [2][-]{subsection.3.10.1}{\376\377\004\047\004\070\004\101\004\073\004\060\000\040\004\040\004\060\004\074\004\101\004\065\004\117}{section.3.10}% 44
\BOOKMARK [2][-]{subsection.3.10.2}{\376\377\004\047\004\070\004\101\004\073\004\060\000\040\004\062\004\060\004\075\000\040\004\064\004\065\004\100\000\040\004\022\004\060\004\100\004\064\004\065\004\075\004\060}{section.3.10}% 45
