\BOOKMARK [0][-]{chapter.1}{\376\377\004\021\004\060\004\067\004\060\000\040\004\102\004\076\004\077\004\076\004\073\004\076\004\063\004\070\004\070}{}% 1
\BOOKMARK [1][-]{section.1.1}{\376\377\004\034\004\065\004\102\004\100\004\070\004\107\004\065\004\101\004\072\004\070\004\065\000\040\004\077\004\100\004\076\004\101\004\102\004\100\004\060\004\075\004\101\004\102\004\062\004\060}{chapter.1}% 2
\BOOKMARK [2][-]{subsection.1.1.1}{\376\377\004\037\004\100\004\070\004\074\004\065\004\100\004\113\000\040\004\074\004\065\004\102\004\100\004\070\004\107\004\065\004\101\004\072\004\070\004\105\000\040\004\077\004\100\004\076\004\101\004\102\004\100\004\060\004\075\004\101\004\102\004\062}{section.1.1}% 3
\BOOKMARK [1][-]{section.1.2}{\376\377\004\042\004\076\004\077\004\076\004\073\004\076\004\063\004\070\004\107\004\065\004\101\004\072\004\070\004\065\000\040\004\077\004\100\004\076\004\101\004\102\004\100\004\060\004\075\004\101\004\102\004\062\004\060}{chapter.1}% 4
\BOOKMARK [2][-]{subsection.1.2.1}{\376\377\004\037\004\100\004\070\004\074\004\065\004\100\004\113\000\040\004\102\004\076\004\077\004\076\004\073\004\076\004\063\004\070\004\107\004\065\004\101\004\072\004\070\004\105\000\040\004\077\004\100\004\076\004\101\004\102\004\100\004\060\004\075\004\101\004\102\004\062}{section.1.2}% 5
\BOOKMARK [2][-]{subsection.1.2.2}{\376\377\004\037\004\100\004\070\004\074\004\065\004\100\004\113\000\040\004\067\004\060\004\074\004\072\004\075\004\103\004\102\004\113\004\105\000\040\004\074\004\075\004\076\004\066\004\065\004\101\004\102\004\062}{section.1.2}% 6
\BOOKMARK [1][-]{section.1.3}{\376\377\004\034\004\065\004\102\004\100\004\070\004\072\004\070\000\040\004\070\000\040\004\102\004\076\004\077\004\076\004\073\004\076\004\063\004\070\004\070}{chapter.1}% 7
\BOOKMARK [1][-]{section.1.4}{\376\377\004\041\004\100\004\060\004\062\004\075\004\065\004\075\004\070\004\065\000\040\004\074\004\065\004\102\004\100\004\070\004\072\000\040\004\070\000\040\004\102\004\076\004\077\004\076\004\073\004\076\004\063\004\070\004\071}{chapter.1}% 8
\BOOKMARK [1][-]{section.1.5}{\376\377\004\041\004\077\004\065\004\106\004\070\004\060\004\073\004\114\004\075\004\113\004\065\000\040\004\102\004\076\004\107\004\072\004\070\000\040\004\074\004\075\004\076\004\066\004\065\004\101\004\102\004\062\000\040\004\062\000\040\004\102\004\076\004\077\004\076\004\073\004\076\004\063\004\070\004\070}{chapter.1}% 9
\BOOKMARK [2][-]{subsection.1.5.1}{\376\377\004\022\004\075\004\103\004\102\004\100\004\065\004\075\004\075\004\076\004\101\004\102\004\114\000\040\004\074\004\075\004\076\004\066\004\065\004\101\004\102\004\062\004\060\000.\000\040\004\022\004\075\004\103\004\102\004\100\004\065\004\075\004\075\004\070\004\065\000\040\004\102\004\076\004\107\004\072\004\070}{section.1.5}% 10
\BOOKMARK [2][-]{subsection.1.5.2}{\376\377\004\027\004\060\004\074\004\113\004\072\004\060\004\075\004\070\004\065\000\040\004\074\004\075\004\076\004\066\004\065\004\101\004\102\004\062\004\060\000.\000\040\004\042\004\076\004\107\004\072\004\070\000\040\004\077\004\100\004\070\004\072\004\076\004\101\004\075\004\076\004\062\004\065\004\075\004\070\004\117}{section.1.5}% 11
\BOOKMARK [2][-]{subsection.1.5.3}{\376\377\004\023\004\100\004\060\004\075\004\070\004\106\004\060\000\040\004\074\004\075\004\076\004\066\004\065\004\101\004\102\004\062\004\060\000,\000\040\004\063\004\100\004\060\004\075\004\070\004\107\004\075\004\113\004\065\000\040\004\102\004\076\004\107\004\072\004\070}{section.1.5}% 12
\BOOKMARK [2][-]{subsection.1.5.4}{\376\377\004\037\004\100\004\065\004\064\004\065\004\073\004\114\004\075\004\113\004\065\000,\000\040\004\070\004\067\004\076\004\073\004\070\004\100\004\076\004\062\004\060\004\075\004\075\004\113\004\065\000\040\004\102\004\076\004\107\004\072\004\070}{section.1.5}% 13
\BOOKMARK [1][-]{section.1.6}{\376\377\004\021\004\060\004\067\004\060\000\040\004\102\004\076\004\077\004\076\004\073\004\076\004\063\004\070\004\070}{chapter.1}% 14
\BOOKMARK [1][-]{section.1.7}{\376\377\004\037\004\076\004\064\004\077\004\100\004\076\004\101\004\102\004\100\004\060\004\075\004\101\004\102\004\062\004\060}{chapter.1}% 15
\BOOKMARK [2][-]{subsection.1.7.1}{\376\377\004\041\004\062\004\076\004\071\004\101\004\102\004\062\004\060\000\040\004\077\004\076\004\064\004\077\004\100\004\076\004\101\004\102\004\100\004\060\004\075\004\101\004\102\004\062\004\060}{section.1.7}% 16
\BOOKMARK [1][-]{section.1.8}{\376\377\004\037\004\100\004\076\004\070\004\067\004\062\004\065\004\064\004\065\004\075\004\070\004\065\000\040\004\074\004\065\004\102\004\100\004\070\004\107\004\065\004\101\004\072\004\070\004\105\000\040\004\077\004\100\004\076\004\101\004\102\004\100\004\060\004\075\004\101\004\102\004\062}{chapter.1}% 17
\BOOKMARK [2][-]{subsection.1.8.1}{\376\377\004\042\004\070\004\105\004\076\004\075\004\076\004\062\004\101\004\072\004\060\004\117\000\040\004\102\004\076\004\077\004\076\004\073\004\076\004\063\004\070\004\117\000\040\004\077\004\100\004\117\004\074\004\076\004\063\004\076\000\040\004\077\004\100\004\076\004\070\004\067\004\062\004\065\004\064\004\065\004\075\004\070\004\117\000\040\004\061\004\065\004\101\004\072\004\076\004\075\004\065\004\107\004\075\004\076\004\063\004\076\000\040\004\107\004\070\004\101\004\073\004\060\000\040\004\077\004\100\004\076\004\101\004\102\004\100\004\060\004\075\004\101\004\102\004\062}{section.1.8}% 18
\BOOKMARK [0][-]{chapter.2}{\376\377\004\035\004\065\004\077\004\100\004\065\004\100\004\113\004\062\004\075\004\113\004\065\000\040\004\076\004\102\004\076\004\061\004\100\004\060\004\066\004\065\004\075\004\070\004\117}{}% 19
\BOOKMARK [1][-]{section.2.1}{\376\377\004\041\004\062\004\076\004\071\004\101\004\102\004\062\004\060\000\040\004\076\004\061\004\100\004\060\004\067\004\060\000\040\004\070\000\040\004\077\004\100\004\076\004\076\004\061\004\100\004\060\004\067\004\060}{chapter.2}% 20
\BOOKMARK [1][-]{section.2.2}{\376\377\004\035\004\065\004\077\004\100\004\065\004\100\004\113\004\062\004\075\004\076\004\101\004\102\004\114\000\040\004\076\004\102\004\076\004\061\004\100\004\060\004\066\004\065\004\075\004\070\004\117}{chapter.2}% 21
\BOOKMARK [1][-]{section.2.3}{\376\377\004\033\004\076\004\072\004\060\004\073\004\114\004\075\004\060\004\117\000\040\004\075\004\065\004\077\004\100\004\065\004\100\004\113\004\062\004\075\004\076\004\101\004\102\004\114}{chapter.2}% 22
\BOOKMARK [1][-]{section.2.4}{\376\377\004\023\004\076\004\074\004\065\004\076\004\074\004\076\004\100\004\104\004\070\004\067\004\074\004\113}{chapter.2}% 23
\BOOKMARK [1][-]{section.2.5}{\376\377\004\044\004\103\004\075\004\064\004\060\004\074\004\065\004\075\004\102\004\060\004\073\004\114\004\075\004\113\004\065\000\040\004\077\004\076\004\072\004\100\004\113\004\102\004\070\004\117}{chapter.2}% 24
\BOOKMARK [1][-]{section.2.6}{\376\377\004\035\004\065\004\077\004\100\004\065\004\100\004\113\004\062\004\075\004\076\004\101\004\102\004\114\000\040\004\070\000\040\004\077\004\100\004\076\004\070\004\067\004\062\004\065\004\064\004\065\004\075\004\070\004\065\000\040\004\077\004\100\004\076\004\101\004\102\004\100\004\060\004\075\004\101\004\102\004\062}{chapter.2}% 25
\BOOKMARK [1][-]{section.2.7}{\376\377\004\020\004\100\004\070\004\104\004\074\004\065\004\102\004\070\004\107\004\065\004\101\004\072\004\070\004\065\000\040\004\076\004\077\004\065\004\100\004\060\004\106\004\070\004\070\000\040\004\075\004\060\004\064\000\040\004\075\004\065\004\077\004\100\004\065\004\100\004\113\004\062\004\075\004\113\004\074\004\070\000\040\004\104\004\103\004\075\004\072\004\106\004\070\004\117\004\074\004\070}{chapter.2}% 26
\BOOKMARK [1][-]{section.2.8}{\376\377\004\042\004\076\004\077\004\076\004\073\004\076\004\063\004\070\004\107\004\065\004\101\004\072\004\070\004\065\000\040\004\101\004\062\004\076\004\071\004\101\004\102\004\062\004\060}{chapter.2}% 27
\BOOKMARK [2][-]{subsection.2.8.1}{\376\377\004\020\004\072\004\101\004\070\004\076\004\074\004\113\000\040\004\101\004\107\004\121\004\102\004\075\004\076\004\101\004\102\004\070}{section.2.8}% 28
\BOOKMARK [2][-]{subsection.2.8.2}{\376\377\004\041\004\065\004\077\004\060\004\100\004\060\004\061\004\065\004\073\004\114\004\075\004\113\004\065\000\040\004\077\004\100\004\076\004\101\004\102\004\100\004\060\004\075\004\101\004\102\004\062\004\060}{section.2.8}% 29
\BOOKMARK [2][-]{subsection.2.8.3}{\376\377\004\020\004\072\004\101\004\070\004\076\004\074\004\113\000\040\004\076\004\102\004\064\004\065\004\073\004\070\004\074\004\076\004\101\004\102\004\070}{section.2.8}% 30
\BOOKMARK [2][-]{subsection.2.8.4}{\376\377\004\041\004\062\004\117\004\067\004\075\004\076\004\101\004\102\004\114}{section.2.8}% 31
\BOOKMARK [2][-]{subsection.2.8.5}{\376\377\004\033\004\070\004\075\004\065\004\071\004\075\004\060\004\117\000\040\004\101\004\062\004\117\004\067\004\075\004\076\004\101\004\102\004\114}{section.2.8}% 32
\BOOKMARK [2][-]{subsection.2.8.6}{\376\377\004\041\004\062\004\117\004\067\004\075\004\076\004\101\004\102\004\114\000\040\004\070\000\040\004\073\004\070\004\075\004\065\004\071\004\075\004\060\004\117\000\040\004\101\004\062\004\117\004\067\004\075\004\076\004\101\004\102\004\114}{section.2.8}% 33
\BOOKMARK [2][-]{subsection.2.8.7}{\376\377\004\035\004\065\004\063\004\076\004\074\004\065\004\076\004\074\004\076\004\100\004\104\004\075\004\076\004\101\004\102\004\114}{section.2.8}% 34
\BOOKMARK [2][-]{subsection.2.8.8}{\376\377\004\032\004\076\004\074\004\077\004\060\004\072\004\102\004\075\004\113\004\065\000\040\004\077\004\100\004\076\004\101\004\102\004\100\004\060\004\075\004\101\004\102\004\062\004\060\000\040\004\070\000\040\004\074\004\075\004\076\004\066\004\065\004\101\004\102\004\062\004\060}{section.2.8}% 35
\BOOKMARK [1][-]{section.2.9}{\376\377\004\037\004\076\004\073\004\075\004\113\004\065\000\040\004\074\004\065\004\102\004\100\004\070\004\107\004\065\004\101\004\072\004\070\004\065\000\040\004\077\004\100\004\076\004\101\004\102\004\100\004\060\004\075\004\101\004\102\004\062\004\060}{chapter.2}% 36
\BOOKMARK [2][-]{subsection.2.9.1}{\376\377\004\035\004\070\004\063\004\064\004\065\000\040\004\075\004\065\000\040\004\077\004\073\004\076\004\102\004\075\004\113\004\065\000\040\004\074\004\075\004\076\004\066\004\065\004\101\004\102\004\062\004\060}{section.2.9}% 37
\BOOKMARK [1][-]{section.2.10}{\376\377\004\041\004\065\004\072\004\062\004\065\004\075\004\106\004\070\004\060\004\073\004\114\004\075\004\060\004\117\000\040\004\072\004\076\004\074\004\077\004\060\004\072\004\102\004\075\004\076\004\101\004\102\004\114}{chapter.2}% 38
\BOOKMARK [1][-]{section.2.11}{\376\377\004\022\004\077\004\076\004\073\004\075\004\065\000\040\004\076\004\063\004\100\004\060\004\075\004\070\004\107\004\065\004\075\004\075\004\113\004\065\000\040\004\074\004\065\004\102\004\100\004\070\004\107\004\065\004\101\004\072\004\070\004\065\000\040\004\077\004\100\004\076\004\101\004\102\004\100\004\060\004\075\004\101\004\102\004\062\004\060}{chapter.2}% 39
\BOOKMARK [1][-]{section.2.12}{\376\377\004\044\004\060\004\072\004\102\004\076\004\100\004\077\004\100\004\076\004\101\004\102\004\100\004\060\004\075\004\101\004\102\004\062\004\060}{chapter.2}% 40
\BOOKMARK [2][-]{subsection.2.12.1}{\376\377\004\041\004\062\004\076\004\071\004\101\004\102\004\062\004\060}{section.2.12}% 41
\BOOKMARK [2][-]{subsection.2.12.2}{\376\377\004\047\004\060\004\101\004\102\004\075\004\113\004\065\000\040\004\101\004\073\004\103\004\107\004\060\004\070\000\040\004\104\004\060\004\072\004\102\004\076\004\100\004\070\004\067\004\060\004\106\004\070\004\070}{section.2.12}% 42
\BOOKMARK [1][-]{section.2.13}{\376\377\004\034\004\075\004\076\004\063\004\076\004\076\004\061\004\100\004\060\004\067\004\070\004\117}{chapter.2}% 43
\BOOKMARK [2][-]{subsection.2.13.1}{\376\377\004\034\004\076\004\064\004\065\004\073\004\114\004\075\004\113\004\065\000\040\004\077\004\076\004\062\004\065\004\100\004\105\004\075\004\076\004\101\004\102\004\070}{section.2.13}% 44
\BOOKMARK [2][-]{subsection.2.13.2}{\376\377\004\032\004\073\004\065\004\102\004\076\004\107\004\075\004\113\004\065\000\040\004\077\004\100\004\076\004\101\004\102\004\100\004\060\004\075\004\101\004\102\004\062\004\060}{section.2.13}% 45
\BOOKMARK [0][-]{chapter.3}{\376\377\004\023\004\065\004\076\004\074\004\065\004\102\004\100\004\070\004\117}{}% 46
\BOOKMARK [1][-]{section.3.1}{\376\377\004\025\004\062\004\072\004\073\004\070\004\064\004\076\004\062\004\076\000\040\004\077\004\100\004\076\004\101\004\102\004\100\004\060\004\075\004\101\004\102\004\062\004\076}{chapter.3}% 47
\BOOKMARK [1][-]{section.3.2}{\376\377\004\036\004\100\004\102\004\076\004\063\004\076\004\075\004\060\004\073\004\114\004\075\004\113\004\065\000\040\004\062\004\065\004\072\004\102\004\076\004\100\004\113}{chapter.3}% 48
\BOOKMARK [1][-]{section.3.3}{\376\377\004\036\004\100\004\102\004\076\004\063\004\076\004\075\004\060\004\073\004\114\004\075\004\113\004\065\000\040\004\077\004\100\004\065\004\076\004\061\004\100\004\060\004\067\004\076\004\062\004\060\004\075\004\070\004\117}{chapter.3}% 49
\BOOKMARK [2][-]{subsection.3.3.1}{\376\377\004\036\004\100\004\070\004\065\004\075\004\102\004\060\004\106\004\070\004\117\000\040\004\062\004\065\004\072\004\102\004\076\004\100\004\075\004\076\004\063\004\076\000\040\004\077\004\100\004\076\004\101\004\102\004\100\004\060\004\075\004\101\004\102\004\062\004\060}{section.3.3}% 50
\BOOKMARK [2][-]{subsection.3.3.2}{\376\377\004\044\004\076\004\100\004\074\004\103\004\073\004\060\000\040\004\062\000\040\004\072\004\076\004\076\004\100\004\064\004\070\004\075\004\060\004\102\004\060\004\105}{section.3.3}% 51
\BOOKMARK [1][-]{section.3.4}{\376\377\004\034\004\060\004\102\004\100\004\070\004\106\004\113\000\040\004\023\004\100\004\060\004\074\004\060}{chapter.3}% 52
\BOOKMARK [0][-]{chapter.4}{\376\377\004\020\004\104\004\104\004\070\004\075\004\075\004\113\004\065\000\040\004\077\004\100\004\076\004\101\004\102\004\100\004\060\004\075\004\101\004\102\004\062\004\060}{}% 53
\BOOKMARK [1][-]{section.4.1}{\376\377\004\020\004\104\004\104\004\070\004\075\004\075\004\113\004\065\000\040\004\076\004\102\004\076\004\061\004\100\004\060\004\066\004\065\004\075\004\070\004\117}{chapter.4}% 54
