\BOOKMARK [0][-]{chapter.1}{\376\377\004\035\004\060\004\070\004\062\004\075\004\060\004\117\000\040\004\102\004\065\004\076\004\100\004\070\004\117\000\040\004\074\004\075\004\076\004\066\004\065\004\101\004\102\004\062}{}% 1
\BOOKMARK [1][-]{section.1.1}{\376\377\004\034\004\075\004\076\004\066\004\065\004\101\004\102\004\062\004\060\000.\000\040\004\036\004\102\004\075\004\076\004\110\004\065\004\075\004\070\004\117\000\040\004\070\000\040\004\076\004\077\004\065\004\100\004\060\004\106\004\070\004\070}{chapter.1}% 2
\BOOKMARK [2][-]{subsection.1.1.1}{\376\377\004\036\004\102\004\075\004\076\004\110\004\065\004\075\004\070\004\117}{section.1.1}% 3
\BOOKMARK [1][-]{section.1.2}{\376\377\004\034\004\076\004\111\004\075\004\076\004\101\004\102\004\114\000\040\004\074\004\075\004\076\004\066\004\065\004\101\004\102\004\062\004\060\000.\000\040\004\041\004\100\004\060\004\062\004\075\004\065\004\075\004\070\004\065\000\040\004\074\004\076\004\111\004\075\004\076\004\101\004\102\004\065\004\071}{chapter.1}% 4
\BOOKMARK [2][-]{subsection.1.2.1}{\376\377\004\041\004\062\004\076\004\071\004\101\004\102\004\062\004\060\000\040\004\076\004\102\004\075\004\076\004\110\004\065\004\075\004\070\004\117\000\040\004\100\004\060\004\062\004\075\004\076\004\074\004\076\004\111\004\075\004\076\004\101\004\102\004\070}{section.1.2}% 5
\BOOKMARK [2][-]{subsection.1.2.2}{\376\377\004\035\004\065\004\072\004\076\004\102\004\076\004\100\004\113\004\065\000\040\004\062\004\070\004\064\004\113\000\040\004\074\004\075\004\076\004\066\004\065\004\101\004\102\004\062\000\040\004\077\004\076\000\040\004\074\004\076\004\111\004\075\004\076\004\101\004\102\004\117\004\074}{section.1.2}% 6
\BOOKMARK [1][-]{section.1.3}{\376\377\004\047\004\070\004\101\004\073\004\076\004\062\004\113\004\065\000\040\004\101\004\102\004\100\004\103\004\072\004\102\004\103\004\100\004\113\000\040\004\062\000\040\004\102\004\065\004\076\004\100\004\070\004\070\000\040\004\074\004\075\004\076\004\066\004\065\004\101\004\102\004\062}{chapter.1}% 7
\BOOKMARK [2][-]{subsection.1.3.1}{\376\377\004\035\004\060\004\102\004\103\004\100\004\060\004\073\004\114\004\075\004\113\004\065\000\040\004\107\004\070\004\101\004\073\004\060}{section.1.3}% 8
\BOOKMARK [2][-]{subsection.1.3.2}{\376\377\004\046\004\065\004\073\004\113\004\065\000\040\004\107\004\070\004\101\004\073\004\060}{section.1.3}% 9
\BOOKMARK [2][-]{subsection.1.3.3}{\376\377\004\040\004\060\004\106\004\070\004\076\004\075\004\060\004\073\004\114\004\075\004\113\004\065\000\040\004\107\004\070\004\101\004\073\004\060\000\040\004\062\000\040\004\102\004\065\004\076\004\100\004\070\004\070\000\040\004\074\004\075\004\076\004\066\004\065\004\101\004\102\004\062}{section.1.3}% 10
\BOOKMARK [2][-]{subsection.1.3.4}{\376\377\004\022\004\065\004\111\004\065\004\101\004\102\004\062\004\065\004\075\004\075\004\113\004\065\000\040\004\107\004\070\004\101\004\073\004\060\000\040\004\062\000\040\004\102\004\065\004\076\004\100\004\070\004\070\000\040\004\074\004\075\004\076\004\066\004\065\004\101\004\102\004\062}{section.1.3}% 11
\BOOKMARK [2][-]{subsection.1.3.5}{\376\377\004\032\004\076\004\074\004\077\004\073\004\065\004\072\004\101\004\075\004\113\004\065\000\040\004\107\004\070\004\101\004\073\004\060}{section.1.3}% 12
\BOOKMARK [0][-]{chapter.2}{\376\377\004\020\004\072\004\101\004\070\004\076\004\074\004\060\004\102\004\070\004\072\004\060\000\040\004\046\004\065\004\100\004\074\004\065\004\073\004\076\000\040\040\024\000\040\004\044\004\100\004\065\004\075\004\072\004\065\004\073\004\117\000\040\004\101\000\040\004\060\004\072\004\101\004\070\004\076\004\074\004\076\004\071\000\040\004\062\004\113\004\061\004\076\004\100\004\060\000.}{}% 13
\BOOKMARK [1][-]{section.2.1}{\376\377\004\037\004\100\004\076\004\102\004\070\004\062\004\076\004\100\004\065\004\107\004\070\004\062\004\076\004\101\004\102\004\114\000\040\004\075\004\060\004\070\004\062\004\075\004\076\004\071\000\040\004\102\004\065\004\076\004\100\004\070\004\070\000\040\004\074\004\075\004\076\004\066\004\065\004\101\004\102\004\062}{chapter.2}% 14
\BOOKMARK [1][-]{section.2.2}{\376\377\004\020\004\072\004\101\004\070\004\076\004\074\004\113\000\040\004\046\004\065\004\100\004\074\004\065\004\073\004\076\000\040\040\024\000\040\004\044\004\100\004\065\004\075\004\072\004\065\004\073\004\117\000\040\004\101\000\040\004\060\004\072\004\101\004\070\004\076\004\074\004\076\004\071\000\040\004\062\004\113\004\061\004\076\004\100\004\060\000,\000\040\000Z\000F\000C}{chapter.2}% 15
\BOOKMARK [1][-]{section.2.3}{\376\377\004\022\004\077\004\076\004\073\004\075\004\065\000\040\004\103\004\077\004\076\004\100\004\117\004\064\004\076\004\107\004\065\004\075\004\075\004\113\004\065\000\040\004\074\004\075\004\076\004\066\004\065\004\101\004\102\004\062\004\060\000.\000\040\004\036\004\100\004\064\004\070\004\075\004\060\004\073\004\113}{chapter.2}% 16
\BOOKMARK [2][-]{subsection.2.3.1}{\376\377\004\041\004\062\004\076\004\071\004\101\004\102\004\062\004\060\000\040\004\077\004\076\004\073\004\075\004\113\004\105\000\040\004\077\004\076\004\100\004\117\004\064\004\072\004\076\004\062}{section.2.3}% 17
\BOOKMARK [2][-]{subsection.2.3.2}{\376\377\004\036\004\100\004\064\004\070\004\075\004\060\004\073\004\113}{section.2.3}% 18
\BOOKMARK [1][-]{section.2.4}{\376\377\004\055\004\072\004\062\004\070\004\062\004\060\004\073\004\065\004\075\004\102\004\075\004\113\004\065\000\040\004\104\004\076\004\100\004\074\004\103\004\073\004\070\004\100\004\076\004\062\004\072\004\070\000\040\004\060\004\072\004\101\004\070\004\076\004\074\004\113\000\040\004\062\004\113\004\061\004\076\004\100\004\060}{chapter.2}% 19
\BOOKMARK [2][-]{subsection.2.4.1}{\376\377\004\036\000\040\004\075\004\060\004\070\004\061\004\076\004\073\004\114\004\110\004\065\004\074\000\040\004\070\000\040\004\074\004\060\004\072\004\101\004\070\004\074\004\060\004\073\004\114\004\075\004\076\004\074\000\040\004\115\004\073\004\065\004\074\004\065\004\075\004\102\004\060\004\105\000\040\004\062\000\040\000\050\000X\000,\000\040\000\051}{section.2.4}% 20
\BOOKMARK [2][-]{subsection.2.4.2}{\376\377\004\044\004\076\004\100\004\074\004\103\004\073\004\070\004\100\004\076\004\062\004\072\004\070}{section.2.4}% 21
\BOOKMARK [1][-]{section.2.5}{\376\377\004\041\004\100\004\060\004\062\004\075\004\070\004\074\004\076\004\101\004\102\004\114\000\040\004\074\004\076\004\111\004\075\004\076\004\101\004\102\004\065\004\071\000,\000\040\004\110\004\072\004\060\004\073\004\060\000\040\004\072\004\060\004\100\004\064\004\070\004\075\004\060\004\073\004\076\004\062\000,\000\040\004\072\004\103\004\074\004\103\004\073\004\117\004\102\004\070\004\062\004\075\004\060\004\117\000\040\004\070\004\065\004\100\004\060\004\100\004\105\004\070\004\117}{chapter.2}% 22
\BOOKMARK [2][-]{subsection.2.5.1}{\376\377\004\050\004\072\004\060\004\073\004\060\000\040\004\061\004\065\004\101\004\072\004\076\004\075\004\065\004\107\004\075\004\113\004\105\000\040\004\072\004\060\004\100\004\064\004\070\004\075\004\060\004\073\004\076\004\062}{section.2.5}% 23
\BOOKMARK [2][-]{subsection.2.5.2}{\376\377\004\032\004\103\004\074\004\103\004\073\004\117\004\102\004\070\004\062\004\075\004\060\004\117\000\040\004\070\004\065\004\100\004\060\004\100\004\105\004\070\004\117}{section.2.5}% 24
\BOOKMARK [2][-]{subsection.2.5.3}{\376\377\004\020\004\100\004\070\004\104\004\074\004\065\004\102\004\070\004\072\004\060\000\040\004\072\004\060\004\100\004\064\004\070\004\075\004\060\004\073\004\076\004\062}{section.2.5}% 25
\BOOKMARK [2][-]{subsection.2.5.4}{\376\377\004\020\004\100\004\070\004\104\004\074\004\065\004\102\004\070\004\072\004\060\000\040\004\076\004\100\004\064\004\070\004\075\004\060\004\073\004\076\004\062}{section.2.5}% 26
